#
# There is insufficient memory for the Java Runtime Environment to continue.
# Native memory allocation (mmap) failed to map 53477376 bytes for committing reserved memory.
# Possible reasons:
#   The system is out of physical RAM or swap space
#   The process is running with CompressedOops enabled, and the Java Heap may be blocking the growth of the native heap
# Possible solutions:
#   Reduce memory load on the system
#   Increase physical memory or swap space
#   Check if swap backing store is full
#   Decrease Java heap size (-Xmx/-Xms)
#   Decrease number of Java threads
#   Decrease Java thread stack sizes (-Xss)
#   Set larger code cache with -XX:ReservedCodeCacheSize=
#   JVM is running with Unscaled Compressed Oops mode in which the Java heap is
#     placed in the first 4GB address space. The Java Heap base address is the
#     maximum limit for the native heap growth. Please use -XX:HeapBaseMinAddress
#     to set the Java Heap base and to place the Java Heap above 4GB virtual address.
# This output file may be truncated or incomplete.
#
#  Out of Memory Error (os_linux.cpp:2828), pid=8315, tid=8318
#
# JRE version: OpenJDK Runtime Environment Temurin-17.0.9+9 (17.0.9+9) (build 17.0.9+9)
# Java VM: OpenJDK 64-Bit Server VM Temurin-17.0.9+9 (17.0.9+9, mixed mode, tiered, compressed oops, compressed class ptrs, parallel gc, linux-amd64)
# Core dump will be written. Default location: Core dumps may be processed with "/usr/share/apport/apport %p %s %c %d %P %E" (or dumping to /home/dcl/Desktop/DSA/core.8315)
#

---------------  S U M M A R Y ------------

Command Line: --add-modules=ALL-SYSTEM --add-opens=java.base/java.util=ALL-UNNAMED --add-opens=java.base/java.lang=ALL-UNNAMED --add-opens=java.base/sun.nio.fs=ALL-UNNAMED -Declipse.application=org.eclipse.jdt.ls.core.id1 -Dosgi.bundles.defaultStartLevel=4 -Declipse.product=org.eclipse.jdt.ls.core.product -Djava.import.generatesMetadataFilesAtProjectRoot=false -DDetectVMInstallationsJob.disabled=true -Dfile.encoding=utf8 -XX:+UseParallelGC -XX:GCTimeRatio=4 -XX:AdaptiveSizePolicyWeight=90 -Dsun.zip.disableMemoryMapping=true -Xmx1G -Xms100m -Xlog:disable -javaagent:/home/dcl/.vscode-server/extensions/redhat.java-1.25.1-linux-x64/lombok/lombok-1.18.30.jar -XX:+HeapDumpOnOutOfMemoryError -XX:HeapDumpPath=/home/dcl/.vscode-server/data/User/workspaceStorage/593f31e793a9bcbb0e0576dec4405280/redhat.java -Daether.dependencyCollector.impl=bf /home/dcl/.vscode-server/extensions/redhat.java-1.25.1-linux-x64/server/plugins/org.eclipse.equinox.launcher_1.6.600.v20231106-1826.jar -configuration /home/dcl/.vscode-server/data/User/globalStorage/redhat.java/1.25.1/config_linux -data /home/dcl/.vscode-server/data/User/workspaceStorage/593f31e793a9bcbb0e0576dec4405280/redhat.java/jdt_ws --stdio

Host: Intel(R) Core(TM) i5-8259U CPU @ 2.30GHz, 2 cores, 984M, Ubuntu 18.04.5 LTS
Time: Mon Dec 18 15:11:51 2023 CET elapsed time: 88.490242 seconds (0d 0h 1m 28s)

---------------  T H R E A D  ---------------

Current thread (0x00007f66380699e0):  VMThread "VM Thread" [stack: 0x00007f6624f74000,0x00007f6625074000] [id=8318]

Stack: [0x00007f6624f74000,0x00007f6625074000],  sp=0x00007f66250720d0,  free space=1016k
Native frames: (J=compiled Java code, j=interpreted, Vv=VM code, C=native code)
V  [libjvm.so+0xedfde1]  VMError::report_and_die(int, char const*, char const*, __va_list_tag*, Thread*, unsigned char*, void*, void*, char const*, int, unsigned long)+0x1a1
V  [libjvm.so+0xee09ad]  VMError::report_and_die(Thread*, char const*, int, unsigned long, VMErrorType, char const*, __va_list_tag*)+0x2d
V  [libjvm.so+0x60ac3c]  report_vm_out_of_memory(char const*, int, unsigned long, VMErrorType, char const*, ...)+0xdc
V  [libjvm.so+0xc214e9]  os::pd_commit_memory(char*, unsigned long, unsigned long, bool)+0xd9
V  [libjvm.so+0xc1aacf]  os::commit_memory(char*, unsigned long, unsigned long, bool)+0x1f
V  [libjvm.so+0xc9e3bb]  PSVirtualSpace::expand_by(unsigned long)+0x4b
V  [libjvm.so+0xc8ca9c]  PSOldGen::expand_by(unsigned long)+0x1c
V  [libjvm.so+0xc8cbf6]  PSOldGen::expand(unsigned long)+0x76
V  [libjvm.so+0xc8d04d]  PSOldGen::resize(unsigned long)+0x13d
V  [libjvm.so+0xc9368e]  PSParallelCompact::invoke_no_policy(bool) [clone .part.0]+0x6de
V  [libjvm.so+0xc9c13f]  PSScavenge::invoke()+0x13f
V  [libjvm.so+0xc41d1a]  ParallelScavengeHeap::failed_mem_allocate(unsigned long)+0x2a
V  [libjvm.so+0xc9e1db]  VM_ParallelGCFailedAllocation::doit()+0x4b
V  [libjvm.so+0xee52ec]  VM_Operation::evaluate()+0xec
V  [libjvm.so+0xee6ca3]  VMThread::evaluate_operation(VM_Operation*)+0x103
V  [libjvm.so+0xee7204]  VMThread::inner_execute(VM_Operation*)+0x1d4
V  [libjvm.so+0xee74ef]  VMThread::run()+0xbf
V  [libjvm.so+0xe629b0]  Thread::call_run()+0xc0
V  [libjvm.so+0xc23e91]  thread_native_entry(Thread*)+0xe1

VM_Operation (0x00007f66192e0710): ParallelGCFailedAllocation, mode: safepoint, requested by thread 0x00007f65f05b2b30


---------------  P R O C E S S  ---------------

Threads class SMR info:
_java_thread_list=0x0000556ca0f15e50, length=31, elements={
0x00007f6638029ad0, 0x00007f6638121100, 0x00007f6638122680, 0x00007f663814a9a0,
0x00007f663814e290, 0x00007f663814f230, 0x00007f6638150890, 0x00007f6638151d50,
0x00007f66381531a0, 0x00007f66381e8b50, 0x00007f66383132b0, 0x00007f6638469a40,
0x00007f66384cd920, 0x00007f66384d05e0, 0x00007f65f0440cc0, 0x00007f65f049c2d0,
0x00007f65f02b63b0, 0x00007f65f02f5d30, 0x00007f65f0300e90, 0x00007f6608001250,
0x00007f65f05b2b30, 0x00007f6610002150, 0x00007f663851d880, 0x00007f6638594890,
0x00007f6638595b10, 0x00007f6608040e20, 0x00007f6610256510, 0x0000556ca0efa950,
0x00007f660c030400, 0x00007f6608047660, 0x0000556ca0f14a50
}

Java Threads: ( => current thread )
  0x00007f6638029ad0 JavaThread "main" [_thread_blocked, id=8316, stack(0x00007f663e908000,0x00007f663ea09000)]
  0x00007f6638121100 JavaThread "Reference Handler" daemon [_thread_blocked, id=8319, stack(0x00007f6624e72000,0x00007f6624f73000)]
  0x00007f6638122680 JavaThread "Finalizer" daemon [_thread_blocked, id=8320, stack(0x00007f6624d71000,0x00007f6624e72000)]
  0x00007f663814a9a0 JavaThread "Signal Dispatcher" daemon [_thread_blocked, id=8321, stack(0x00007f6624940000,0x00007f6624a41000)]
  0x00007f663814e290 JavaThread "Service Thread" daemon [_thread_blocked, id=8322, stack(0x00007f662483f000,0x00007f6624940000)]
  0x00007f663814f230 JavaThread "Monitor Deflation Thread" daemon [_thread_blocked, id=8323, stack(0x00007f662473e000,0x00007f662483f000)]
  0x00007f6638150890 JavaThread "C2 CompilerThread0" daemon [_thread_blocked, id=8324, stack(0x00007f662463d000,0x00007f662473e000)]
  0x00007f6638151d50 JavaThread "C1 CompilerThread0" daemon [_thread_blocked, id=8325, stack(0x00007f662453c000,0x00007f662463d000)]
  0x00007f66381531a0 JavaThread "Sweeper thread" daemon [_thread_blocked, id=8326, stack(0x00007f662443b000,0x00007f662453c000)]
  0x00007f66381e8b50 JavaThread "Common-Cleaner" daemon [_thread_blocked, id=8328, stack(0x00007f662433a000,0x00007f662443b000)]
  0x00007f66383132b0 JavaThread "Notification Thread" daemon [_thread_blocked, id=8329, stack(0x00007f6624211000,0x00007f6624312000)]
  0x00007f6638469a40 JavaThread "Active Thread: Equinox Container: f354175b-b399-4f44-ab47-d7099e9be88d" [_thread_blocked, id=8370, stack(0x00007f6619dfe000,0x00007f6619eff000)]
  0x00007f66384cd920 JavaThread "Framework Event Dispatcher: Equinox Container: f354175b-b399-4f44-ab47-d7099e9be88d" daemon [_thread_blocked, id=8375, stack(0x00007f6619cfd000,0x00007f6619dfe000)]
  0x00007f66384d05e0 JavaThread "Start Level: Equinox Container: f354175b-b399-4f44-ab47-d7099e9be88d" daemon [_thread_blocked, id=8376, stack(0x00007f6619bfc000,0x00007f6619cfd000)]
  0x00007f65f0440cc0 JavaThread "Bundle File Closer" daemon [_thread_blocked, id=8377, stack(0x00007f66198e9000,0x00007f66199ea000)]
  0x00007f65f049c2d0 JavaThread "SCR Component Actor" daemon [_thread_blocked, id=8378, stack(0x00007f66197e8000,0x00007f66198e9000)]
  0x00007f65f02b63b0 JavaThread "Worker-JM" [_thread_blocked, id=8380, stack(0x00007f66196e7000,0x00007f66197e8000)]
  0x00007f65f02f5d30 JavaThread "Worker-0: Synchronizing projects" [_thread_blocked, id=8382, stack(0x00007f66195e6000,0x00007f66196e7000)]
  0x00007f65f0300e90 JavaThread "Worker-1: Periodic workspace save." [_thread_blocked, id=8383, stack(0x00007f66194e5000,0x00007f66195e6000)]
  0x00007f6608001250 JavaThread "Worker-2: Initialize workspace" [_thread_blocked, id=8385, stack(0x00007f66192e3000,0x00007f66193e4000)]
  0x00007f65f05b2b30 JavaThread "Java indexing" daemon [_thread_blocked, id=8386, stack(0x00007f66191e2000,0x00007f66192e3000)]
  0x00007f6610002150 JavaThread "Worker-3: Synchronizing projects" [_thread_blocked, id=8387, stack(0x00007f66190e1000,0x00007f66191e2000)]
  0x00007f663851d880 JavaThread "pool-2-thread-1" [_thread_blocked, id=8388, stack(0x00007f6618fe0000,0x00007f66190e1000)]
  0x00007f6638594890 JavaThread "WorkspaceEventsHandler" [_thread_blocked, id=8389, stack(0x00007f6618edf000,0x00007f6618fe0000)]
  0x00007f6638595b10 JavaThread "pool-1-thread-1" [_thread_blocked, id=8390, stack(0x00007f6618dde000,0x00007f6618edf000)]
  0x00007f6608040e20 JavaThread "Worker-4: Refreshing workspace" [_thread_blocked, id=8412, stack(0x00007f6618adb000,0x00007f6618bdc000)]
  0x00007f6610256510 JavaThread "Worker-5: Updating workspace" [_thread_blocked, id=8415, stack(0x00007f66193e4000,0x00007f66194e5000)]
  0x0000556ca0efa950 JavaThread "Thread-3" [_thread_blocked, id=8416, stack(0x00007f6618cdd000,0x00007f6618dde000)]
  0x00007f660c030400 JavaThread "Worker-6" [_thread_blocked, id=8417, stack(0x00007f6618bdc000,0x00007f6618cdd000)]
  0x00007f6608047660 JavaThread "ForkJoinPool-1-worker-1" daemon [_thread_blocked, id=8418, stack(0x00007f66189da000,0x00007f6618adb000)]
  0x0000556ca0f14a50 JavaThread "Thread-4" [_thread_blocked, id=8420, stack(0x00007f66188d9000,0x00007f66189da000)]

Other Threads:
=>0x00007f66380699e0 VMThread "VM Thread" [stack: 0x00007f6624f74000,0x00007f6625074000] [id=8318]
  0x00007f66382789b0 WatcherThread [stack: 0x00007f6624111000,0x00007f6624211000] [id=8330]
  0x00007f66380401c0 GCTaskThread "GC Thread#0" [stack: 0x00007f6625cf2000,0x00007f6625df2000] [id=8317]
  0x00007f66140010c0 GCTaskThread "GC Thread#1" [stack: 0x00007f6619f00000,0x00007f661a000000] [id=8366]

Threads with active compile tasks:
C2 CompilerThread0   108919 7426       4       org.eclipse.jdt.internal.core.search.matching.MethodPattern::createIndexKey (33 bytes)
C1 CompilerThread0   108927 8167       3       org.eclipse.jdt.internal.core.JarPackageFragment::computeChildren (85 bytes)

VM state: at safepoint (normal execution)

VM Mutex/Monitor currently owned by a thread:  ([mutex/lock_event])
[0x00007f66380240e0] ExpandHeap_lock - owner thread: 0x00007f66380699e0
[0x00007f66380247b0] Threads_lock - owner thread: 0x00007f66380699e0
[0x00007f6638024f60] Heap_lock - owner thread: 0x00007f65f05b2b30

Heap address: 0x00000000c0000000, size: 1024 MB, Compressed Oops mode: 32-bit

CDS archive(s) not mapped
Compressed class space mapped at: 0x0000000100000000-0x0000000140000000, reserved size: 1073741824
Narrow klass base: 0x0000000000000000, Narrow klass shift: 3, Narrow klass range: 0x140000000

GC Precious Log:
 CPUs: 2 total, 2 available
 Memory: 984M
 Large Page Support: Disabled
 NUMA Support: Disabled
 Compressed Oops: Enabled (32-bit)
 Alignments: Space 512K, Generation 512K, Heap 2M
 Heap Min Capacity: 100M
 Heap Initial Capacity: 100M
 Heap Max Capacity: 1G
 Pre-touch: Disabled
 Parallel Workers: 2

Heap:
 PSYoungGen      total 24576K, used 0K [0x00000000eab00000, 0x00000000ec800000, 0x0000000100000000)
  eden space 20992K, 0% used [0x00000000eab00000,0x00000000eab00000,0x00000000ebf80000)
  from space 3584K, 0% used [0x00000000ec100000,0x00000000ec100000,0x00000000ec480000)
  to   space 3072K, 0% used [0x00000000ec500000,0x00000000ec500000,0x00000000ec800000)
 ParOldGen       total 132096K, used 127377K [0x00000000c0000000, 0x00000000c8100000, 0x00000000eab00000)
  object space 132096K, 96% used [0x00000000c0000000,0x00000000c7c64558,0x00000000c8100000)
 Metaspace       used 57737K, committed 58880K, reserved 1114112K
  class space    used 6244K, committed 6720K, reserved 1048576K

Card table byte_map: [0x00007f6625df2000,0x00007f6625ff3000] _byte_map_base: 0x00007f66257f2000

Marking Bits: (ParMarkBitMap*) 0x00007f663dfd9c40
 Begin Bits: [0x00007f661e000000, 0x00007f661f000000)
 End Bits:   [0x00007f661f000000, 0x00007f6620000000)

Polling page: 0x00007f663ea1c000

Metaspace:

Usage:
  Non-class:     50.29 MB used.
      Class:      6.10 MB used.
       Both:     56.38 MB used.

Virtual space:
  Non-class space:       64.00 MB reserved,      50.94 MB ( 80%) committed,  1 nodes.
      Class space:        1.00 GB reserved,       6.56 MB ( <1%) committed,  1 nodes.
             Both:        1.06 GB reserved,      57.50 MB (  5%) committed. 

Chunk freelists:
   Non-Class:  12.28 MB
       Class:  9.28 MB
        Both:  21.56 MB

MaxMetaspaceSize: unlimited
CompressedClassSpaceSize: 1.00 GB
Initial GC threshold: 21.00 MB
Current GC threshold: 93.88 MB
CDS: off
MetaspaceReclaimPolicy: balanced
 - commit_granule_bytes: 65536.
 - commit_granule_words: 8192.
 - virtual_space_node_default_size: 8388608.
 - enlarge_chunks_in_place: 1.
 - new_chunks_are_fully_committed: 0.
 - uncommit_free_chunks: 1.
 - use_allocation_guard: 0.
 - handle_deallocations: 1.


Internal statistics:

num_allocs_failed_limit: 6.
num_arena_births: 716.
num_arena_deaths: 14.
num_vsnodes_births: 2.
num_vsnodes_deaths: 0.
num_space_committed: 920.
num_space_uncommitted: 0.
num_chunks_returned_to_freelist: 27.
num_chunks_taken_from_freelist: 2980.
num_chunk_merges: 13.
num_chunk_splits: 1882.
num_chunks_enlarged: 1119.
num_inconsistent_stats: 0.

CodeHeap 'non-profiled nmethods': size=120036Kb used=2994Kb max_used=2994Kb free=117041Kb
 bounds [0x00007f662dc90000, 0x00007f662df80000, 0x00007f66351c9000]
CodeHeap 'profiled nmethods': size=120032Kb used=13666Kb max_used=13666Kb free=106365Kb
 bounds [0x00007f66261c9000, 0x00007f6626f29000, 0x00007f662d701000]
CodeHeap 'non-nmethods': size=5692Kb used=1295Kb max_used=1364Kb free=4396Kb
 bounds [0x00007f662d701000, 0x00007f662d971000, 0x00007f662dc90000]
 total_blobs=7672 nmethods=7038 adapters=547
 compilation: enabled
              stopped_count=0, restarted_count=0
 full_count=0

Compilation events (20 events):
Event: 78.617 Thread 0x00007f6638150890 8130       4       org.eclipse.jdt.internal.core.search.indexing.AbstractIndexer::addMethodDeclaration (98 bytes)
Event: 78.747 Thread 0x00007f6638150890 nmethod 8130 0x00007f662df76390 code [0x00007f662df765c0, 0x00007f662df77770]
Event: 78.754 Thread 0x00007f6638150890 7977  s    4       org.eclipse.jdt.internal.compiler.classfmt.MethodInfo::readCodeAttribute (117 bytes)
Event: 78.801 Thread 0x00007f6638150890 nmethod 7977 0x00007f662df78510 code [0x00007f662df786e0, 0x00007f662df79228]
Event: 78.801 Thread 0x00007f6638150890 8140       4       org.eclipse.jdt.internal.compiler.parser.Scanner::scanIdentifierOrKeywordWithBoundCheck (196 bytes)
Event: 78.813 Thread 0x00007f6638150890 nmethod 8140 0x00007f662df79710 code [0x00007f662df798a0, 0x00007f662df79ac8]
Event: 78.813 Thread 0x00007f6638150890 7796       4       org.eclipse.jdt.internal.core.search.indexing.BinaryIndexer::replace (39 bytes)
Event: 78.828 Thread 0x00007f6638150890 nmethod 7796 0x00007f662df79c90 code [0x00007f662df79e20, 0x00007f662df7a018]
Event: 78.828 Thread 0x00007f6638150890 7748       4       org.eclipse.jdt.internal.core.search.indexing.AbstractIndexer::addNameReference (9 bytes)
Event: 78.853 Thread 0x00007f6638150890 nmethod 7748 0x00007f662df7a110 code [0x00007f662df7a2e0, 0x00007f662df7aa98]
Event: 78.853 Thread 0x00007f6638150890 7410       4       org.eclipse.jdt.internal.compiler.classfmt.MethodInfo::getSelector (46 bytes)
Event: 78.861 Thread 0x00007f6638150890 nmethod 7410 0x00007f662df7b010 code [0x00007f662df7b1c0, 0x00007f662df7b638]
Event: 78.861 Thread 0x00007f6638150890 7409       4       org.eclipse.jdt.core.compiler.CharOperation::concat (46 bytes)
Event: 78.865 Thread 0x00007f6638150890 nmethod 7409 0x00007f662df7b990 code [0x00007f662df7bb20, 0x00007f662df7be78]
Event: 78.865 Thread 0x00007f6638150890 7450       4       org.eclipse.jdt.core.compiler.CharOperation::lastSegment (22 bytes)
Event: 78.873 Thread 0x00007f6638150890 nmethod 7450 0x00007f662df7bf90 code [0x00007f662df7c120, 0x00007f662df7c3f8]
Event: 78.873 Thread 0x00007f6638150890 7426       4       org.eclipse.jdt.internal.core.search.matching.MethodPattern::createIndexKey (33 bytes)
Event: 79.689 Thread 0x00007f6638151d50 8153       2       java.util.Collections::addAll (43 bytes)
Event: 79.838 Thread 0x00007f6638151d50 nmethod 8153 0x00007f6626f22c10 code [0x00007f6626f22dc0, 0x00007f6626f22f80]
Event: 79.851 Thread 0x00007f6638151d50 8167       3       org.eclipse.jdt.internal.core.JarPackageFragment::computeChildren (85 bytes)

GC Heap History (20 events):
Event: 75.958 GC heap after
{Heap after GC invocations=59 (full 4):
 PSYoungGen      total 18432K, used 3556K [0x00000000eab00000, 0x00000000ecc00000, 0x0000000100000000)
  eden space 14848K, 0% used [0x00000000eab00000,0x00000000eab00000,0x00000000eb980000)
  from space 3584K, 99% used [0x00000000eb980000,0x00000000ebcf9100,0x00000000ebd00000)
  to   space 8704K, 0% used [0x00000000ec380000,0x00000000ec380000,0x00000000ecc00000)
 ParOldGen       total 132096K, used 96195K [0x00000000c0000000, 0x00000000c8100000, 0x00000000eab00000)
  object space 132096K, 72% used [0x00000000c0000000,0x00000000c5df0da0,0x00000000c8100000)
 Metaspace       used 56975K, committed 58048K, reserved 1114112K
  class space    used 6162K, committed 6656K, reserved 1048576K
}
Event: 76.004 GC heap before
{Heap before GC invocations=60 (full 4):
 PSYoungGen      total 18432K, used 18404K [0x00000000eab00000, 0x00000000ecc00000, 0x0000000100000000)
  eden space 14848K, 100% used [0x00000000eab00000,0x00000000eb980000,0x00000000eb980000)
  from space 3584K, 99% used [0x00000000eb980000,0x00000000ebcf9100,0x00000000ebd00000)
  to   space 8704K, 0% used [0x00000000ec380000,0x00000000ec380000,0x00000000ecc00000)
 ParOldGen       total 132096K, used 96195K [0x00000000c0000000, 0x00000000c8100000, 0x00000000eab00000)
  object space 132096K, 72% used [0x00000000c0000000,0x00000000c5df0da0,0x00000000c8100000)
 Metaspace       used 57081K, committed 58240K, reserved 1114112K
  class space    used 6168K, committed 6656K, reserved 1048576K
}
Event: 76.016 GC heap after
{Heap after GC invocations=60 (full 4):
 PSYoungGen      total 19968K, used 3273K [0x00000000eab00000, 0x00000000ec700000, 0x0000000100000000)
  eden space 16384K, 0% used [0x00000000eab00000,0x00000000eab00000,0x00000000ebb00000)
  from space 3584K, 91% used [0x00000000ec380000,0x00000000ec6b26a8,0x00000000ec700000)
  to   space 5120K, 0% used [0x00000000ebd00000,0x00000000ebd00000,0x00000000ec200000)
 ParOldGen       total 132096K, used 99677K [0x00000000c0000000, 0x00000000c8100000, 0x00000000eab00000)
  object space 132096K, 75% used [0x00000000c0000000,0x00000000c6157790,0x00000000c8100000)
 Metaspace       used 57081K, committed 58240K, reserved 1114112K
  class space    used 6168K, committed 6656K, reserved 1048576K
}
Event: 76.256 GC heap before
{Heap before GC invocations=61 (full 4):
 PSYoungGen      total 19968K, used 19657K [0x00000000eab00000, 0x00000000ec700000, 0x0000000100000000)
  eden space 16384K, 100% used [0x00000000eab00000,0x00000000ebb00000,0x00000000ebb00000)
  from space 3584K, 91% used [0x00000000ec380000,0x00000000ec6b26a8,0x00000000ec700000)
  to   space 5120K, 0% used [0x00000000ebd00000,0x00000000ebd00000,0x00000000ec200000)
 ParOldGen       total 132096K, used 99677K [0x00000000c0000000, 0x00000000c8100000, 0x00000000eab00000)
  object space 132096K, 75% used [0x00000000c0000000,0x00000000c6157790,0x00000000c8100000)
 Metaspace       used 57084K, committed 58240K, reserved 1114112K
  class space    used 6169K, committed 6656K, reserved 1048576K
}
Event: 76.271 GC heap after
{Heap after GC invocations=61 (full 4):
 PSYoungGen      total 23040K, used 5115K [0x00000000eab00000, 0x00000000eca80000, 0x0000000100000000)
  eden space 17920K, 0% used [0x00000000eab00000,0x00000000eab00000,0x00000000ebc80000)
  from space 5120K, 99% used [0x00000000ebd00000,0x00000000ec1fec18,0x00000000ec200000)
  to   space 7168K, 0% used [0x00000000ec380000,0x00000000ec380000,0x00000000eca80000)
 ParOldGen       total 132096K, used 100775K [0x00000000c0000000, 0x00000000c8100000, 0x00000000eab00000)
  object space 132096K, 76% used [0x00000000c0000000,0x00000000c6269c98,0x00000000c8100000)
 Metaspace       used 57084K, committed 58240K, reserved 1114112K
  class space    used 6169K, committed 6656K, reserved 1048576K
}
Event: 76.788 GC heap before
{Heap before GC invocations=62 (full 4):
 PSYoungGen      total 23040K, used 23035K [0x00000000eab00000, 0x00000000eca80000, 0x0000000100000000)
  eden space 17920K, 100% used [0x00000000eab00000,0x00000000ebc80000,0x00000000ebc80000)
  from space 5120K, 99% used [0x00000000ebd00000,0x00000000ec1fec18,0x00000000ec200000)
  to   space 7168K, 0% used [0x00000000ec380000,0x00000000ec380000,0x00000000eca80000)
 ParOldGen       total 132096K, used 100775K [0x00000000c0000000, 0x00000000c8100000, 0x00000000eab00000)
  object space 132096K, 76% used [0x00000000c0000000,0x00000000c6269c98,0x00000000c8100000)
 Metaspace       used 57329K, committed 58432K, reserved 1114112K
  class space    used 6191K, committed 6656K, reserved 1048576K
}
Event: 76.962 GC heap after
{Heap after GC invocations=62 (full 4):
 PSYoungGen      total 23040K, used 3507K [0x00000000eab00000, 0x00000000ec700000, 0x0000000100000000)
  eden space 19456K, 0% used [0x00000000eab00000,0x00000000eab00000,0x00000000ebe00000)
  from space 3584K, 97% used [0x00000000ec380000,0x00000000ec6eccd0,0x00000000ec700000)
  to   space 4608K, 0% used [0x00000000ebe00000,0x00000000ebe00000,0x00000000ec280000)
 ParOldGen       total 132096K, used 105825K [0x00000000c0000000, 0x00000000c8100000, 0x00000000eab00000)
  object space 132096K, 80% used [0x00000000c0000000,0x00000000c6758678,0x00000000c8100000)
 Metaspace       used 57329K, committed 58432K, reserved 1114112K
  class space    used 6191K, committed 6656K, reserved 1048576K
}
Event: 77.051 GC heap before
{Heap before GC invocations=63 (full 4):
 PSYoungGen      total 23040K, used 22963K [0x00000000eab00000, 0x00000000ec700000, 0x0000000100000000)
  eden space 19456K, 100% used [0x00000000eab00000,0x00000000ebe00000,0x00000000ebe00000)
  from space 3584K, 97% used [0x00000000ec380000,0x00000000ec6eccd0,0x00000000ec700000)
  to   space 4608K, 0% used [0x00000000ebe00000,0x00000000ebe00000,0x00000000ec280000)
 ParOldGen       total 132096K, used 105825K [0x00000000c0000000, 0x00000000c8100000, 0x00000000eab00000)
  object space 132096K, 80% used [0x00000000c0000000,0x00000000c6758678,0x00000000c8100000)
 Metaspace       used 57332K, committed 58432K, reserved 1114112K
  class space    used 6191K, committed 6656K, reserved 1048576K
}
Event: 77.084 GC heap after
{Heap after GC invocations=63 (full 4):
 PSYoungGen      total 24064K, used 4592K [0x00000000eab00000, 0x00000000ed200000, 0x0000000100000000)
  eden space 19456K, 0% used [0x00000000eab00000,0x00000000eab00000,0x00000000ebe00000)
  from space 4608K, 99% used [0x00000000ebe00000,0x00000000ec27c2f8,0x00000000ec280000)
  to   space 9216K, 0% used [0x00000000ec900000,0x00000000ec900000,0x00000000ed200000)
 ParOldGen       total 132096K, used 109166K [0x00000000c0000000, 0x00000000c8100000, 0x00000000eab00000)
  object space 132096K, 82% used [0x00000000c0000000,0x00000000c6a9b9e8,0x00000000c8100000)
 Metaspace       used 57332K, committed 58432K, reserved 1114112K
  class space    used 6191K, committed 6656K, reserved 1048576K
}
Event: 77.293 GC heap before
{Heap before GC invocations=64 (full 4):
 PSYoungGen      total 24064K, used 24048K [0x00000000eab00000, 0x00000000ed200000, 0x0000000100000000)
  eden space 19456K, 100% used [0x00000000eab00000,0x00000000ebe00000,0x00000000ebe00000)
  from space 4608K, 99% used [0x00000000ebe00000,0x00000000ec27c2f8,0x00000000ec280000)
  to   space 9216K, 0% used [0x00000000ec900000,0x00000000ec900000,0x00000000ed200000)
 ParOldGen       total 132096K, used 109166K [0x00000000c0000000, 0x00000000c8100000, 0x00000000eab00000)
  object space 132096K, 82% used [0x00000000c0000000,0x00000000c6a9b9e8,0x00000000c8100000)
 Metaspace       used 57570K, committed 58752K, reserved 1114112K
  class space    used 6225K, committed 6720K, reserved 1048576K
}
Event: 77.383 GC heap after
{Heap after GC invocations=64 (full 4):
 PSYoungGen      total 25600K, used 3097K [0x00000000eab00000, 0x00000000ecc80000, 0x0000000100000000)
  eden space 22016K, 0% used [0x00000000eab00000,0x00000000eab00000,0x00000000ec080000)
  from space 3584K, 86% used [0x00000000ec900000,0x00000000ecc067a8,0x00000000ecc80000)
  to   space 5120K, 0% used [0x00000000ec280000,0x00000000ec280000,0x00000000ec780000)
 ParOldGen       total 132096K, used 113752K [0x00000000c0000000, 0x00000000c8100000, 0x00000000eab00000)
  object space 132096K, 86% used [0x00000000c0000000,0x00000000c6f16250,0x00000000c8100000)
 Metaspace       used 57570K, committed 58752K, reserved 1114112K
  class space    used 6225K, committed 6720K, reserved 1048576K
}
Event: 77.750 GC heap before
{Heap before GC invocations=65 (full 4):
 PSYoungGen      total 25600K, used 25113K [0x00000000eab00000, 0x00000000ecc80000, 0x0000000100000000)
  eden space 22016K, 100% used [0x00000000eab00000,0x00000000ec080000,0x00000000ec080000)
  from space 3584K, 86% used [0x00000000ec900000,0x00000000ecc067a8,0x00000000ecc80000)
  to   space 5120K, 0% used [0x00000000ec280000,0x00000000ec280000,0x00000000ec780000)
 ParOldGen       total 132096K, used 113752K [0x00000000c0000000, 0x00000000c8100000, 0x00000000eab00000)
  object space 132096K, 86% used [0x00000000c0000000,0x00000000c6f16250,0x00000000c8100000)
 Metaspace       used 57577K, committed 58752K, reserved 1114112K
  class space    used 6227K, committed 6720K, reserved 1048576K
}
Event: 77.781 GC heap after
{Heap after GC invocations=65 (full 4):
 PSYoungGen      total 29184K, used 4510K [0x00000000eab00000, 0x00000000ecd00000, 0x0000000100000000)
  eden space 24064K, 0% used [0x00000000eab00000,0x00000000eab00000,0x00000000ec280000)
  from space 5120K, 88% used [0x00000000ec280000,0x00000000ec6e7b98,0x00000000ec780000)
  to   space 5120K, 0% used [0x00000000ec800000,0x00000000ec800000,0x00000000ecd00000)
 ParOldGen       total 132096K, used 116761K [0x00000000c0000000, 0x00000000c8100000, 0x00000000eab00000)
  object space 132096K, 88% used [0x00000000c0000000,0x00000000c72064a0,0x00000000c8100000)
 Metaspace       used 57577K, committed 58752K, reserved 1114112K
  class space    used 6227K, committed 6720K, reserved 1048576K
}
Event: 78.253 GC heap before
{Heap before GC invocations=66 (full 4):
 PSYoungGen      total 29184K, used 28574K [0x00000000eab00000, 0x00000000ecd00000, 0x0000000100000000)
  eden space 24064K, 100% used [0x00000000eab00000,0x00000000ec280000,0x00000000ec280000)
  from space 5120K, 88% used [0x00000000ec280000,0x00000000ec6e7b98,0x00000000ec780000)
  to   space 5120K, 0% used [0x00000000ec800000,0x00000000ec800000,0x00000000ecd00000)
 ParOldGen       total 132096K, used 116761K [0x00000000c0000000, 0x00000000c8100000, 0x00000000eab00000)
  object space 132096K, 88% used [0x00000000c0000000,0x00000000c72064a0,0x00000000c8100000)
 Metaspace       used 57591K, committed 58752K, reserved 1114112K
  class space    used 6228K, committed 6720K, reserved 1048576K
}
Event: 78.353 GC heap after
{Heap after GC invocations=66 (full 4):
 PSYoungGen      total 23552K, used 5108K [0x00000000eab00000, 0x00000000edb00000, 0x0000000100000000)
  eden space 18432K, 0% used [0x00000000eab00000,0x00000000eab00000,0x00000000ebd00000)
  from space 5120K, 99% used [0x00000000ec800000,0x00000000eccfd268,0x00000000ecd00000)
  to   space 11264K, 0% used [0x00000000ebd00000,0x00000000ebd00000,0x00000000ec800000)
 ParOldGen       total 132096K, used 121655K [0x00000000c0000000, 0x00000000c8100000, 0x00000000eab00000)
  object space 132096K, 92% used [0x00000000c0000000,0x00000000c76cddf0,0x00000000c8100000)
 Metaspace       used 57591K, committed 58752K, reserved 1114112K
  class space    used 6228K, committed 6720K, reserved 1048576K
}
Event: 79.078 GC heap before
{Heap before GC invocations=67 (full 4):
 PSYoungGen      total 23552K, used 23540K [0x00000000eab00000, 0x00000000edb00000, 0x0000000100000000)
  eden space 18432K, 100% used [0x00000000eab00000,0x00000000ebd00000,0x00000000ebd00000)
  from space 5120K, 99% used [0x00000000ec800000,0x00000000eccfd268,0x00000000ecd00000)
  to   space 11264K, 0% used [0x00000000ebd00000,0x00000000ebd00000,0x00000000ec800000)
 ParOldGen       total 132096K, used 121655K [0x00000000c0000000, 0x00000000c8100000, 0x00000000eab00000)
  object space 132096K, 92% used [0x00000000c0000000,0x00000000c76cddf0,0x00000000c8100000)
 Metaspace       used 57645K, committed 58816K, reserved 1114112K
  class space    used 6234K, committed 6720K, reserved 1048576K
}
Event: 79.299 GC heap after
{Heap after GC invocations=67 (full 4):
 PSYoungGen      total 21504K, used 2793K [0x00000000eab00000, 0x00000000eca80000, 0x0000000100000000)
  eden space 18432K, 0% used [0x00000000eab00000,0x00000000eab00000,0x00000000ebd00000)
  from space 3072K, 90% used [0x00000000ebd00000,0x00000000ebfba580,0x00000000ec000000)
  to   space 5632K, 0% used [0x00000000ec500000,0x00000000ec500000,0x00000000eca80000)
 ParOldGen       total 132096K, used 126609K [0x00000000c0000000, 0x00000000c8100000, 0x00000000eab00000)
  object space 132096K, 95% used [0x00000000c0000000,0x00000000c7ba47a8,0x00000000c8100000)
 Metaspace       used 57645K, committed 58816K, reserved 1114112K
  class space    used 6234K, committed 6720K, reserved 1048576K
}
Event: 80.048 GC heap before
{Heap before GC invocations=68 (full 4):
 PSYoungGen      total 21504K, used 21225K [0x00000000eab00000, 0x00000000eca80000, 0x0000000100000000)
  eden space 18432K, 100% used [0x00000000eab00000,0x00000000ebd00000,0x00000000ebd00000)
  from space 3072K, 90% used [0x00000000ebd00000,0x00000000ebfba580,0x00000000ec000000)
  to   space 5632K, 0% used [0x00000000ec500000,0x00000000ec500000,0x00000000eca80000)
 ParOldGen       total 132096K, used 126609K [0x00000000c0000000, 0x00000000c8100000, 0x00000000eab00000)
  object space 132096K, 95% used [0x00000000c0000000,0x00000000c7ba47a8,0x00000000c8100000)
 Metaspace       used 57737K, committed 58880K, reserved 1114112K
  class space    used 6244K, committed 6720K, reserved 1048576K
}
Event: 80.221 GC heap after
{Heap after GC invocations=68 (full 4):
 PSYoungGen      total 24064K, used 2849K [0x00000000eab00000, 0x00000000ec800000, 0x0000000100000000)
  eden space 20992K, 0% used [0x00000000eab00000,0x00000000eab00000,0x00000000ebf80000)
  from space 3072K, 92% used [0x00000000ec500000,0x00000000ec7c8640,0x00000000ec800000)
  to   space 3584K, 0% used [0x00000000ec100000,0x00000000ec100000,0x00000000ec480000)
 ParOldGen       total 132096K, used 129358K [0x00000000c0000000, 0x00000000c8100000, 0x00000000eab00000)
  object space 132096K, 97% used [0x00000000c0000000,0x00000000c7e53ac8,0x00000000c8100000)
 Metaspace       used 57737K, committed 58880K, reserved 1114112K
  class space    used 6244K, committed 6720K, reserved 1048576K
}
Event: 80.221 GC heap before
{Heap before GC invocations=69 (full 5):
 PSYoungGen      total 24064K, used 2849K [0x00000000eab00000, 0x00000000ec800000, 0x0000000100000000)
  eden space 20992K, 0% used [0x00000000eab00000,0x00000000eab00000,0x00000000ebf80000)
  from space 3072K, 92% used [0x00000000ec500000,0x00000000ec7c8640,0x00000000ec800000)
  to   space 3584K, 0% used [0x00000000ec100000,0x00000000ec100000,0x00000000ec480000)
 ParOldGen       total 132096K, used 129358K [0x00000000c0000000, 0x00000000c8100000, 0x00000000eab00000)
  object space 132096K, 97% used [0x00000000c0000000,0x00000000c7e53ac8,0x00000000c8100000)
 Metaspace       used 57737K, committed 58880K, reserved 1114112K
  class space    used 6244K, committed 6720K, reserved 1048576K
}

Dll operation events (9 events):
Event: 0.010 Loaded shared library /home/dcl/.vscode-server/extensions/redhat.java-1.25.1-linux-x64/jre/17.0.9-linux-x86_64/lib/libjava.so
Event: 0.328 Loaded shared library /home/dcl/.vscode-server/extensions/redhat.java-1.25.1-linux-x64/jre/17.0.9-linux-x86_64/lib/libzip.so
Event: 0.332 Loaded shared library /home/dcl/.vscode-server/extensions/redhat.java-1.25.1-linux-x64/jre/17.0.9-linux-x86_64/lib/libinstrument.so
Event: 0.339 Loaded shared library /home/dcl/.vscode-server/extensions/redhat.java-1.25.1-linux-x64/jre/17.0.9-linux-x86_64/lib/libnio.so
Event: 0.348 Loaded shared library /home/dcl/.vscode-server/extensions/redhat.java-1.25.1-linux-x64/jre/17.0.9-linux-x86_64/lib/libzip.so
Event: 0.366 Loaded shared library /home/dcl/.vscode-server/extensions/redhat.java-1.25.1-linux-x64/jre/17.0.9-linux-x86_64/lib/libjimage.so
Event: 0.428 Loaded shared library /home/dcl/.vscode-server/extensions/redhat.java-1.25.1-linux-x64/jre/17.0.9-linux-x86_64/lib/libverify.so
Event: 6.840 Loaded shared library /home/dcl/.vscode-server/extensions/redhat.java-1.25.1-linux-x64/jre/17.0.9-linux-x86_64/lib/libnet.so
Event: 8.436 Loaded shared library /home/dcl/.vscode-server/data/User/globalStorage/redhat.java/1.25.1/config_linux/org.eclipse.equinox.launcher/org.eclipse.equinox.launcher.gtk.linux.x86_64_1.2.800.v20231003-1442/eclipse_11802.so

Deoptimization events (20 events):
Event: 76.082 Thread 0x00007f65f05b2b30 DEOPT PACKING pc=0x00007f662639cf03 sp=0x00007f66192e0ab0
Event: 76.082 Thread 0x00007f65f05b2b30 DEOPT UNPACKING pc=0x00007f662d757b2f sp=0x00007f66192e0008 mode 0
Event: 76.378 Thread 0x00007f6608001250 Uncommon trap: trap_request=0xffffffde fr.pc=0x00007f662dec8d00 relative=0x0000000000000a40
Event: 76.378 Thread 0x00007f6608001250 Uncommon trap: reason=class_check action=maybe_recompile pc=0x00007f662dec8d00 method=java.util.Spliterators$1Adapter.hasNext()Z @ 12 c2
Event: 76.378 Thread 0x00007f6608001250 DEOPT PACKING pc=0x00007f662dec8d00 sp=0x00007f66193e1f80
Event: 76.379 Thread 0x00007f6608001250 DEOPT UNPACKING pc=0x00007f662d757399 sp=0x00007f66193e1f68 mode 2
Event: 76.379 Thread 0x00007f6608001250 Uncommon trap: trap_request=0xffffffde fr.pc=0x00007f662dec8d00 relative=0x0000000000000a40
Event: 76.379 Thread 0x00007f6608001250 Uncommon trap: reason=class_check action=maybe_recompile pc=0x00007f662dec8d00 method=java.util.Spliterators$1Adapter.hasNext()Z @ 12 c2
Event: 76.379 Thread 0x00007f6608001250 DEOPT PACKING pc=0x00007f662dec8d00 sp=0x00007f66193e1f90
Event: 76.379 Thread 0x00007f6608001250 DEOPT UNPACKING pc=0x00007f662d757399 sp=0x00007f66193e1f78 mode 2
Event: 76.379 Thread 0x00007f6608001250 Uncommon trap: trap_request=0xffffffde fr.pc=0x00007f662dec8d00 relative=0x0000000000000a40
Event: 76.379 Thread 0x00007f6608001250 Uncommon trap: reason=class_check action=maybe_recompile pc=0x00007f662dec8d00 method=java.util.Spliterators$1Adapter.hasNext()Z @ 12 c2
Event: 76.379 Thread 0x00007f6608001250 DEOPT PACKING pc=0x00007f662dec8d00 sp=0x00007f66193e1f90
Event: 76.379 Thread 0x00007f6608001250 DEOPT UNPACKING pc=0x00007f662d757399 sp=0x00007f66193e1f78 mode 2
Event: 76.534 Thread 0x00007f6638595b10 Uncommon trap: trap_request=0xffffffde fr.pc=0x00007f662dec8d00 relative=0x0000000000000a40
Event: 76.534 Thread 0x00007f6638595b10 Uncommon trap: reason=class_check action=maybe_recompile pc=0x00007f662dec8d00 method=java.util.Spliterators$1Adapter.hasNext()Z @ 12 c2
Event: 76.534 Thread 0x00007f6638595b10 DEOPT PACKING pc=0x00007f662dec8d00 sp=0x00007f6618edc390
Event: 76.534 Thread 0x00007f6638595b10 DEOPT UNPACKING pc=0x00007f662d757399 sp=0x00007f6618edc378 mode 2
Event: 79.843 Thread 0x0000556ca0efa950 DEOPT PACKING pc=0x00007f6626d6f030 sp=0x00007f6618ddbd30
Event: 79.846 Thread 0x0000556ca0efa950 DEOPT UNPACKING pc=0x00007f662d757b2f sp=0x00007f6618ddb288 mode 0

Classes unloaded (7 events):
Event: 66.043 Thread 0x00007f66380699e0 Unloading class 0x0000000100258000 'java/lang/invoke/LambdaForm$MH+0x0000000100258000'
Event: 66.061 Thread 0x00007f66380699e0 Unloading class 0x0000000100257c00 'java/lang/invoke/LambdaForm$MH+0x0000000100257c00'
Event: 66.078 Thread 0x00007f66380699e0 Unloading class 0x0000000100257800 'java/lang/invoke/LambdaForm$MH+0x0000000100257800'
Event: 66.078 Thread 0x00007f66380699e0 Unloading class 0x0000000100257400 'java/lang/invoke/LambdaForm$MH+0x0000000100257400'
Event: 66.078 Thread 0x00007f66380699e0 Unloading class 0x0000000100257000 'java/lang/invoke/LambdaForm$BMH+0x0000000100257000'
Event: 66.079 Thread 0x00007f66380699e0 Unloading class 0x0000000100256c00 'java/lang/invoke/LambdaForm$DMH+0x0000000100256c00'
Event: 66.079 Thread 0x00007f66380699e0 Unloading class 0x0000000100254000 'java/lang/invoke/LambdaForm$DMH+0x0000000100254000'

Classes redefined (0 events):
No events

Internal exceptions (20 events):
Event: 74.102 Thread 0x00007f6608001250 Exception <a 'sun/nio/fs/UnixException'{0x00000000eacb2328}> (0x00000000eacb2328) 
thrown [src/hotspot/share/prims/jni.cpp, line 516]
Event: 74.171 Thread 0x00007f6608001250 Exception <a 'sun/nio/fs/UnixException'{0x00000000eab46578}> (0x00000000eab46578) 
thrown [src/hotspot/share/prims/jni.cpp, line 516]
Event: 74.190 Thread 0x00007f6608001250 Exception <a 'sun/nio/fs/UnixException'{0x00000000eadfce28}> (0x00000000eadfce28) 
thrown [src/hotspot/share/prims/jni.cpp, line 516]
Event: 74.238 Thread 0x00007f6608001250 Exception <a 'sun/nio/fs/UnixException'{0x00000000eab14f28}> (0x00000000eab14f28) 
thrown [src/hotspot/share/prims/jni.cpp, line 516]
Event: 75.834 Thread 0x00007f6608001250 Exception <a 'java/io/FileNotFoundException'{0x00000000eb77cce0}> (0x00000000eb77cce0) 
thrown [src/hotspot/share/prims/jni.cpp, line 516]
Event: 75.836 Thread 0x00007f6608001250 Exception <a 'java/io/FileNotFoundException'{0x00000000eb77e540}> (0x00000000eb77e540) 
thrown [src/hotspot/share/prims/jni.cpp, line 516]
Event: 75.837 Thread 0x00007f6608001250 Exception <a 'java/io/FileNotFoundException'{0x00000000eb77f7d8}> (0x00000000eb77f7d8) 
thrown [src/hotspot/share/prims/jni.cpp, line 516]
Event: 75.863 Thread 0x00007f6608001250 Exception <a 'sun/nio/fs/UnixException'{0x00000000eae10dd8}> (0x00000000eae10dd8) 
thrown [src/hotspot/share/prims/jni.cpp, line 516]
Event: 75.914 Thread 0x00007f6608001250 Exception <a 'sun/nio/fs/UnixException'{0x00000000eb644cf0}> (0x00000000eb644cf0) 
thrown [src/hotspot/share/prims/jni.cpp, line 516]
Event: 75.914 Thread 0x00007f6608001250 Exception <a 'sun/nio/fs/UnixException'{0x00000000eb646880}> (0x00000000eb646880) 
thrown [src/hotspot/share/prims/jni.cpp, line 516]
Event: 75.985 Thread 0x00007f6608001250 Exception <a 'java/lang/NoSuchMethodError'{0x00000000eb343778}: static Lorg/apache/maven/model/InputLocation;.<clinit>()V> (0x00000000eb343778) 
thrown [src/hotspot/share/prims/jni.cpp, line 1107]
Event: 75.987 Thread 0x00007f6608001250 Exception <a 'java/lang/NoSuchMethodError'{0x00000000eb409a58}: static Lorg/apache/maven/model/InputSource;.<clinit>()V> (0x00000000eb409a58) 
thrown [src/hotspot/share/prims/jni.cpp, line 1107]
Event: 75.997 Thread 0x00007f6608001250 Exception <a 'java/lang/NoSuchMethodError'{0x00000000eb7664f0}: static Lorg/eclipse/m2e/core/internal/lifecyclemapping/model/PluginExecutionMetadata;.<clinit>()V> (0x00000000eb7664f0) 
thrown [src/hotspot/share/prims/jni.cpp, line 1107]
Event: 75.998 Thread 0x00007f6608001250 Exception <a 'java/lang/NoSuchMethodError'{0x00000000eb7f0b78}: static Lorg/eclipse/m2e/core/internal/lifecyclemapping/model/PluginExecutionFilter;.<clinit>()V> (0x00000000eb7f0b78) 
thrown [src/hotspot/share/prims/jni.cpp, line 1107]
Event: 76.338 Thread 0x00007f6608001250 Exception <a 'sun/nio/fs/UnixException'{0x00000000eae74bb0}> (0x00000000eae74bb0) 
thrown [src/hotspot/share/prims/jni.cpp, line 516]
Event: 76.368 Thread 0x00007f6608001250 Exception <a 'sun/nio/fs/UnixException'{0x00000000eae904a0}> (0x00000000eae904a0) 
thrown [src/hotspot/share/prims/jni.cpp, line 516]
Event: 76.373 Thread 0x00007f6608001250 Exception <a 'sun/nio/fs/UnixException'{0x00000000eaeb7f38}> (0x00000000eaeb7f38) 
thrown [src/hotspot/share/prims/jni.cpp, line 516]
Event: 76.544 Thread 0x00007f6638595b10 Exception <a 'sun/nio/fs/UnixException'{0x00000000eb43e8c0}> (0x00000000eb43e8c0) 
thrown [src/hotspot/share/prims/jni.cpp, line 516]
Event: 76.556 Thread 0x00007f6638595b10 Exception <a 'sun/nio/fs/UnixException'{0x00000000eb593980}> (0x00000000eb593980) 
thrown [src/hotspot/share/prims/jni.cpp, line 516]
Event: 76.561 Thread 0x00007f6638595b10 Exception <a 'java/lang/NoSuchMethodError'{0x00000000eb5a78b0}: 'java.lang.Object java.lang.invoke.DirectMethodHandle$Holder.invokeStatic(java.lang.Object, java.lang.Object, int, java.lang.Object)'> (0x00000000eb5a78b0) 
thrown [src/hotspot/share/interpreter/linkResolver.cpp, line 758]

VM Operations (20 events):
Event: 76.026 Executing VM operation: ParallelGCFailedAllocation done
Event: 76.230 Executing VM operation: ParallelGCFailedAllocation
Event: 76.273 Executing VM operation: ParallelGCFailedAllocation done
Event: 76.607 Executing VM operation: ParallelGCFailedAllocation
Event: 76.963 Executing VM operation: ParallelGCFailedAllocation done
Event: 77.032 Executing VM operation: ParallelGCFailedAllocation
Event: 77.091 Executing VM operation: ParallelGCFailedAllocation done
Event: 77.135 Executing VM operation: HandshakeAllThreads
Event: 77.217 Executing VM operation: HandshakeAllThreads done
Event: 77.223 Executing VM operation: HandshakeAllThreads
Event: 77.231 Executing VM operation: HandshakeAllThreads done
Event: 77.289 Executing VM operation: ParallelGCFailedAllocation
Event: 77.395 Executing VM operation: ParallelGCFailedAllocation done
Event: 77.714 Executing VM operation: ParallelGCFailedAllocation
Event: 77.790 Executing VM operation: ParallelGCFailedAllocation done
Event: 78.249 Executing VM operation: ParallelGCFailedAllocation
Event: 78.360 Executing VM operation: ParallelGCFailedAllocation done
Event: 78.549 Executing VM operation: ParallelGCFailedAllocation
Event: 79.410 Executing VM operation: ParallelGCFailedAllocation done
Event: 79.944 Executing VM operation: ParallelGCFailedAllocation

Events (20 events):
Event: 77.265 loading class java/util/Collections$SynchronizedList done
Event: 77.265 loading class java/util/Collections$SynchronizedRandomAccessList done
Event: 77.413 loading class java/util/concurrent/CompletableFuture$Signaller
Event: 77.422 loading class java/util/concurrent/ForkJoinTask$AdaptedCallable
Event: 77.744 loading class java/util/concurrent/CompletableFuture$Signaller done
Event: 77.888 loading class java/util/concurrent/ForkJoinTask$AdaptedCallable done
Event: 78.484 Thread 0x00007f660c030400 Thread added: 0x00007f660c030400
Event: 78.593 Protecting memory [0x00007f6618bdc000,0x00007f6618be0000] with protection modes 0
Event: 78.973 Thread 0x00007f6608047660 Thread added: 0x00007f6608047660
Event: 79.062 Protecting memory [0x00007f66189da000,0x00007f66189de000] with protection modes 0
Event: 79.725 loading class java/util/stream/Nodes$CollectorTask$OfRef
Event: 79.796 loading class java/util/stream/Nodes$CollectorTask
Event: 79.800 loading class java/util/stream/AbstractTask
Event: 79.805 loading class java/util/concurrent/CountedCompleter
Event: 79.858 loading class java/util/concurrent/CountedCompleter done
Event: 79.859 loading class java/util/stream/AbstractTask done
Event: 79.859 loading class java/util/stream/Nodes$CollectorTask done
Event: 79.859 loading class java/util/stream/Nodes$CollectorTask$OfRef done
Event: 80.028 Thread 0x0000556ca0f14a50 Thread added: 0x0000556ca0f14a50
Event: 80.040 Protecting memory [0x00007f66188d9000,0x00007f66188dd000] with protection modes 0


Dynamic libraries:
c0000000-c8100000 rw-p 00000000 00:00 0 
cb400000-eab00000 ---p 00000000 00:00 0 
eab00000-ec800000 rw-p 00000000 00:00 0 
ec800000-100000000 ---p 00000000 00:00 0 
100000000-100020000 rw-p 00000000 00:00 0 
100020000-100040000 rw-p 00000000 00:00 0 
100040000-1000c0000 rw-p 00000000 00:00 0 
1000c0000-1000e0000 rw-p 00000000 00:00 0 
1000e0000-100140000 rw-p 00000000 00:00 0 
100140000-100180000 rw-p 00000000 00:00 0 
100180000-1001c0000 rw-p 00000000 00:00 0 
1001c0000-100200000 rw-p 00000000 00:00 0 
100200000-100400000 rw-p 00000000 00:00 0 
100400000-1005d0000 rw-p 00000000 00:00 0 
1005d0000-100600000 ---p 00000000 00:00 0 
100600000-1006c0000 rw-p 00000000 00:00 0 
1006c0000-140000000 ---p 00000000 00:00 0 
556ca03fb000-556ca03fc000 r--p 00000000 08:01 2506533                    /home/dcl/.vscode-server/extensions/redhat.java-1.25.1-linux-x64/jre/17.0.9-linux-x86_64/bin/java
556ca03fc000-556ca03fd000 r-xp 00001000 08:01 2506533                    /home/dcl/.vscode-server/extensions/redhat.java-1.25.1-linux-x64/jre/17.0.9-linux-x86_64/bin/java
556ca03fd000-556ca03fe000 r--p 00002000 08:01 2506533                    /home/dcl/.vscode-server/extensions/redhat.java-1.25.1-linux-x64/jre/17.0.9-linux-x86_64/bin/java
556ca03fe000-556ca03ff000 r--p 00002000 08:01 2506533                    /home/dcl/.vscode-server/extensions/redhat.java-1.25.1-linux-x64/jre/17.0.9-linux-x86_64/bin/java
556ca03ff000-556ca0400000 rw-p 00003000 08:01 2506533                    /home/dcl/.vscode-server/extensions/redhat.java-1.25.1-linux-x64/jre/17.0.9-linux-x86_64/bin/java
556ca0e50000-556ca0f1c000 rw-p 00000000 00:00 0                          [heap]
7f65db902000-7f65e4000000 r--s 00000000 08:01 1050240                    /usr/lib/jvm/java-11-openjdk-amd64/lib/modules
7f65e4000000-7f65e4021000 rw-p 00000000 00:00 0 
7f65e4021000-7f65e8000000 ---p 00000000 00:00 0 
7f65e8000000-7f65e8021000 rw-p 00000000 00:00 0 
7f65e8021000-7f65ec000000 ---p 00000000 00:00 0 
7f65ec000000-7f65ec021000 rw-p 00000000 00:00 0 
7f65ec021000-7f65f0000000 ---p 00000000 00:00 0 
7f65f0000000-7f65f09d7000 rw-p 00000000 00:00 0 
7f65f09d7000-7f65f4000000 ---p 00000000 00:00 0 
7f65f4000000-7f65f494c000 rw-p 00000000 00:00 0 
7f65f494c000-7f65f8000000 ---p 00000000 00:00 0 
7f65f8000000-7f65f8021000 rw-p 00000000 00:00 0 
7f65f8021000-7f65fc000000 ---p 00000000 00:00 0 
7f65fc000000-7f65fc570000 rw-p 00000000 00:00 0 
7f65fc570000-7f6600000000 ---p 00000000 00:00 0 
7f6600000000-7f66019e6000 rw-p 00000000 00:00 0 
7f66019e6000-7f6604000000 ---p 00000000 00:00 0 
7f6604000000-7f6604021000 rw-p 00000000 00:00 0 
7f6604021000-7f6608000000 ---p 00000000 00:00 0 
7f6608000000-7f6608054000 rw-p 00000000 00:00 0 
7f6608054000-7f660c000000 ---p 00000000 00:00 0 
7f660c000000-7f660c044000 rw-p 00000000 00:00 0 
7f660c044000-7f6610000000 ---p 00000000 00:00 0 
7f6610000000-7f6610344000 rw-p 00000000 00:00 0 
7f6610344000-7f6614000000 ---p 00000000 00:00 0 
7f6614000000-7f66141a5000 rw-p 00000000 00:00 0 
7f66141a5000-7f6618000000 ---p 00000000 00:00 0 
7f6618648000-7f66188d9000 rw-p 00000000 00:00 0 
7f66188d9000-7f66188dd000 ---p 00000000 00:00 0 
7f66188dd000-7f66189da000 rw-p 00000000 00:00 0 
7f66189da000-7f66189de000 ---p 00000000 00:00 0 
7f66189de000-7f6618adb000 rw-p 00000000 00:00 0 
7f6618adb000-7f6618adf000 ---p 00000000 00:00 0 
7f6618adf000-7f6618bdc000 rw-p 00000000 00:00 0 
7f6618bdc000-7f6618be0000 ---p 00000000 00:00 0 
7f6618be0000-7f6618cdd000 rw-p 00000000 00:00 0 
7f6618cdd000-7f6618ce1000 ---p 00000000 00:00 0 
7f6618ce1000-7f6618dde000 rw-p 00000000 00:00 0 
7f6618dde000-7f6618de2000 ---p 00000000 00:00 0 
7f6618de2000-7f6618edf000 rw-p 00000000 00:00 0 
7f6618edf000-7f6618ee3000 ---p 00000000 00:00 0 
7f6618ee3000-7f6618fe0000 rw-p 00000000 00:00 0 
7f6618fe0000-7f6618fe4000 ---p 00000000 00:00 0 
7f6618fe4000-7f66190e1000 rw-p 00000000 00:00 0 
7f66190e1000-7f66190e5000 ---p 00000000 00:00 0 
7f66190e5000-7f66191e2000 rw-p 00000000 00:00 0 
7f66191e2000-7f66191e6000 ---p 00000000 00:00 0 
7f66191e6000-7f66192e3000 rw-p 00000000 00:00 0 
7f66192e3000-7f66192e7000 ---p 00000000 00:00 0 
7f66192e7000-7f66193e4000 rw-p 00000000 00:00 0 
7f66193e4000-7f66193e8000 ---p 00000000 00:00 0 
7f66193e8000-7f66194e5000 rw-p 00000000 00:00 0 
7f66194e5000-7f66194e9000 ---p 00000000 00:00 0 
7f66194e9000-7f66195e6000 rw-p 00000000 00:00 0 
7f66195e6000-7f66195ea000 ---p 00000000 00:00 0 
7f66195ea000-7f66196e7000 rw-p 00000000 00:00 0 
7f66196e7000-7f66196eb000 ---p 00000000 00:00 0 
7f66196eb000-7f66197e8000 rw-p 00000000 00:00 0 
7f66197e8000-7f66197ec000 ---p 00000000 00:00 0 
7f66197ec000-7f66198e9000 rw-p 00000000 00:00 0 
7f66198e9000-7f66198ed000 ---p 00000000 00:00 0 
7f66198ed000-7f66199ea000 rw-p 00000000 00:00 0 
7f66199ea000-7f66199fa000 r-xp 00000000 08:01 2634481                    /home/dcl/.vscode-server/data/User/globalStorage/redhat.java/1.25.1/config_linux/org.eclipse.equinox.launcher/org.eclipse.equinox.launcher.gtk.linux.x86_64_1.2.800.v20231003-1442/eclipse_11802.so
7f66199fa000-7f6619bf9000 ---p 00010000 08:01 2634481                    /home/dcl/.vscode-server/data/User/globalStorage/redhat.java/1.25.1/config_linux/org.eclipse.equinox.launcher/org.eclipse.equinox.launcher.gtk.linux.x86_64_1.2.800.v20231003-1442/eclipse_11802.so
7f6619bf9000-7f6619bfa000 r--p 0000f000 08:01 2634481                    /home/dcl/.vscode-server/data/User/globalStorage/redhat.java/1.25.1/config_linux/org.eclipse.equinox.launcher/org.eclipse.equinox.launcher.gtk.linux.x86_64_1.2.800.v20231003-1442/eclipse_11802.so
7f6619bfa000-7f6619bfb000 rw-p 00010000 08:01 2634481                    /home/dcl/.vscode-server/data/User/globalStorage/redhat.java/1.25.1/config_linux/org.eclipse.equinox.launcher/org.eclipse.equinox.launcher.gtk.linux.x86_64_1.2.800.v20231003-1442/eclipse_11802.so
7f6619bfb000-7f6619bfc000 rw-p 00000000 00:00 0 
7f6619bfc000-7f6619c00000 ---p 00000000 00:00 0 
7f6619c00000-7f6619cfd000 rw-p 00000000 00:00 0 
7f6619cfd000-7f6619d01000 ---p 00000000 00:00 0 
7f6619d01000-7f6619dfe000 rw-p 00000000 00:00 0 
7f6619dfe000-7f6619e02000 ---p 00000000 00:00 0 
7f6619e02000-7f6619eff000 rw-p 00000000 00:00 0 
7f6619eff000-7f6619f00000 ---p 00000000 00:00 0 
7f6619f00000-7f661a400000 rw-p 00000000 00:00 0 
7f661a400000-7f661a460000 rw-p 00000000 00:00 0 
7f661a460000-7f661a480000 rw-p 00000000 00:00 0 
7f661a480000-7f661a500000 rw-p 00000000 00:00 0 
7f661a500000-7f661a800000 rw-p 00000000 00:00 0 
7f661a800000-7f661a880000 rw-p 00000000 00:00 0 
7f661a880000-7f661a900000 rw-p 00000000 00:00 0 
7f661a900000-7f661ab80000 rw-p 00000000 00:00 0 
7f661ab80000-7f661ac00000 rw-p 00000000 00:00 0 
7f661ac00000-7f661ad00000 rw-p 00000000 00:00 0 
7f661ad00000-7f661ae00000 rw-p 00000000 00:00 0 
7f661ae00000-7f661af00000 rw-p 00000000 00:00 0 
7f661af00000-7f661b000000 rw-p 00000000 00:00 0 
7f661b000000-7f661b180000 rw-p 00000000 00:00 0 
7f661b180000-7f661b200000 rw-p 00000000 00:00 0 
7f661b200000-7f661b500000 rw-p 00000000 00:00 0 
7f661b500000-7f661b600000 rw-p 00000000 00:00 0 
7f661b600000-7f661bf80000 rw-p 00000000 00:00 0 
7f661bf80000-7f661c000000 rw-p 00000000 00:00 0 
7f661c000000-7f661c100000 rw-p 00000000 00:00 0 
7f661c100000-7f661c200000 rw-p 00000000 00:00 0 
7f661c200000-7f661c3c0000 rw-p 00000000 00:00 0 
7f661c3c0000-7f661c400000 rw-p 00000000 00:00 0 
7f661c400000-7f661c900000 rw-p 00000000 00:00 0 
7f661c900000-7f661ca00000 rw-p 00000000 00:00 0 
7f661ca00000-7f661d2c0000 rw-p 00000000 00:00 0 
7f661d2c0000-7f661d300000 ---p 00000000 00:00 0 
7f661d300000-7f661d330000 rw-p 00000000 00:00 0 
7f661d330000-7f661e000000 ---p 00000000 00:00 0 
7f661e000000-7f6620000000 rw-p 00000000 00:00 0 
7f6620000000-7f662002c000 rw-p 00000000 00:00 0 
7f662002c000-7f6624000000 ---p 00000000 00:00 0 
7f66240ee000-7f66240f2000 ---p 00000000 00:00 0 
7f66240f2000-7f6624110000 rw-p 00000000 00:00 0 
7f6624110000-7f6624111000 ---p 00000000 00:00 0 
7f6624111000-7f6624211000 rw-p 00000000 00:00 0 
7f6624211000-7f6624215000 ---p 00000000 00:00 0 
7f6624215000-7f6624312000 rw-p 00000000 00:00 0 
7f6624312000-7f6624316000 r--p 00000000 08:01 2634319                    /home/dcl/.vscode-server/extensions/redhat.java-1.25.1-linux-x64/jre/17.0.9-linux-x86_64/lib/libverify.so
7f6624316000-7f662431d000 r-xp 00004000 08:01 2634319                    /home/dcl/.vscode-server/extensions/redhat.java-1.25.1-linux-x64/jre/17.0.9-linux-x86_64/lib/libverify.so
7f662431d000-7f662431f000 r--p 0000b000 08:01 2634319                    /home/dcl/.vscode-server/extensions/redhat.java-1.25.1-linux-x64/jre/17.0.9-linux-x86_64/lib/libverify.so
7f662431f000-7f6624321000 r--p 0000c000 08:01 2634319                    /home/dcl/.vscode-server/extensions/redhat.java-1.25.1-linux-x64/jre/17.0.9-linux-x86_64/lib/libverify.so
7f6624321000-7f6624322000 rw-p 0000e000 08:01 2634319                    /home/dcl/.vscode-server/extensions/redhat.java-1.25.1-linux-x64/jre/17.0.9-linux-x86_64/lib/libverify.so
7f6624322000-7f6624326000 r--p 00000000 08:01 2634312                    /home/dcl/.vscode-server/extensions/redhat.java-1.25.1-linux-x64/jre/17.0.9-linux-x86_64/lib/libnet.so
7f6624326000-7f6624334000 r-xp 00004000 08:01 2634312                    /home/dcl/.vscode-server/extensions/redhat.java-1.25.1-linux-x64/jre/17.0.9-linux-x86_64/lib/libnet.so
7f6624334000-7f6624338000 r--p 00012000 08:01 2634312                    /home/dcl/.vscode-server/extensions/redhat.java-1.25.1-linux-x64/jre/17.0.9-linux-x86_64/lib/libnet.so
7f6624338000-7f6624339000 r--p 00015000 08:01 2634312                    /home/dcl/.vscode-server/extensions/redhat.java-1.25.1-linux-x64/jre/17.0.9-linux-x86_64/lib/libnet.so
7f6624339000-7f662433a000 rw-p 00016000 08:01 2634312                    /home/dcl/.vscode-server/extensions/redhat.java-1.25.1-linux-x64/jre/17.0.9-linux-x86_64/lib/libnet.so
7f662433a000-7f662433e000 ---p 00000000 00:00 0 
7f662433e000-7f662443b000 rw-p 00000000 00:00 0 
7f662443b000-7f662443f000 ---p 00000000 00:00 0 
7f662443f000-7f662453c000 rw-p 00000000 00:00 0 
7f662453c000-7f6624540000 ---p 00000000 00:00 0 
7f6624540000-7f662463d000 rw-p 00000000 00:00 0 
7f662463d000-7f6624641000 ---p 00000000 00:00 0 
7f6624641000-7f662473e000 rw-p 00000000 00:00 0 
7f662473e000-7f6624742000 ---p 00000000 00:00 0 
7f6624742000-7f662483f000 rw-p 00000000 00:00 0 
7f662483f000-7f6624843000 ---p 00000000 00:00 0 
7f6624843000-7f6624940000 rw-p 00000000 00:00 0 
7f6624940000-7f6624944000 ---p 00000000 00:00 0 
7f6624944000-7f6624a41000 rw-p 00000000 00:00 0 
7f6624a41000-7f6624d71000 r--p 00000000 08:01 2360321                    /usr/lib/locale/locale-archive
7f6624d71000-7f6624d75000 ---p 00000000 00:00 0 
7f6624d75000-7f6624e72000 rw-p 00000000 00:00 0 
7f6624e72000-7f6624e76000 ---p 00000000 00:00 0 
7f6624e76000-7f6624f73000 rw-p 00000000 00:00 0 
7f6624f73000-7f6624f74000 ---p 00000000 00:00 0 
7f6624f74000-7f662597d000 rw-p 00000000 00:00 0 
7f662597d000-7f662597f000 r--p 00000000 08:01 2634320                    /home/dcl/.vscode-server/extensions/redhat.java-1.25.1-linux-x64/jre/17.0.9-linux-x86_64/lib/libzip.so
7f662597f000-7f6625991000 r-xp 00002000 08:01 2634320                    /home/dcl/.vscode-server/extensions/redhat.java-1.25.1-linux-x64/jre/17.0.9-linux-x86_64/lib/libzip.so
7f6625991000-7f6625999000 r--p 00014000 08:01 2634320                    /home/dcl/.vscode-server/extensions/redhat.java-1.25.1-linux-x64/jre/17.0.9-linux-x86_64/lib/libzip.so
7f6625999000-7f662599a000 r--p 0001b000 08:01 2634320                    /home/dcl/.vscode-server/extensions/redhat.java-1.25.1-linux-x64/jre/17.0.9-linux-x86_64/lib/libzip.so
7f662599a000-7f662599b000 rw-p 0001c000 08:01 2634320                    /home/dcl/.vscode-server/extensions/redhat.java-1.25.1-linux-x64/jre/17.0.9-linux-x86_64/lib/libzip.so
7f662599b000-7f6625bdc000 rw-p 00000000 00:00 0 
7f6625bdc000-7f6625cf1000 ---p 00000000 00:00 0 
7f6625cf1000-7f6625cf2000 ---p 00000000 00:00 0 
7f6625cf2000-7f6625e33000 rw-p 00000000 00:00 0 
7f6625e33000-7f6625f47000 ---p 00000000 00:00 0 
7f6625f47000-7f6625f56000 rw-p 00000000 00:00 0 
7f6625f56000-7f6625ff2000 ---p 00000000 00:00 0 
7f6625ff2000-7f6625ff9000 rw-p 00000000 00:00 0 
7f6625ff9000-7f66260de000 ---p 00000000 00:00 0 
7f66260de000-7f66260f9000 rw-p 00000000 00:00 0 
7f66260f9000-7f66261c9000 ---p 00000000 00:00 0 
7f66261c9000-7f6626f29000 rwxp 00000000 00:00 0 
7f6626f29000-7f662d701000 ---p 00000000 00:00 0 
7f662d701000-7f662d971000 rwxp 00000000 00:00 0 
7f662d971000-7f662dc90000 ---p 00000000 00:00 0 
7f662dc90000-7f662df80000 rwxp 00000000 00:00 0 
7f662df80000-7f66351c9000 ---p 00000000 00:00 0 
7f66351c9000-7f66351d4000 r-xp 00000000 08:01 1835055                    /lib/x86_64-linux-gnu/libnss_files-2.27.so
7f66351d4000-7f66353d3000 ---p 0000b000 08:01 1835055                    /lib/x86_64-linux-gnu/libnss_files-2.27.so
7f66353d3000-7f66353d4000 r--p 0000a000 08:01 1835055                    /lib/x86_64-linux-gnu/libnss_files-2.27.so
7f66353d4000-7f66353d5000 rw-p 0000b000 08:01 1835055                    /lib/x86_64-linux-gnu/libnss_files-2.27.so
7f66353d5000-7f66353db000 rw-p 00000000 00:00 0 
7f66353db000-7f6638000000 r--s 00000000 08:01 2634321                    /home/dcl/.vscode-server/extensions/redhat.java-1.25.1-linux-x64/jre/17.0.9-linux-x86_64/lib/modules
7f6638000000-7f663859d000 rw-p 00000000 00:00 0 
7f663859d000-7f663c000000 ---p 00000000 00:00 0 
7f663c004000-7f663c00b000 r--s 00000000 08:01 2501458                    /usr/lib/x86_64-linux-gnu/gconv/gconv-modules.cache
7f663c00b000-7f663c0e7000 rw-p 00000000 00:00 0 
7f663c0e7000-7f663c0fe000 r-xp 00000000 08:01 1835052                    /lib/x86_64-linux-gnu/libnsl-2.27.so
7f663c0fe000-7f663c2fd000 ---p 00017000 08:01 1835052                    /lib/x86_64-linux-gnu/libnsl-2.27.so
7f663c2fd000-7f663c2fe000 r--p 00016000 08:01 1835052                    /lib/x86_64-linux-gnu/libnsl-2.27.so
7f663c2fe000-7f663c2ff000 rw-p 00017000 08:01 1835052                    /lib/x86_64-linux-gnu/libnsl-2.27.so
7f663c2ff000-7f663c301000 rw-p 00000000 00:00 0 
7f663c301000-7f663c30c000 r-xp 00000000 08:01 1835057                    /lib/x86_64-linux-gnu/libnss_nis-2.27.so
7f663c30c000-7f663c50b000 ---p 0000b000 08:01 1835057                    /lib/x86_64-linux-gnu/libnss_nis-2.27.so
7f663c50b000-7f663c50c000 r--p 0000a000 08:01 1835057                    /lib/x86_64-linux-gnu/libnss_nis-2.27.so
7f663c50c000-7f663c50d000 rw-p 0000b000 08:01 1835057                    /lib/x86_64-linux-gnu/libnss_nis-2.27.so
7f663c50d000-7f663c515000 r-xp 00000000 08:01 1835053                    /lib/x86_64-linux-gnu/libnss_compat-2.27.so
7f663c515000-7f663c715000 ---p 00008000 08:01 1835053                    /lib/x86_64-linux-gnu/libnss_compat-2.27.so
7f663c715000-7f663c716000 r--p 00008000 08:01 1835053                    /lib/x86_64-linux-gnu/libnss_compat-2.27.so
7f663c716000-7f663c717000 rw-p 00009000 08:01 1835053                    /lib/x86_64-linux-gnu/libnss_compat-2.27.so
7f663c717000-7f663c8b4000 r-xp 00000000 08:01 1835049                    /lib/x86_64-linux-gnu/libm-2.27.so
7f663c8b4000-7f663cab3000 ---p 0019d000 08:01 1835049                    /lib/x86_64-linux-gnu/libm-2.27.so
7f663cab3000-7f663cab4000 r--p 0019c000 08:01 1835049                    /lib/x86_64-linux-gnu/libm-2.27.so
7f663cab4000-7f663cab5000 rw-p 0019d000 08:01 1835049                    /lib/x86_64-linux-gnu/libm-2.27.so
7f663cab5000-7f663cabc000 r-xp 00000000 08:01 1840227                    /lib/x86_64-linux-gnu/librt-2.27.so
7f663cabc000-7f663ccbb000 ---p 00007000 08:01 1840227                    /lib/x86_64-linux-gnu/librt-2.27.so
7f663ccbb000-7f663ccbc000 r--p 00006000 08:01 1840227                    /lib/x86_64-linux-gnu/librt-2.27.so
7f663ccbc000-7f663ccbd000 rw-p 00007000 08:01 1840227                    /lib/x86_64-linux-gnu/librt-2.27.so
7f663ccbd000-7f663cf10000 r--p 00000000 08:01 2770140                    /home/dcl/.vscode-server/extensions/redhat.java-1.25.1-linux-x64/jre/17.0.9-linux-x86_64/lib/server/libjvm.so
7f663cf10000-7f663dc2e000 r-xp 00253000 08:01 2770140                    /home/dcl/.vscode-server/extensions/redhat.java-1.25.1-linux-x64/jre/17.0.9-linux-x86_64/lib/server/libjvm.so
7f663dc2e000-7f663deba000 r--p 00f71000 08:01 2770140                    /home/dcl/.vscode-server/extensions/redhat.java-1.25.1-linux-x64/jre/17.0.9-linux-x86_64/lib/server/libjvm.so
7f663deba000-7f663df73000 r--p 011fc000 08:01 2770140                    /home/dcl/.vscode-server/extensions/redhat.java-1.25.1-linux-x64/jre/17.0.9-linux-x86_64/lib/server/libjvm.so
7f663df73000-7f663dfa8000 rw-p 012b5000 08:01 2770140                    /home/dcl/.vscode-server/extensions/redhat.java-1.25.1-linux-x64/jre/17.0.9-linux-x86_64/lib/server/libjvm.so
7f663dfa8000-7f663e002000 rw-p 00000000 00:00 0 
7f663e002000-7f663e1e9000 r-xp 00000000 08:01 1835045                    /lib/x86_64-linux-gnu/libc-2.27.so
7f663e1e9000-7f663e3e9000 ---p 001e7000 08:01 1835045                    /lib/x86_64-linux-gnu/libc-2.27.so
7f663e3e9000-7f663e3ed000 r--p 001e7000 08:01 1835045                    /lib/x86_64-linux-gnu/libc-2.27.so
7f663e3ed000-7f663e3ef000 rw-p 001eb000 08:01 1835045                    /lib/x86_64-linux-gnu/libc-2.27.so
7f663e3ef000-7f663e3f3000 rw-p 00000000 00:00 0 
7f663e3f3000-7f663e3f6000 r-xp 00000000 08:01 1835048                    /lib/x86_64-linux-gnu/libdl-2.27.so
7f663e3f6000-7f663e5f5000 ---p 00003000 08:01 1835048                    /lib/x86_64-linux-gnu/libdl-2.27.so
7f663e5f5000-7f663e5f6000 r--p 00002000 08:01 1835048                    /lib/x86_64-linux-gnu/libdl-2.27.so
7f663e5f6000-7f663e5f7000 rw-p 00003000 08:01 1835048                    /lib/x86_64-linux-gnu/libdl-2.27.so
7f663e5f7000-7f663e611000 r-xp 00000000 08:01 1840183                    /lib/x86_64-linux-gnu/libpthread-2.27.so
7f663e611000-7f663e810000 ---p 0001a000 08:01 1840183                    /lib/x86_64-linux-gnu/libpthread-2.27.so
7f663e810000-7f663e811000 r--p 00019000 08:01 1840183                    /lib/x86_64-linux-gnu/libpthread-2.27.so
7f663e811000-7f663e812000 rw-p 0001a000 08:01 1840183                    /lib/x86_64-linux-gnu/libpthread-2.27.so
7f663e812000-7f663e816000 rw-p 00000000 00:00 0 
7f663e816000-7f663e83d000 r-xp 00000000 08:01 1835021                    /lib/x86_64-linux-gnu/ld-2.27.so
7f663e83e000-7f663e845000 r--p 00000000 08:01 2634313                    /home/dcl/.vscode-server/extensions/redhat.java-1.25.1-linux-x64/jre/17.0.9-linux-x86_64/lib/libnio.so
7f663e845000-7f663e84e000 r-xp 00007000 08:01 2634313                    /home/dcl/.vscode-server/extensions/redhat.java-1.25.1-linux-x64/jre/17.0.9-linux-x86_64/lib/libnio.so
7f663e84e000-7f663e852000 r--p 00010000 08:01 2634313                    /home/dcl/.vscode-server/extensions/redhat.java-1.25.1-linux-x64/jre/17.0.9-linux-x86_64/lib/libnio.so
7f663e852000-7f663e853000 ---p 00014000 08:01 2634313                    /home/dcl/.vscode-server/extensions/redhat.java-1.25.1-linux-x64/jre/17.0.9-linux-x86_64/lib/libnio.so
7f663e853000-7f663e854000 r--p 00014000 08:01 2634313                    /home/dcl/.vscode-server/extensions/redhat.java-1.25.1-linux-x64/jre/17.0.9-linux-x86_64/lib/libnio.so
7f663e854000-7f663e855000 rw-p 00015000 08:01 2634313                    /home/dcl/.vscode-server/extensions/redhat.java-1.25.1-linux-x64/jre/17.0.9-linux-x86_64/lib/libnio.so
7f663e855000-7f663e8af000 rw-p 00000000 00:00 0 
7f663e8af000-7f663e8b6000 ---p 00000000 00:00 0 
7f663e8b6000-7f663e8be000 rw-s 00000000 08:01 399307                     /tmp/hsperfdata_dcl/8315
7f663e8be000-7f663e8cc000 r--p 00000000 08:01 2634299                    /home/dcl/.vscode-server/extensions/redhat.java-1.25.1-linux-x64/jre/17.0.9-linux-x86_64/lib/libjava.so
7f663e8cc000-7f663e8de000 r-xp 0000e000 08:01 2634299                    /home/dcl/.vscode-server/extensions/redhat.java-1.25.1-linux-x64/jre/17.0.9-linux-x86_64/lib/libjava.so
7f663e8de000-7f663e8e4000 r--p 00020000 08:01 2634299                    /home/dcl/.vscode-server/extensions/redhat.java-1.25.1-linux-x64/jre/17.0.9-linux-x86_64/lib/libjava.so
7f663e8e4000-7f663e8e5000 ---p 00026000 08:01 2634299                    /home/dcl/.vscode-server/extensions/redhat.java-1.25.1-linux-x64/jre/17.0.9-linux-x86_64/lib/libjava.so
7f663e8e5000-7f663e8e6000 r--p 00026000 08:01 2634299                    /home/dcl/.vscode-server/extensions/redhat.java-1.25.1-linux-x64/jre/17.0.9-linux-x86_64/lib/libjava.so
7f663e8e6000-7f663e8e7000 rw-p 00027000 08:01 2634299                    /home/dcl/.vscode-server/extensions/redhat.java-1.25.1-linux-x64/jre/17.0.9-linux-x86_64/lib/libjava.so
7f663e8e7000-7f663e8e8000 rw-p 00000000 00:00 0 
7f663e8e8000-7f663e8ec000 r--p 00000000 08:01 2634303                    /home/dcl/.vscode-server/extensions/redhat.java-1.25.1-linux-x64/jre/17.0.9-linux-x86_64/lib/libjimage.so
7f663e8ec000-7f663e8ff000 r-xp 00004000 08:01 2634303                    /home/dcl/.vscode-server/extensions/redhat.java-1.25.1-linux-x64/jre/17.0.9-linux-x86_64/lib/libjimage.so
7f663e8ff000-7f663e905000 r--p 00017000 08:01 2634303                    /home/dcl/.vscode-server/extensions/redhat.java-1.25.1-linux-x64/jre/17.0.9-linux-x86_64/lib/libjimage.so
7f663e905000-7f663e907000 r--p 0001c000 08:01 2634303                    /home/dcl/.vscode-server/extensions/redhat.java-1.25.1-linux-x64/jre/17.0.9-linux-x86_64/lib/libjimage.so
7f663e907000-7f663e908000 rw-p 0001e000 08:01 2634303                    /home/dcl/.vscode-server/extensions/redhat.java-1.25.1-linux-x64/jre/17.0.9-linux-x86_64/lib/libjimage.so
7f663e908000-7f663e90c000 ---p 00000000 00:00 0 
7f663e90c000-7f663ea0b000 rw-p 00000000 00:00 0 
7f663ea0f000-7f663ea11000 r--p 00000000 08:01 2634294                    /home/dcl/.vscode-server/extensions/redhat.java-1.25.1-linux-x64/jre/17.0.9-linux-x86_64/lib/libinstrument.so
7f663ea11000-7f663ea17000 r-xp 00002000 08:01 2634294                    /home/dcl/.vscode-server/extensions/redhat.java-1.25.1-linux-x64/jre/17.0.9-linux-x86_64/lib/libinstrument.so
7f663ea17000-7f663ea1a000 r--p 00008000 08:01 2634294                    /home/dcl/.vscode-server/extensions/redhat.java-1.25.1-linux-x64/jre/17.0.9-linux-x86_64/lib/libinstrument.so
7f663ea1a000-7f663ea1b000 r--p 0000a000 08:01 2634294                    /home/dcl/.vscode-server/extensions/redhat.java-1.25.1-linux-x64/jre/17.0.9-linux-x86_64/lib/libinstrument.so
7f663ea1b000-7f663ea1c000 rw-p 0000b000 08:01 2634294                    /home/dcl/.vscode-server/extensions/redhat.java-1.25.1-linux-x64/jre/17.0.9-linux-x86_64/lib/libinstrument.so
7f663ea1c000-7f663ea1d000 ---p 00000000 00:00 0 
7f663ea1d000-7f663ea1e000 r--p 00000000 00:00 0 
7f663ea1e000-7f663ea1f000 ---p 00000000 00:00 0 
7f663ea1f000-7f663ea22000 r--p 00000000 08:01 2634304                    /home/dcl/.vscode-server/extensions/redhat.java-1.25.1-linux-x64/jre/17.0.9-linux-x86_64/lib/libjli.so
7f663ea22000-7f663ea32000 r-xp 00003000 08:01 2634304                    /home/dcl/.vscode-server/extensions/redhat.java-1.25.1-linux-x64/jre/17.0.9-linux-x86_64/lib/libjli.so
7f663ea32000-7f663ea39000 r--p 00013000 08:01 2634304                    /home/dcl/.vscode-server/extensions/redhat.java-1.25.1-linux-x64/jre/17.0.9-linux-x86_64/lib/libjli.so
7f663ea39000-7f663ea3a000 r--p 00019000 08:01 2634304                    /home/dcl/.vscode-server/extensions/redhat.java-1.25.1-linux-x64/jre/17.0.9-linux-x86_64/lib/libjli.so
7f663ea3a000-7f663ea3b000 rw-p 0001a000 08:01 2634304                    /home/dcl/.vscode-server/extensions/redhat.java-1.25.1-linux-x64/jre/17.0.9-linux-x86_64/lib/libjli.so
7f663ea3b000-7f663ea3d000 rw-p 00000000 00:00 0 
7f663ea3d000-7f663ea3e000 r--p 00027000 08:01 1835021                    /lib/x86_64-linux-gnu/ld-2.27.so
7f663ea3e000-7f663ea3f000 rw-p 00028000 08:01 1835021                    /lib/x86_64-linux-gnu/ld-2.27.so
7f663ea3f000-7f663ea40000 rw-p 00000000 00:00 0 
7fff6aabe000-7fff6aadf000 rw-p 00000000 00:00 0                          [stack]
7fff6aaec000-7fff6aaef000 r--p 00000000 00:00 0                          [vvar]
7fff6aaef000-7fff6aaf1000 r-xp 00000000 00:00 0                          [vdso]
ffffffffff600000-ffffffffff601000 r-xp 00000000 00:00 0                  [vsyscall]


VM Arguments:
jvm_args: --add-modules=ALL-SYSTEM --add-opens=java.base/java.util=ALL-UNNAMED --add-opens=java.base/java.lang=ALL-UNNAMED --add-opens=java.base/sun.nio.fs=ALL-UNNAMED -Declipse.application=org.eclipse.jdt.ls.core.id1 -Dosgi.bundles.defaultStartLevel=4 -Declipse.product=org.eclipse.jdt.ls.core.product -Djava.import.generatesMetadataFilesAtProjectRoot=false -DDetectVMInstallationsJob.disabled=true -Dfile.encoding=utf8 -XX:+UseParallelGC -XX:GCTimeRatio=4 -XX:AdaptiveSizePolicyWeight=90 -Dsun.zip.disableMemoryMapping=true -Xmx1G -Xms100m -Xlog:disable -javaagent:/home/dcl/.vscode-server/extensions/redhat.java-1.25.1-linux-x64/lombok/lombok-1.18.30.jar -XX:+HeapDumpOnOutOfMemoryError -XX:HeapDumpPath=/home/dcl/.vscode-server/data/User/workspaceStorage/593f31e793a9bcbb0e0576dec4405280/redhat.java -Daether.dependencyCollector.impl=bf 
java_command: /home/dcl/.vscode-server/extensions/redhat.java-1.25.1-linux-x64/server/plugins/org.eclipse.equinox.launcher_1.6.600.v20231106-1826.jar -configuration /home/dcl/.vscode-server/data/User/globalStorage/redhat.java/1.25.1/config_linux -data /home/dcl/.vscode-server/data/User/workspaceStorage/593f31e793a9bcbb0e0576dec4405280/redhat.java/jdt_ws --stdio
java_class_path (initial): /home/dcl/.vscode-server/extensions/redhat.java-1.25.1-linux-x64/server/plugins/org.eclipse.equinox.launcher_1.6.600.v20231106-1826.jar
Launcher Type: SUN_STANDARD

[Global flags]
    uintx AdaptiveSizePolicyWeight                 = 90                                        {product} {command line}
     intx CICompilerCount                          = 2                                         {product} {ergonomic}
    uintx GCTimeRatio                              = 4                                         {product} {command line}
     bool HeapDumpOnOutOfMemoryError               = true                                   {manageable} {command line}
    ccstr HeapDumpPath                             = /home/dcl/.vscode-server/data/User/workspaceStorage/593f31e793a9bcbb0e0576dec4405280/redhat.java         {manageable} {command line}
   size_t InitialHeapSize                          = 104857600                                 {product} {command line}
   size_t MaxHeapSize                              = 1073741824                                {product} {command line}
   size_t MaxNewSize                               = 357564416                                 {product} {ergonomic}
   size_t MinHeapDeltaBytes                        = 524288                                    {product} {ergonomic}
   size_t MinHeapSize                              = 104857600                                 {product} {command line}
   size_t NewSize                                  = 34603008                                  {product} {ergonomic}
    uintx NonNMethodCodeHeapSize                   = 5826188                                {pd product} {ergonomic}
    uintx NonProfiledCodeHeapSize                  = 122916026                              {pd product} {ergonomic}
   size_t OldSize                                  = 70254592                                  {product} {ergonomic}
    uintx ProfiledCodeHeapSize                     = 122916026                              {pd product} {ergonomic}
    uintx ReservedCodeCacheSize                    = 251658240                              {pd product} {ergonomic}
     bool SegmentedCodeCache                       = true                                      {product} {ergonomic}
   size_t SoftMaxHeapSize                          = 1073741824                             {manageable} {ergonomic}
     bool UseCompressedClassPointers               = true                           {product lp64_product} {ergonomic}
     bool UseCompressedOops                        = true                           {product lp64_product} {ergonomic}
     bool UseParallelGC                            = true                                      {product} {command line}

Logging:
Log output configuration:
 #0: stdout all=off uptime,level,tags
 #1: stderr all=off uptime,level,tags

Environment Variables:
PATH=/home/dcl/.vscode-server/bin/af28b32d7e553898b2a91af498b1fb666fdebe0c/bin/remote-cli:/usr/local/sbin:/usr/local/bin:/usr/sbin:/usr/bin:/sbin:/bin:/usr/games:/usr/local/games:/snap/bin
SHELL=/bin/bash
LANG=en_US.UTF-8
LC_NUMERIC=de_CH.UTF-8
LC_TIME=de_CH.UTF-8

Active Locale:
LC_ALL=LC_CTYPE=en_US.UTF-8;LC_NUMERIC=de_CH.UTF-8;LC_TIME=de_CH.UTF-8;LC_COLLATE=en_US.UTF-8;LC_MONETARY=de_CH.UTF-8;LC_MESSAGES=en_US.UTF-8;LC_PAPER=de_CH.UTF-8;LC_NAME=de_CH.UTF-8;LC_ADDRESS=de_CH.UTF-8;LC_TELEPHONE=de_CH.UTF-8;LC_MEASUREMENT=de_CH.UTF-8;LC_IDENTIFICATION=de_CH.UTF-8
LC_COLLATE=en_US.UTF-8
LC_CTYPE=en_US.UTF-8
LC_MESSAGES=en_US.UTF-8
LC_MONETARY=de_CH.UTF-8
LC_NUMERIC=de_CH.UTF-8
LC_TIME=de_CH.UTF-8

Signal Handlers:
   SIGSEGV: crash_handler in libjvm.so, mask=11100100010111111101111111111110, flags=SA_RESTART|SA_SIGINFO, unblocked
    SIGBUS: crash_handler in libjvm.so, mask=11100100010111111101111111111110, flags=SA_RESTART|SA_SIGINFO, unblocked
    SIGFPE: crash_handler in libjvm.so, mask=11100100010111111101111111111110, flags=SA_RESTART|SA_SIGINFO, unblocked
   SIGPIPE: javaSignalHandler in libjvm.so, mask=11100100010111111101111111111110, flags=SA_RESTART|SA_SIGINFO, unblocked
   SIGXFSZ: javaSignalHandler in libjvm.so, mask=11100100010111111101111111111110, flags=SA_RESTART|SA_SIGINFO, unblocked
    SIGILL: crash_handler in libjvm.so, mask=11100100010111111101111111111110, flags=SA_RESTART|SA_SIGINFO, unblocked
   SIGUSR2: SR_handler in libjvm.so, mask=00000000000000000000000000000000, flags=SA_RESTART|SA_SIGINFO, unblocked
    SIGHUP: UserHandler in libjvm.so, mask=11100100010111111101111111111110, flags=SA_RESTART|SA_SIGINFO, unblocked
    SIGINT: UserHandler in libjvm.so, mask=11100100010111111101111111111110, flags=SA_RESTART|SA_SIGINFO, unblocked
   SIGTERM: UserHandler in libjvm.so, mask=11100100010111111101111111111110, flags=SA_RESTART|SA_SIGINFO, unblocked
   SIGQUIT: UserHandler in libjvm.so, mask=11100100010111111101111111111110, flags=SA_RESTART|SA_SIGINFO, unblocked
   SIGTRAP: crash_handler in libjvm.so, mask=11100100010111111101111111111110, flags=SA_RESTART|SA_SIGINFO, unblocked


Periodic native trim disabled


---------------  S Y S T E M  ---------------

OS:
DISTRIB_ID=Ubuntu
DISTRIB_RELEASE=18.04
DISTRIB_CODENAME=bionic
DISTRIB_DESCRIPTION="Ubuntu 18.04.5 LTS"
uname: Linux 4.15.0-117-generic #118-Ubuntu SMP Fri Sep 4 20:02:41 UTC 2020 x86_64
OS uptime: 0 days 4:36 hours
libc: glibc 2.27 NPTL 2.27 
rlimit (soft/hard): STACK 8192k/infinity , CORE 0k/infinity , NPROC 3764/3764 , NOFILE 1048576/1048576 , AS infinity/infinity , CPU infinity/infinity , DATA infinity/infinity , FSIZE infinity/infinity , MEMLOCK 16384k/16384k
load average: 15.68 7.85 4.02

/proc/meminfo:
MemTotal:        1008600 kB
MemFree:           49480 kB
MemAvailable:          0 kB
Buffers:             180 kB
Cached:            13128 kB
SwapCached:          352 kB
Active:           419492 kB
Inactive:         419524 kB
Active(anon):     413952 kB
Inactive(anon):   413888 kB
Active(file):       5540 kB
Inactive(file):     5636 kB
Unevictable:          32 kB
Mlocked:              32 kB
SwapTotal:       2097148 kB
SwapFree:              0 kB
Dirty:                32 kB
Writeback:           256 kB
AnonPages:        825676 kB
Mapped:             8956 kB
Shmem:              1936 kB
Slab:              46728 kB
SReclaimable:      20060 kB
SUnreclaim:        26668 kB
KernelStack:       10272 kB
PageTables:        38220 kB
NFS_Unstable:          0 kB
Bounce:                0 kB
WritebackTmp:          0 kB
CommitLimit:     2601448 kB
Committed_AS:    5762524 kB
VmallocTotal:   34359738367 kB
VmallocUsed:           0 kB
VmallocChunk:          0 kB
HardwareCorrupted:     0 kB
AnonHugePages:         0 kB
ShmemHugePages:        0 kB
ShmemPmdMapped:        0 kB
CmaTotal:              0 kB
CmaFree:               0 kB
HugePages_Total:       0
HugePages_Free:        0
HugePages_Rsvd:        0
HugePages_Surp:        0
Hugepagesize:       2048 kB
DirectMap4k:      116672 kB
DirectMap2M:      931840 kB

/sys/kernel/mm/transparent_hugepage/enabled: always [madvise] never
/sys/kernel/mm/transparent_hugepage/defrag (defrag/compaction efforts parameter): always defer defer+madvise [madvise] never

Process Memory:
Virtual Size: 3661784K (peak: 3711352K)
Resident Set Size: 302508K (peak: 305984K) (anon: 302508K, file: 0K, shmem: 0K)
Swapped out: 8376K
C-Heap outstanding allocations: 42921K, retained: 34838K
glibc malloc tunables: (default)

/proc/sys/kernel/threads-max (system-wide limit on the number of threads): 7528
/proc/sys/vm/max_map_count (maximum number of memory map areas a process may have): 65530
/proc/sys/kernel/pid_max (system-wide limit on number of process identifiers): 32768

container (cgroup) information:
container_type: cgroupv1
cpu_cpuset_cpus: 0-1
cpu_memory_nodes: 0
active_processor_count: 2
cpu_quota: no quota
cpu_period: 100000
cpu_shares: no shares
memory_limit_in_bytes: unlimited
memory_and_swap_limit_in_bytes: not supported
memory_soft_limit_in_bytes: unlimited
memory_usage_in_bytes: 840732 k
memory_max_usage_in_bytes: unlimited
kernel_memory_usage_in_bytes: unlimited
kernel_memory_max_usage_in_bytes: unlimited
kernel_memory_limit_in_bytes: unlimited
maximum number of tasks: unlimited
current number of tasks: 250

KVM virtualization detected
Steal ticks since vm start: 0
Steal ticks percentage since vm start:  0.000

CPU: total 2 (initial active 2) (2 cores per cpu, 1 threads per core) family 6 model 142 stepping 10 microcode 0x0, cx8, cmov, fxsr, mmx, 3dnowpref, sse, sse2, sse3, ssse3, sse4.1, sse4.2, popcnt, lzcnt, tsc, tscinvbit, avx, avx2, aes, clmul, bmi1, bmi2, vzeroupper, clflush, clflushopt, hv
CPU Model and flags from /proc/cpuinfo:
model name	: Intel(R) Core(TM) i5-8259U CPU @ 2.30GHz
flags		: fpu vme de pse tsc msr pae mce cx8 apic sep mtrr pge mca cmov pat pse36 clflush mmx fxsr sse sse2 ht syscall nx rdtscp lm constant_tsc rep_good nopl xtopology nonstop_tsc cpuid tsc_known_freq pni pclmulqdq ssse3 cx16 pcid sse4_1 sse4_2 x2apic movbe popcnt aes xsave avx rdrand hypervisor lahf_lm abm 3dnowprefetch invpcid_single pti fsgsbase bmi1 avx2 bmi2 invpcid rdseed clflushopt md_clear flush_l1d arch_capabilities

Online cpus: 0-1
Offline cpus: 
BIOS frequency limitation: <Not Available>
Frequency switch latency (ns): <Not Available>
Available cpu frequencies: <Not Available>
Current governor: <Not Available>
Core performance/turbo boost: <Not Available>

Memory: 4k page, physical 1008600k(49580k free), swap 2097148k(8k free)
Page Sizes: 4k

vm_info: OpenJDK 64-Bit Server VM (17.0.9+9) for linux-amd64 JRE (17.0.9+9), built on Oct 17 2023 00:00:00 by "admin" with gcc 10.3.0

END.
