#
# There is insufficient memory for the Java Runtime Environment to continue.
# Native memory allocation (mmap) failed to map 7340032 bytes for committing reserved memory.
# Possible reasons:
#   The system is out of physical RAM or swap space
#   The process is running with CompressedOops enabled, and the Java Heap may be blocking the growth of the native heap
# Possible solutions:
#   Reduce memory load on the system
#   Increase physical memory or swap space
#   Check if swap backing store is full
#   Decrease Java heap size (-Xmx/-Xms)
#   Decrease number of Java threads
#   Decrease Java thread stack sizes (-Xss)
#   Set larger code cache with -XX:ReservedCodeCacheSize=
#   JVM is running with Unscaled Compressed Oops mode in which the Java heap is
#     placed in the first 4GB address space. The Java Heap base address is the
#     maximum limit for the native heap growth. Please use -XX:HeapBaseMinAddress
#     to set the Java Heap base and to place the Java Heap above 4GB virtual address.
# This output file may be truncated or incomplete.
#
#  Out of Memory Error (os_linux.cpp:2828), pid=8099, tid=8102
#
# JRE version: OpenJDK Runtime Environment Temurin-17.0.9+9 (17.0.9+9) (build 17.0.9+9)
# Java VM: OpenJDK 64-Bit Server VM Temurin-17.0.9+9 (17.0.9+9, mixed mode, tiered, compressed oops, compressed class ptrs, parallel gc, linux-amd64)
# Core dump will be written. Default location: Core dumps may be processed with "/usr/share/apport/apport %p %s %c %d %P %E" (or dumping to /home/dcl/Desktop/DSA/core.8099)
#

---------------  S U M M A R Y ------------

Command Line: --add-modules=ALL-SYSTEM --add-opens=java.base/java.util=ALL-UNNAMED --add-opens=java.base/java.lang=ALL-UNNAMED --add-opens=java.base/sun.nio.fs=ALL-UNNAMED -Declipse.application=org.eclipse.jdt.ls.core.id1 -Dosgi.bundles.defaultStartLevel=4 -Declipse.product=org.eclipse.jdt.ls.core.product -Djava.import.generatesMetadataFilesAtProjectRoot=false -DDetectVMInstallationsJob.disabled=true -Dfile.encoding=utf8 -XX:+UseParallelGC -XX:GCTimeRatio=4 -XX:AdaptiveSizePolicyWeight=90 -Dsun.zip.disableMemoryMapping=true -Xmx1G -Xms100m -Xlog:disable -javaagent:/home/dcl/.vscode-server/extensions/redhat.java-1.25.1-linux-x64/lombok/lombok-1.18.30.jar -XX:+HeapDumpOnOutOfMemoryError -XX:HeapDumpPath=/home/dcl/.vscode-server/data/User/workspaceStorage/593f31e793a9bcbb0e0576dec4405280/redhat.java -Daether.dependencyCollector.impl=bf /home/dcl/.vscode-server/extensions/redhat.java-1.25.1-linux-x64/server/plugins/org.eclipse.equinox.launcher_1.6.600.v20231106-1826.jar -configuration /home/dcl/.vscode-server/data/User/globalStorage/redhat.java/1.25.1/config_linux -data /home/dcl/.vscode-server/data/User/workspaceStorage/593f31e793a9bcbb0e0576dec4405280/redhat.java/jdt_ws --stdio

Host: Intel(R) Core(TM) i5-8259U CPU @ 2.30GHz, 2 cores, 984M, Ubuntu 18.04.5 LTS
Time: Mon Dec 18 15:10:16 2023 CET elapsed time: 69.625407 seconds (0d 0h 1m 9s)

---------------  T H R E A D  ---------------

Current thread (0x00007f63580699e0):  VMThread "VM Thread" [stack: 0x00007f633bdff000,0x00007f633beff000] [id=8102]

Stack: [0x00007f633bdff000,0x00007f633beff000],  sp=0x00007f633befcc30,  free space=1015k
Native frames: (J=compiled Java code, j=interpreted, Vv=VM code, C=native code)
V  [libjvm.so+0xedfde1]  VMError::report_and_die(int, char const*, char const*, __va_list_tag*, Thread*, unsigned char*, void*, void*, char const*, int, unsigned long)+0x1a1
V  [libjvm.so+0xee09ad]  VMError::report_and_die(Thread*, char const*, int, unsigned long, VMErrorType, char const*, __va_list_tag*)+0x2d
V  [libjvm.so+0x60ac3c]  report_vm_out_of_memory(char const*, int, unsigned long, VMErrorType, char const*, ...)+0xdc
V  [libjvm.so+0xc214e9]  os::pd_commit_memory(char*, unsigned long, unsigned long, bool)+0xd9
V  [libjvm.so+0xc1aacf]  os::commit_memory(char*, unsigned long, unsigned long, bool)+0x1f
V  [libjvm.so+0xc9e3bb]  PSVirtualSpace::expand_by(unsigned long)+0x4b
V  [libjvm.so+0xca004b]  PSYoungGen::resize(unsigned long, unsigned long)+0x6b
V  [libjvm.so+0xc9bdc6]  PSScavenge::invoke_no_policy()+0x1866
V  [libjvm.so+0xc9c050]  PSScavenge::invoke()+0x50
V  [libjvm.so+0xc41d1a]  ParallelScavengeHeap::failed_mem_allocate(unsigned long)+0x2a
V  [libjvm.so+0xc9e1db]  VM_ParallelGCFailedAllocation::doit()+0x4b
V  [libjvm.so+0xee52ec]  VM_Operation::evaluate()+0xec
V  [libjvm.so+0xee6ca3]  VMThread::evaluate_operation(VM_Operation*)+0x103
V  [libjvm.so+0xee7204]  VMThread::inner_execute(VM_Operation*)+0x1d4
V  [libjvm.so+0xee74ef]  VMThread::run()+0xbf
V  [libjvm.so+0xe629b0]  Thread::call_run()+0xc0
V  [libjvm.so+0xc23e91]  thread_native_entry(Thread*)+0xe1

VM_Operation (0x00007f633a5a6400): ParallelGCFailedAllocation, mode: safepoint, requested by thread 0x00007f6310319200


---------------  P R O C E S S  ---------------

Threads class SMR info:
_java_thread_list=0x00007f6308003640, length=26, elements={
0x00007f6358029ad0, 0x00007f6358121100, 0x00007f6358122680, 0x00007f635814b140,
0x00007f635814ea30, 0x00007f635814f9d0, 0x00007f6358151030, 0x00007f63581524f0,
0x00007f6358153940, 0x00007f63581d0f70, 0x00007f63582f9e40, 0x00007f63584a7090,
0x00007f63585044a0, 0x00007f6358506f70, 0x00007f63104328c0, 0x00007f631017dfa0,
0x00007f63101fc330, 0x00007f6310319200, 0x00007f6310323f10, 0x00007f631c009f30,
0x00007f6324001250, 0x00007f6310858db0, 0x00007f6358522370, 0x00007f63585a5e70,
0x00007f63585a77d0, 0x00007f6324020ab0
}

Java Threads: ( => current thread )
  0x00007f6358029ad0 JavaThread "main" [_thread_blocked, id=8100, stack(0x00007f635f87a000,0x00007f635f97b000)]
  0x00007f6358121100 JavaThread "Reference Handler" daemon [_thread_blocked, id=8103, stack(0x00007f633bcfd000,0x00007f633bdfe000)]
  0x00007f6358122680 JavaThread "Finalizer" daemon [_thread_blocked, id=8104, stack(0x00007f633bbfc000,0x00007f633bcfd000)]
  0x00007f635814b140 JavaThread "Signal Dispatcher" daemon [_thread_blocked, id=8105, stack(0x00007f633b7cb000,0x00007f633b8cc000)]
  0x00007f635814ea30 JavaThread "Service Thread" daemon [_thread_blocked, id=8106, stack(0x00007f633b6ca000,0x00007f633b7cb000)]
  0x00007f635814f9d0 JavaThread "Monitor Deflation Thread" daemon [_thread_blocked, id=8107, stack(0x00007f633b5c9000,0x00007f633b6ca000)]
  0x00007f6358151030 JavaThread "C2 CompilerThread0" daemon [_thread_blocked, id=8108, stack(0x00007f633b4c8000,0x00007f633b5c9000)]
  0x00007f63581524f0 JavaThread "C1 CompilerThread0" daemon [_thread_blocked, id=8109, stack(0x00007f633b3c7000,0x00007f633b4c8000)]
  0x00007f6358153940 JavaThread "Sweeper thread" daemon [_thread_blocked, id=8110, stack(0x00007f633b2c6000,0x00007f633b3c7000)]
  0x00007f63581d0f70 JavaThread "Common-Cleaner" daemon [_thread_blocked, id=8112, stack(0x00007f633b1c5000,0x00007f633b2c6000)]
  0x00007f63582f9e40 JavaThread "Notification Thread" daemon [_thread_blocked, id=8115, stack(0x00007f633b0c4000,0x00007f633b1c5000)]
  0x00007f63584a7090 JavaThread "Active Thread: Equinox Container: 330f679f-1643-4ef6-873d-86fc0ecfe1da" [_thread_blocked, id=8140, stack(0x00007f633adc1000,0x00007f633aec2000)]
  0x00007f63585044a0 JavaThread "Framework Event Dispatcher: Equinox Container: 330f679f-1643-4ef6-873d-86fc0ecfe1da" daemon [_thread_blocked, id=8145, stack(0x00007f633acc0000,0x00007f633adc1000)]
  0x00007f6358506f70 JavaThread "Start Level: Equinox Container: 330f679f-1643-4ef6-873d-86fc0ecfe1da" daemon [_thread_blocked, id=8146, stack(0x00007f633abbf000,0x00007f633acc0000)]
  0x00007f63104328c0 JavaThread "Bundle File Closer" daemon [_thread_blocked, id=8149, stack(0x00007f633a8ac000,0x00007f633a9ad000)]
  0x00007f631017dfa0 JavaThread "SCR Component Actor" daemon [_thread_blocked, id=8151, stack(0x00007f633a7ab000,0x00007f633a8ac000)]
  0x00007f63101fc330 JavaThread "Worker-JM" [_thread_blocked, id=8167, stack(0x00007f633a5a9000,0x00007f633a6aa000)]
  0x00007f6310319200 JavaThread "Worker-0: Initialize Workspace" [_thread_blocked, id=8187, stack(0x00007f633a4a8000,0x00007f633a5a9000)]
  0x00007f6310323f10 JavaThread "Worker-1: Java indexing... " [_thread_blocked, id=8188, stack(0x00007f633a3a7000,0x00007f633a4a8000)]
  0x00007f631c009f30 JavaThread "Worker-2" [_thread_blocked, id=8193, stack(0x00007f633a2a6000,0x00007f633a3a7000)]
  0x00007f6324001250 JavaThread "Worker-3" [_thread_blocked, id=8194, stack(0x00007f633a1a5000,0x00007f633a2a6000)]
  0x00007f6310858db0 JavaThread "Java indexing" daemon [_thread_blocked, id=8195, stack(0x00007f633a0a4000,0x00007f633a1a5000)]
  0x00007f6358522370 JavaThread "pool-2-thread-1" [_thread_blocked, id=8210, stack(0x00007f6339fa3000,0x00007f633a0a4000)]
  0x00007f63585a5e70 JavaThread "WorkspaceEventsHandler" [_thread_blocked, id=8211, stack(0x00007f633a6aa000,0x00007f633a7ab000)]
  0x00007f63585a77d0 JavaThread "pool-1-thread-1" [_thread_blocked, id=8212, stack(0x00007f6339ea2000,0x00007f6339fa3000)]
  0x00007f6324020ab0 JavaThread "Worker-4" [_thread_blocked, id=8229, stack(0x00007f6339da1000,0x00007f6339ea2000)]

Other Threads:
=>0x00007f63580699e0 VMThread "VM Thread" [stack: 0x00007f633bdff000,0x00007f633beff000] [id=8102]
  0x00007f6358298030 WatcherThread [stack: 0x00007f633afc4000,0x00007f633b0c4000] [id=8116]
  0x00007f63580401c0 GCTaskThread "GC Thread#0" [stack: 0x00007f635c970000,0x00007f635ca70000] [id=8101]
  0x00007f63340010a0 GCTaskThread "GC Thread#1" [stack: 0x00007f633aec3000,0x00007f633afc3000] [id=8134]

Threads with active compile tasks:
C2 CompilerThread0    70109 7258 %     4       org.eclipse.jdt.internal.core.search.indexing.BinaryIndexer::extractReferenceFromConstantPool @ 155 (351 bytes)
C1 CompilerThread0    70120 7583       2       java.lang.ThreadLocal$SuppliedThreadLocal::initialValue (10 bytes)

VM state: at safepoint (normal execution)

VM Mutex/Monitor currently owned by a thread:  ([mutex/lock_event])
[0x00007f63580247b0] Threads_lock - owner thread: 0x00007f63580699e0
[0x00007f6358024f60] Heap_lock - owner thread: 0x00007f6310319200

Heap address: 0x00000000c0000000, size: 1024 MB, Compressed Oops mode: 32-bit

CDS archive(s) not mapped
Compressed class space mapped at: 0x0000000100000000-0x0000000140000000, reserved size: 1073741824
Narrow klass base: 0x0000000000000000, Narrow klass shift: 3, Narrow klass range: 0x140000000

GC Precious Log:
 CPUs: 2 total, 2 available
 Memory: 984M
 Large Page Support: Disabled
 NUMA Support: Disabled
 Compressed Oops: Enabled (32-bit)
 Alignments: Space 512K, Generation 512K, Heap 2M
 Heap Min Capacity: 100M
 Heap Initial Capacity: 100M
 Heap Max Capacity: 1G
 Pre-touch: Disabled
 Parallel Workers: 2

Heap:
 PSYoungGen      total 16384K, used 2040K [0x00000000eab00000, 0x00000000ebf00000, 0x0000000100000000)
  eden space 14336K, 0% used [0x00000000eab00000,0x00000000eab00000,0x00000000eb900000)
  from space 2048K, 99% used [0x00000000ebd00000,0x00000000ebefe3b8,0x00000000ebf00000)
  to   space 3072K, 0% used [0x00000000eba00000,0x00000000eba00000,0x00000000ebd00000)
 ParOldGen       total 68608K, used 64704K [0x00000000c0000000, 0x00000000c4300000, 0x00000000eab00000)
  object space 68608K, 94% used [0x00000000c0000000,0x00000000c3f301b8,0x00000000c4300000)
 Metaspace       used 56587K, committed 57728K, reserved 1114112K
  class space    used 6149K, committed 6656K, reserved 1048576K

Card table byte_map: [0x00007f635ca70000,0x00007f635cc71000] _byte_map_base: 0x00007f635c470000

Marking Bits: (ParMarkBitMap*) 0x00007f635ef4bc40
 Begin Bits: [0x00007f63443db000, 0x00007f63453db000)
 End Bits:   [0x00007f63453db000, 0x00007f63463db000)

Polling page: 0x00007f635f98e000

Metaspace:

Usage:
  Non-class:     49.26 MB used.
      Class:      6.01 MB used.
       Both:     55.26 MB used.

Virtual space:
  Non-class space:       64.00 MB reserved,      49.88 MB ( 78%) committed,  1 nodes.
      Class space:        1.00 GB reserved,       6.50 MB ( <1%) committed,  1 nodes.
             Both:        1.06 GB reserved,      56.38 MB (  5%) committed. 

Chunk freelists:
   Non-Class:  13.97 MB
       Class:  9.44 MB
        Both:  23.41 MB

MaxMetaspaceSize: unlimited
CompressedClassSpaceSize: 1.00 GB
Initial GC threshold: 21.00 MB
Current GC threshold: 58.38 MB
CDS: off
MetaspaceReclaimPolicy: balanced
 - commit_granule_bytes: 65536.
 - commit_granule_words: 8192.
 - virtual_space_node_default_size: 8388608.
 - enlarge_chunks_in_place: 1.
 - new_chunks_are_fully_committed: 0.
 - uncommit_free_chunks: 1.
 - use_allocation_guard: 0.
 - handle_deallocations: 1.


Internal statistics:

num_allocs_failed_limit: 6.
num_arena_births: 666.
num_arena_deaths: 14.
num_vsnodes_births: 2.
num_vsnodes_deaths: 0.
num_space_committed: 902.
num_space_uncommitted: 0.
num_chunks_returned_to_freelist: 20.
num_chunks_taken_from_freelist: 2842.
num_chunk_merges: 7.
num_chunk_splits: 1812.
num_chunks_enlarged: 1086.
num_inconsistent_stats: 0.

CodeHeap 'non-profiled nmethods': size=120036Kb used=2788Kb max_used=2788Kb free=117247Kb
 bounds [0x00007f634dea2000, 0x00007f634e162000, 0x00007f63553db000]
CodeHeap 'profiled nmethods': size=120032Kb used=13016Kb max_used=13016Kb free=107015Kb
 bounds [0x00007f63463db000, 0x00007f634709b000, 0x00007f634d913000]
CodeHeap 'non-nmethods': size=5692Kb used=1293Kb max_used=1356Kb free=4398Kb
 bounds [0x00007f634d913000, 0x00007f634db83000, 0x00007f634dea2000]
 total_blobs=7152 nmethods=6524 adapters=543
 compilation: enabled
              stopped_count=0, restarted_count=0
 full_count=0

Compilation events (20 events):
Event: 65.887 Thread 0x00007f63581524f0 nmethod 7571 0x00007f634e15a810 code [0x00007f634e15a9a0, 0x00007f634e15aa70]
Event: 66.018 Thread 0x00007f63581524f0 7572       3       org.eclipse.jdt.internal.compiler.util.Util::scanIdentifier (71 bytes)
Event: 66.064 Thread 0x00007f63581524f0 nmethod 7572 0x00007f634708db10 code [0x00007f634708dce0, 0x00007f634708e0a0]
Event: 66.075 Thread 0x00007f63581524f0 7573       2       org.eclipse.jdt.internal.core.search.indexing.AbstractIndexer::addInterfaceDeclaration (79 bytes)
Event: 66.090 Thread 0x00007f63581524f0 nmethod 7573 0x00007f634708e210 code [0x00007f634708e440, 0x00007f634708e960]
Event: 66.090 Thread 0x00007f63581524f0 7574       1       org.eclipse.jdt.internal.compiler.classfmt.FieldInfoWithAnnotation::getAnnotations (5 bytes)
Event: 66.091 Thread 0x00007f63581524f0 nmethod 7574 0x00007f634e15ab10 code [0x00007f634e15aca0, 0x00007f634e15ad70]
Event: 66.677 Thread 0x00007f63581524f0 7575       2       org.eclipse.core.runtime.Path::removeTrailingSeparator (32 bytes)
Event: 66.723 Thread 0x00007f63581524f0 nmethod 7575 0x00007f634708ef10 code [0x00007f634708f0c0, 0x00007f634708f2a0]
Event: 66.746 Thread 0x00007f63581524f0 7576       2       org.eclipse.core.internal.dtree.DataTreeLookup::newLookup (12 bytes)
Event: 66.752 Thread 0x00007f63581524f0 nmethod 7576 0x00007f634708f390 code [0x00007f634708f520, 0x00007f634708f690]
Event: 66.752 Thread 0x00007f63581524f0 7578       1       java.lang.invoke.MethodHandleImpl$CountingWrapper::getTarget (5 bytes)
Event: 66.752 Thread 0x00007f63581524f0 nmethod 7578 0x00007f634e15ae10 code [0x00007f634e15afa0, 0x00007f634e15b070]
Event: 66.752 Thread 0x00007f63581524f0 7577       2       org.eclipse.core.internal.dtree.AbstractDataTreeNode::assembleWith (124 bytes)
Event: 66.809 Thread 0x00007f63581524f0 nmethod 7577 0x00007f634708f790 code [0x00007f634708f9c0, 0x00007f634708ffe0]
Event: 66.810 Thread 0x00007f63581524f0 7579       2       org.eclipse.sisu.inject.MildKeys$Weak::equals (40 bytes)
Event: 66.842 Thread 0x00007f63581524f0 nmethod 7579 0x00007f6347090490 code [0x00007f6347090660, 0x00007f63470908c0]
Event: 67.171 Thread 0x00007f63581524f0 7582       2       java.text.MessageFormat::applyPattern (422 bytes)
Event: 67.577 Thread 0x00007f63581524f0 nmethod 7582 0x00007f6347090990 code [0x00007f6347090c80, 0x00007f6347091ee0]
Event: 68.402 Thread 0x00007f63581524f0 7583       2       java.lang.ThreadLocal$SuppliedThreadLocal::initialValue (10 bytes)

GC Heap History (20 events):
Event: 21.768 GC heap after
{Heap after GC invocations=26 (full 2):
 PSYoungGen      total 20480K, used 1528K [0x00000000eab00000, 0x00000000ec700000, 0x0000000100000000)
  eden space 18944K, 0% used [0x00000000eab00000,0x00000000eab00000,0x00000000ebd80000)
  from space 1536K, 99% used [0x00000000ec180000,0x00000000ec2fe068,0x00000000ec300000)
  to   space 4096K, 0% used [0x00000000ebd80000,0x00000000ebd80000,0x00000000ec180000)
 ParOldGen       total 68608K, used 34360K [0x00000000c0000000, 0x00000000c4300000, 0x00000000eab00000)
  object space 68608K, 50% used [0x00000000c0000000,0x00000000c218e138,0x00000000c4300000)
 Metaspace       used 54832K, committed 55872K, reserved 1114112K
  class space    used 5962K, committed 6400K, reserved 1048576K
}
Event: 22.016 GC heap before
{Heap before GC invocations=27 (full 2):
 PSYoungGen      total 20480K, used 20459K [0x00000000eab00000, 0x00000000ec700000, 0x0000000100000000)
  eden space 18944K, 99% used [0x00000000eab00000,0x00000000ebd7cf00,0x00000000ebd80000)
  from space 1536K, 99% used [0x00000000ec180000,0x00000000ec2fe068,0x00000000ec300000)
  to   space 4096K, 0% used [0x00000000ebd80000,0x00000000ebd80000,0x00000000ec180000)
 ParOldGen       total 68608K, used 34360K [0x00000000c0000000, 0x00000000c4300000, 0x00000000eab00000)
  object space 68608K, 50% used [0x00000000c0000000,0x00000000c218e138,0x00000000c4300000)
 Metaspace       used 54909K, committed 55872K, reserved 1114112K
  class space    used 5977K, committed 6400K, reserved 1048576K
}
Event: 22.026 GC heap after
{Heap after GC invocations=27 (full 2):
 PSYoungGen      total 20992K, used 1863K [0x00000000eab00000, 0x00000000ec280000, 0x0000000100000000)
  eden space 18944K, 0% used [0x00000000eab00000,0x00000000eab00000,0x00000000ebd80000)
  from space 2048K, 90% used [0x00000000ebd80000,0x00000000ebf51c18,0x00000000ebf80000)
  to   space 2560K, 0% used [0x00000000ec000000,0x00000000ec000000,0x00000000ec280000)
 ParOldGen       total 68608K, used 35862K [0x00000000c0000000, 0x00000000c4300000, 0x00000000eab00000)
  object space 68608K, 52% used [0x00000000c0000000,0x00000000c2305910,0x00000000c4300000)
 Metaspace       used 54909K, committed 55872K, reserved 1114112K
  class space    used 5977K, committed 6400K, reserved 1048576K
}
Event: 22.773 GC heap before
{Heap before GC invocations=28 (full 2):
 PSYoungGen      total 20992K, used 20807K [0x00000000eab00000, 0x00000000ec280000, 0x0000000100000000)
  eden space 18944K, 100% used [0x00000000eab00000,0x00000000ebd80000,0x00000000ebd80000)
  from space 2048K, 90% used [0x00000000ebd80000,0x00000000ebf51c18,0x00000000ebf80000)
  to   space 2560K, 0% used [0x00000000ec000000,0x00000000ec000000,0x00000000ec280000)
 ParOldGen       total 68608K, used 35862K [0x00000000c0000000, 0x00000000c4300000, 0x00000000eab00000)
  object space 68608K, 52% used [0x00000000c0000000,0x00000000c2305910,0x00000000c4300000)
 Metaspace       used 55266K, committed 56256K, reserved 1114112K
  class space    used 6004K, committed 6464K, reserved 1048576K
}
Event: 22.992 GC heap after
{Heap after GC invocations=28 (full 2):
 PSYoungGen      total 21504K, used 2407K [0x00000000eab00000, 0x00000000ec280000, 0x0000000100000000)
  eden space 18944K, 0% used [0x00000000eab00000,0x00000000eab00000,0x00000000ebd80000)
  from space 2560K, 94% used [0x00000000ec000000,0x00000000ec259cd8,0x00000000ec280000)
  to   space 2560K, 0% used [0x00000000ebd80000,0x00000000ebd80000,0x00000000ec000000)
 ParOldGen       total 68608K, used 37340K [0x00000000c0000000, 0x00000000c4300000, 0x00000000eab00000)
  object space 68608K, 54% used [0x00000000c0000000,0x00000000c2477070,0x00000000c4300000)
 Metaspace       used 55266K, committed 56256K, reserved 1114112K
  class space    used 6004K, committed 6464K, reserved 1048576K
}
Event: 23.801 GC heap before
{Heap before GC invocations=29 (full 2):
 PSYoungGen      total 21504K, used 21351K [0x00000000eab00000, 0x00000000ec280000, 0x0000000100000000)
  eden space 18944K, 100% used [0x00000000eab00000,0x00000000ebd80000,0x00000000ebd80000)
  from space 2560K, 94% used [0x00000000ec000000,0x00000000ec259cd8,0x00000000ec280000)
  to   space 2560K, 0% used [0x00000000ebd80000,0x00000000ebd80000,0x00000000ec000000)
 ParOldGen       total 68608K, used 37340K [0x00000000c0000000, 0x00000000c4300000, 0x00000000eab00000)
  object space 68608K, 54% used [0x00000000c0000000,0x00000000c2477070,0x00000000c4300000)
 Metaspace       used 55878K, committed 56960K, reserved 1114112K
  class space    used 6074K, committed 6528K, reserved 1048576K
}
Event: 24.016 GC heap after
{Heap after GC invocations=29 (full 2):
 PSYoungGen      total 21504K, used 2528K [0x00000000eab00000, 0x00000000ec980000, 0x0000000100000000)
  eden space 18944K, 0% used [0x00000000eab00000,0x00000000eab00000,0x00000000ebd80000)
  from space 2560K, 98% used [0x00000000ebd80000,0x00000000ebff81a8,0x00000000ec000000)
  to   space 6144K, 0% used [0x00000000ec380000,0x00000000ec380000,0x00000000ec980000)
 ParOldGen       total 68608K, used 40247K [0x00000000c0000000, 0x00000000c4300000, 0x00000000eab00000)
  object space 68608K, 58% used [0x00000000c0000000,0x00000000c274dd38,0x00000000c4300000)
 Metaspace       used 55878K, committed 56960K, reserved 1114112K
  class space    used 6074K, committed 6528K, reserved 1048576K
}
Event: 24.655 GC heap before
{Heap before GC invocations=30 (full 2):
 PSYoungGen      total 21504K, used 21472K [0x00000000eab00000, 0x00000000ec980000, 0x0000000100000000)
  eden space 18944K, 100% used [0x00000000eab00000,0x00000000ebd80000,0x00000000ebd80000)
  from space 2560K, 98% used [0x00000000ebd80000,0x00000000ebff81a8,0x00000000ec000000)
  to   space 6144K, 0% used [0x00000000ec380000,0x00000000ec380000,0x00000000ec980000)
 ParOldGen       total 68608K, used 40247K [0x00000000c0000000, 0x00000000c4300000, 0x00000000eab00000)
  object space 68608K, 58% used [0x00000000c0000000,0x00000000c274dd38,0x00000000c4300000)
 Metaspace       used 56049K, committed 57152K, reserved 1114112K
  class space    used 6096K, committed 6592K, reserved 1048576K
}
Event: 24.826 GC heap after
{Heap after GC invocations=30 (full 2):
 PSYoungGen      total 23040K, used 3906K [0x00000000eab00000, 0x00000000ec780000, 0x0000000100000000)
  eden space 18944K, 0% used [0x00000000eab00000,0x00000000eab00000,0x00000000ebd80000)
  from space 4096K, 95% used [0x00000000ec380000,0x00000000ec7509f0,0x00000000ec780000)
  to   space 4608K, 0% used [0x00000000ebe80000,0x00000000ebe80000,0x00000000ec300000)
 ParOldGen       total 68608K, used 42739K [0x00000000c0000000, 0x00000000c4300000, 0x00000000eab00000)
  object space 68608K, 62% used [0x00000000c0000000,0x00000000c29bcc60,0x00000000c4300000)
 Metaspace       used 56049K, committed 57152K, reserved 1114112K
  class space    used 6096K, committed 6592K, reserved 1048576K
}
Event: 25.992 GC heap before
{Heap before GC invocations=31 (full 2):
 PSYoungGen      total 23040K, used 22850K [0x00000000eab00000, 0x00000000ec780000, 0x0000000100000000)
  eden space 18944K, 100% used [0x00000000eab00000,0x00000000ebd80000,0x00000000ebd80000)
  from space 4096K, 95% used [0x00000000ec380000,0x00000000ec7509f0,0x00000000ec780000)
  to   space 4608K, 0% used [0x00000000ebe80000,0x00000000ebe80000,0x00000000ec300000)
 ParOldGen       total 68608K, used 42739K [0x00000000c0000000, 0x00000000c4300000, 0x00000000eab00000)
  object space 68608K, 62% used [0x00000000c0000000,0x00000000c29bcc60,0x00000000c4300000)
 Metaspace       used 56196K, committed 57280K, reserved 1114112K
  class space    used 6109K, committed 6592K, reserved 1048576K
}
Event: 26.712 GC heap after
{Heap after GC invocations=31 (full 2):
 PSYoungGen      total 23040K, used 4032K [0x00000000eab00000, 0x00000000ec580000, 0x0000000100000000)
  eden space 18944K, 0% used [0x00000000eab00000,0x00000000eab00000,0x00000000ebd80000)
  from space 4096K, 98% used [0x00000000ebe80000,0x00000000ec270340,0x00000000ec280000)
  to   space 3072K, 0% used [0x00000000ec280000,0x00000000ec280000,0x00000000ec580000)
 ParOldGen       total 68608K, used 46597K [0x00000000c0000000, 0x00000000c4300000, 0x00000000eab00000)
  object space 68608K, 67% used [0x00000000c0000000,0x00000000c2d815c0,0x00000000c4300000)
 Metaspace       used 56196K, committed 57280K, reserved 1114112K
  class space    used 6109K, committed 6592K, reserved 1048576K
}
Event: 49.836 GC heap before
{Heap before GC invocations=32 (full 2):
 PSYoungGen      total 23040K, used 22976K [0x00000000eab00000, 0x00000000ec580000, 0x0000000100000000)
  eden space 18944K, 100% used [0x00000000eab00000,0x00000000ebd80000,0x00000000ebd80000)
  from space 4096K, 98% used [0x00000000ebe80000,0x00000000ec270340,0x00000000ec280000)
  to   space 3072K, 0% used [0x00000000ec280000,0x00000000ec280000,0x00000000ec580000)
 ParOldGen       total 68608K, used 46597K [0x00000000c0000000, 0x00000000c4300000, 0x00000000eab00000)
  object space 68608K, 67% used [0x00000000c0000000,0x00000000c2d815c0,0x00000000c4300000)
 Metaspace       used 56304K, committed 57408K, reserved 1114112K
  class space    used 6121K, committed 6656K, reserved 1048576K
}
Event: 50.074 GC heap after
{Heap after GC invocations=32 (full 2):
 PSYoungGen      total 17408K, used 3056K [0x00000000eab00000, 0x00000000ed080000, 0x0000000100000000)
  eden space 14336K, 0% used [0x00000000eab00000,0x00000000eab00000,0x00000000eb900000)
  from space 3072K, 99% used [0x00000000ec280000,0x00000000ec57c310,0x00000000ec580000)
  to   space 9728K, 0% used [0x00000000eb900000,0x00000000eb900000,0x00000000ec280000)
 ParOldGen       total 68608K, used 52156K [0x00000000c0000000, 0x00000000c4300000, 0x00000000eab00000)
  object space 68608K, 76% used [0x00000000c0000000,0x00000000c32ef0f8,0x00000000c4300000)
 Metaspace       used 56304K, committed 57408K, reserved 1114112K
  class space    used 6121K, committed 6656K, reserved 1048576K
}
Event: 63.413 GC heap before
{Heap before GC invocations=33 (full 2):
 PSYoungGen      total 17408K, used 17392K [0x00000000eab00000, 0x00000000ed080000, 0x0000000100000000)
  eden space 14336K, 100% used [0x00000000eab00000,0x00000000eb900000,0x00000000eb900000)
  from space 3072K, 99% used [0x00000000ec280000,0x00000000ec57c310,0x00000000ec580000)
  to   space 9728K, 0% used [0x00000000eb900000,0x00000000eb900000,0x00000000ec280000)
 ParOldGen       total 68608K, used 52156K [0x00000000c0000000, 0x00000000c4300000, 0x00000000eab00000)
  object space 68608K, 76% used [0x00000000c0000000,0x00000000c32ef0f8,0x00000000c4300000)
 Metaspace       used 56462K, committed 57536K, reserved 1114112K
  class space    used 6134K, committed 6656K, reserved 1048576K
}
Event: 63.431 GC heap after
{Heap after GC invocations=33 (full 2):
 PSYoungGen      total 17408K, used 2813K [0x00000000eab00000, 0x00000000ec300000, 0x0000000100000000)
  eden space 14336K, 0% used [0x00000000eab00000,0x00000000eab00000,0x00000000eb900000)
  from space 3072K, 91% used [0x00000000eb900000,0x00000000ebbbf568,0x00000000ebc00000)
  to   space 5120K, 0% used [0x00000000ebe00000,0x00000000ebe00000,0x00000000ec300000)
 ParOldGen       total 68608K, used 55130K [0x00000000c0000000, 0x00000000c4300000, 0x00000000eab00000)
  object space 68608K, 80% used [0x00000000c0000000,0x00000000c35d6938,0x00000000c4300000)
 Metaspace       used 56462K, committed 57536K, reserved 1114112K
  class space    used 6134K, committed 6656K, reserved 1048576K
}
Event: 64.945 GC heap before
{Heap before GC invocations=34 (full 2):
 PSYoungGen      total 17408K, used 17149K [0x00000000eab00000, 0x00000000ec300000, 0x0000000100000000)
  eden space 14336K, 100% used [0x00000000eab00000,0x00000000eb900000,0x00000000eb900000)
  from space 3072K, 91% used [0x00000000eb900000,0x00000000ebbbf568,0x00000000ebc00000)
  to   space 5120K, 0% used [0x00000000ebe00000,0x00000000ebe00000,0x00000000ec300000)
 ParOldGen       total 68608K, used 55130K [0x00000000c0000000, 0x00000000c4300000, 0x00000000eab00000)
  object space 68608K, 80% used [0x00000000c0000000,0x00000000c35d6938,0x00000000c4300000)
 Metaspace       used 56535K, committed 57600K, reserved 1114112K
  class space    used 6144K, committed 6656K, reserved 1048576K
}
Event: 65.278 GC heap after
{Heap after GC invocations=34 (full 2):
 PSYoungGen      total 17408K, used 3001K [0x00000000eab00000, 0x00000000ec100000, 0x0000000100000000)
  eden space 14336K, 0% used [0x00000000eab00000,0x00000000eab00000,0x00000000eb900000)
  from space 3072K, 97% used [0x00000000ebe00000,0x00000000ec0ee478,0x00000000ec100000)
  to   space 3584K, 0% used [0x00000000eba00000,0x00000000eba00000,0x00000000ebd80000)
 ParOldGen       total 68608K, used 57877K [0x00000000c0000000, 0x00000000c4300000, 0x00000000eab00000)
  object space 68608K, 84% used [0x00000000c0000000,0x00000000c3885700,0x00000000c4300000)
 Metaspace       used 56535K, committed 57600K, reserved 1114112K
  class space    used 6144K, committed 6656K, reserved 1048576K
}
Event: 66.144 GC heap before
{Heap before GC invocations=35 (full 2):
 PSYoungGen      total 17408K, used 17337K [0x00000000eab00000, 0x00000000ec100000, 0x0000000100000000)
  eden space 14336K, 100% used [0x00000000eab00000,0x00000000eb900000,0x00000000eb900000)
  from space 3072K, 97% used [0x00000000ebe00000,0x00000000ec0ee478,0x00000000ec100000)
  to   space 3584K, 0% used [0x00000000eba00000,0x00000000eba00000,0x00000000ebd80000)
 ParOldGen       total 68608K, used 57877K [0x00000000c0000000, 0x00000000c4300000, 0x00000000eab00000)
  object space 68608K, 84% used [0x00000000c0000000,0x00000000c3885700,0x00000000c4300000)
 Metaspace       used 56544K, committed 57600K, reserved 1114112K
  class space    used 6144K, committed 6656K, reserved 1048576K
}
Event: 66.641 GC heap after
{Heap after GC invocations=35 (full 2):
 PSYoungGen      total 17408K, used 3040K [0x00000000eab00000, 0x00000000ebf00000, 0x0000000100000000)
  eden space 14336K, 0% used [0x00000000eab00000,0x00000000eab00000,0x00000000eb900000)
  from space 3072K, 98% used [0x00000000eba00000,0x00000000ebcf82d0,0x00000000ebd00000)
  to   space 2048K, 0% used [0x00000000ebd00000,0x00000000ebd00000,0x00000000ebf00000)
 ParOldGen       total 68608K, used 60892K [0x00000000c0000000, 0x00000000c4300000, 0x00000000eab00000)
  object space 68608K, 88% used [0x00000000c0000000,0x00000000c3b77138,0x00000000c4300000)
 Metaspace       used 56544K, committed 57600K, reserved 1114112K
  class space    used 6144K, committed 6656K, reserved 1048576K
}
Event: 68.659 GC heap before
{Heap before GC invocations=36 (full 2):
 PSYoungGen      total 17408K, used 17376K [0x00000000eab00000, 0x00000000ebf00000, 0x0000000100000000)
  eden space 14336K, 100% used [0x00000000eab00000,0x00000000eb900000,0x00000000eb900000)
  from space 3072K, 98% used [0x00000000eba00000,0x00000000ebcf82d0,0x00000000ebd00000)
  to   space 2048K, 0% used [0x00000000ebd00000,0x00000000ebd00000,0x00000000ebf00000)
 ParOldGen       total 68608K, used 60892K [0x00000000c0000000, 0x00000000c4300000, 0x00000000eab00000)
  object space 68608K, 88% used [0x00000000c0000000,0x00000000c3b77138,0x00000000c4300000)
 Metaspace       used 56587K, committed 57728K, reserved 1114112K
  class space    used 6149K, committed 6656K, reserved 1048576K
}

Dll operation events (11 events):
Event: 0.018 Loaded shared library /home/dcl/.vscode-server/extensions/redhat.java-1.25.1-linux-x64/jre/17.0.9-linux-x86_64/lib/libjava.so
Event: 0.376 Loaded shared library /home/dcl/.vscode-server/extensions/redhat.java-1.25.1-linux-x64/jre/17.0.9-linux-x86_64/lib/libzip.so
Event: 0.380 Loaded shared library /home/dcl/.vscode-server/extensions/redhat.java-1.25.1-linux-x64/jre/17.0.9-linux-x86_64/lib/libinstrument.so
Event: 0.413 Loaded shared library /home/dcl/.vscode-server/extensions/redhat.java-1.25.1-linux-x64/jre/17.0.9-linux-x86_64/lib/libnio.so
Event: 0.446 Loaded shared library /home/dcl/.vscode-server/extensions/redhat.java-1.25.1-linux-x64/jre/17.0.9-linux-x86_64/lib/libzip.so
Event: 0.490 Loaded shared library /home/dcl/.vscode-server/extensions/redhat.java-1.25.1-linux-x64/jre/17.0.9-linux-x86_64/lib/libjimage.so
Event: 0.736 Loaded shared library /home/dcl/.vscode-server/extensions/redhat.java-1.25.1-linux-x64/jre/17.0.9-linux-x86_64/lib/libverify.so
Event: 2.554 Loaded shared library /home/dcl/.vscode-server/extensions/redhat.java-1.25.1-linux-x64/jre/17.0.9-linux-x86_64/lib/libnet.so
Event: 4.027 Loaded shared library /home/dcl/.vscode-server/data/User/globalStorage/redhat.java/1.25.1/config_linux/org.eclipse.equinox.launcher/org.eclipse.equinox.launcher.gtk.linux.x86_64_1.2.800.v20231003-1442/eclipse_11802.so
Event: 7.527 Loaded shared library /home/dcl/.vscode-server/extensions/redhat.java-1.25.1-linux-x64/jre/17.0.9-linux-x86_64/lib/libmanagement.so
Event: 7.531 Loaded shared library /home/dcl/.vscode-server/extensions/redhat.java-1.25.1-linux-x64/jre/17.0.9-linux-x86_64/lib/libmanagement_ext.so

Deoptimization events (20 events):
Event: 49.462 Thread 0x00007f63584a7090 DEOPT PACKING pc=0x00007f634700d130 sp=0x00007f633aec02f0
Event: 49.462 Thread 0x00007f63584a7090 DEOPT UNPACKING pc=0x00007f634d969b2f sp=0x00007f633aebf868 mode 0
Event: 49.463 Thread 0x00007f63584a7090 DEOPT PACKING pc=0x00007f634700d130 sp=0x00007f633aec02f0
Event: 49.463 Thread 0x00007f63584a7090 DEOPT UNPACKING pc=0x00007f634d969b2f sp=0x00007f633aebf868 mode 0
Event: 49.464 Thread 0x00007f63584a7090 DEOPT PACKING pc=0x00007f634700d1cc sp=0x00007f633aec02f0
Event: 49.464 Thread 0x00007f63584a7090 DEOPT UNPACKING pc=0x00007f634d969b2f sp=0x00007f633aebf868 mode 0
Event: 49.465 Thread 0x00007f63584a7090 DEOPT PACKING pc=0x00007f634700d1cc sp=0x00007f633aec02f0
Event: 49.465 Thread 0x00007f63584a7090 DEOPT UNPACKING pc=0x00007f634d969b2f sp=0x00007f633aebf868 mode 0
Event: 49.466 Thread 0x00007f63584a7090 DEOPT PACKING pc=0x00007f634700d1cc sp=0x00007f633aec02f0
Event: 49.466 Thread 0x00007f63584a7090 DEOPT UNPACKING pc=0x00007f634d969b2f sp=0x00007f633aebf868 mode 0
Event: 49.818 Thread 0x00007f63584a7090 DEOPT PACKING pc=0x00007f634700d1cc sp=0x00007f633aec02f0
Event: 49.823 Thread 0x00007f63584a7090 DEOPT UNPACKING pc=0x00007f634d969b2f sp=0x00007f633aebf868 mode 0
Event: 62.994 Thread 0x00007f6310858db0 DEOPT PACKING pc=0x00007f6346ee3d88 sp=0x00007f633a1a2fb0
Event: 63.016 Thread 0x00007f6310858db0 DEOPT UNPACKING pc=0x00007f634d969b2f sp=0x00007f633a1a25c8 mode 0
Event: 63.383 Thread 0x00007f6310319200 Uncommon trap: trap_request=0xffffff45 fr.pc=0x00007f634e0acddc relative=0x000000000000037c
Event: 63.383 Thread 0x00007f6310319200 Uncommon trap: reason=unstable_if action=reinterpret pc=0x00007f634e0acddc method=java.lang.ThreadLocal$ThreadLocalMap.set(Ljava/lang/ThreadLocal;Ljava/lang/Object;)V @ 116 c2
Event: 63.383 Thread 0x00007f6310319200 DEOPT PACKING pc=0x00007f634e0acddc sp=0x00007f633a5a68e0
Event: 63.383 Thread 0x00007f6310319200 DEOPT UNPACKING pc=0x00007f634d969399 sp=0x00007f633a5a6820 mode 2
Event: 67.714 Thread 0x00007f6310319200 DEOPT PACKING pc=0x00007f634670568e sp=0x00007f633a5a3c10
Event: 67.714 Thread 0x00007f6310319200 DEOPT UNPACKING pc=0x00007f634d969b2f sp=0x00007f633a5a30f8 mode 0

Classes unloaded (7 events):
Event: 12.735 Thread 0x00007f63580699e0 Unloading class 0x0000000100254000 'java/lang/invoke/LambdaForm$MH+0x0000000100254000'
Event: 12.735 Thread 0x00007f63580699e0 Unloading class 0x0000000100253c00 'java/lang/invoke/LambdaForm$MH+0x0000000100253c00'
Event: 12.735 Thread 0x00007f63580699e0 Unloading class 0x0000000100253800 'java/lang/invoke/LambdaForm$MH+0x0000000100253800'
Event: 12.735 Thread 0x00007f63580699e0 Unloading class 0x0000000100253400 'java/lang/invoke/LambdaForm$MH+0x0000000100253400'
Event: 12.735 Thread 0x00007f63580699e0 Unloading class 0x0000000100253000 'java/lang/invoke/LambdaForm$BMH+0x0000000100253000'
Event: 12.735 Thread 0x00007f63580699e0 Unloading class 0x0000000100252c00 'java/lang/invoke/LambdaForm$DMH+0x0000000100252c00'
Event: 12.735 Thread 0x00007f63580699e0 Unloading class 0x0000000100250000 'java/lang/invoke/LambdaForm$DMH+0x0000000100250000'

Classes redefined (0 events):
No events

Internal exceptions (20 events):
Event: 21.554 Thread 0x00007f6310319200 Exception <a 'java/lang/NoSuchMethodError'{0x00000000eb58dd40}: 'java.lang.Object java.lang.invoke.DirectMethodHandle$Holder.newInvokeSpecial(java.lang.Object, java.lang.Object, java.lang.Object, java.lang.Object, java.lang.Object, java.lang.Object, java.lang.Object)'> (0x00000000eb58dd40) 
thrown [src/hotspot/share/interpreter/linkResolver.cpp, line 758]
Event: 21.554 Thread 0x00007f6310319200 Exception <a 'java/lang/NoSuchMethodError'{0x00000000eb592218}: 'java.lang.Object java.lang.invoke.Invokers$Holder.linkToTargetMethod(java.lang.Object, java.lang.Object, java.lang.Object, java.lang.Object, java.lang.Object, java.lang.Object, java.lang.Object)'> (0x00000000eb592218) 
thrown [src/hotspot/share/interpreter/linkResolver.cpp, line 758]
Event: 21.650 Thread 0x00007f6310319200 Exception <a 'java/lang/NoSuchMethodError'{0x00000000eb742590}: 'void java.lang.invoke.DirectMethodHandle$Holder.invokeInterface(java.lang.Object, java.lang.Object)'> (0x00000000eb742590) 
thrown [src/hotspot/share/interpreter/linkResolver.cpp, line 758]
Event: 21.668 Thread 0x00007f6310319200 Exception <a 'java/lang/NoSuchMethodError'{0x00000000ebae7160}: 'java.lang.Object java.lang.invoke.DirectMethodHandle$Holder.newInvokeSpecial(java.lang.Object, java.lang.Object, java.lang.Object, java.lang.Object, java.lang.Object, java.lang.Object)'> (0x00000000ebae7160) 
thrown [src/hotspot/share/interpreter/linkResolver.cpp, line 758]
Event: 21.783 Thread 0x00007f631c6ede40 Exception <a 'java/lang/NoSuchMethodError'{0x00000000eab54b78}: 'void java.lang.invoke.DirectMethodHandle$Holder.invokeSpecial(java.lang.Object, java.lang.Object, java.lang.Object, java.lang.Object, java.lang.Object, java.lang.Object, java.lang.Object, java.lang.Object)'> (0x00000000eab54b78) 
thrown [src/hotspot/share/interpreter/linkResolver.cpp, line 758]
Event: 23.708 Thread 0x00007f6310858db0 Implicit null exception at 0x00007f634e05504f to 0x00007f634e055160
Event: 23.710 Thread 0x00007f6310319200 Exception <a 'java/io/FileNotFoundException'{0x00000000eb89f5d0}> (0x00000000eb89f5d0) 
thrown [src/hotspot/share/prims/jni.cpp, line 516]
Event: 24.397 Thread 0x00007f6310319200 Exception <a 'java/lang/NoSuchMethodError'{0x00000000eb0e76b0}: 'void java.lang.invoke.DirectMethodHandle$Holder.invokeSpecial(java.lang.Object, java.lang.Object, java.lang.Object, int)'> (0x00000000eb0e76b0) 
thrown [src/hotspot/share/interpreter/linkResolver.cpp, line 758]
Event: 25.943 Thread 0x00007f6310319200 Exception <a 'java/lang/NoSuchMethodError'{0x00000000ebb9dd20}: 'void java.lang.invoke.DirectMethodHandle$Holder.invokeSpecial(java.lang.Object, java.lang.Object, java.lang.Object, java.lang.Object, java.lang.Object)'> (0x00000000ebb9dd20) 
thrown [src/hotspot/share/interpreter/linkResolver.cpp, line 758]
Event: 27.089 Thread 0x00007f6310319200 Exception <a 'java/lang/NoSuchMethodError'{0x00000000ead36800}: static [Lorg/eclipse/jdt/core/IClasspathEntry;.<clinit>()V> (0x00000000ead36800) 
thrown [src/hotspot/share/prims/jni.cpp, line 1107]
Event: 27.381 Thread 0x00007f6310319200 Exception <a 'sun/nio/fs/UnixException'{0x00000000eb4999a8}> (0x00000000eb4999a8) 
thrown [src/hotspot/share/prims/jni.cpp, line 516]
Event: 27.381 Thread 0x00007f6310319200 Exception <a 'sun/nio/fs/UnixException'{0x00000000eb49b4d8}> (0x00000000eb49b4d8) 
thrown [src/hotspot/share/prims/jni.cpp, line 516]
Event: 27.421 Thread 0x00007f6310319200 Exception <a 'sun/nio/fs/UnixException'{0x00000000eb4d3090}> (0x00000000eb4d3090) 
thrown [src/hotspot/share/prims/jni.cpp, line 516]
Event: 49.444 Thread 0x00007f63584a7090 Implicit null exception at 0x00007f634e09040e to 0x00007f634e090708
Event: 63.345 Thread 0x00007f6310319200 Exception <a 'java/io/FileNotFoundException'{0x00000000eb3fd3a0}> (0x00000000eb3fd3a0) 
thrown [src/hotspot/share/prims/jni.cpp, line 516]
Event: 63.348 Thread 0x00007f6310319200 Exception <a 'java/io/FileNotFoundException'{0x00000000eb3fe570}> (0x00000000eb3fe570) 
thrown [src/hotspot/share/prims/jni.cpp, line 516]
Event: 64.202 Thread 0x00007f6310319200 Exception <a 'sun/nio/fs/UnixException'{0x00000000eb026488}> (0x00000000eb026488) 
thrown [src/hotspot/share/prims/jni.cpp, line 516]
Event: 65.990 Thread 0x00007f6310319200 Exception <a 'java/io/FileNotFoundException'{0x00000000eb63cd08}> (0x00000000eb63cd08) 
thrown [src/hotspot/share/prims/jni.cpp, line 516]
Event: 66.744 Thread 0x00007f6310319200 Exception <a 'sun/nio/fs/UnixException'{0x00000000eab028b8}> (0x00000000eab028b8) 
thrown [src/hotspot/share/prims/jni.cpp, line 516]
Event: 66.748 Thread 0x00007f6310319200 Exception <a 'sun/nio/fs/UnixException'{0x00000000eab05490}> (0x00000000eab05490) 
thrown [src/hotspot/share/prims/jni.cpp, line 516]

VM Operations (20 events):
Event: 49.077 Executing VM operation: Cleanup done
Event: 49.790 Executing VM operation: ParallelGCFailedAllocation
Event: 50.074 Executing VM operation: ParallelGCFailedAllocation done
Event: 52.205 Executing VM operation: Cleanup
Event: 58.119 Executing VM operation: Cleanup done
Event: 61.962 Executing VM operation: Cleanup
Event: 61.980 Executing VM operation: Cleanup done
Event: 61.981 Executing VM operation: HandshakeAllThreads
Event: 61.983 Executing VM operation: HandshakeAllThreads done
Event: 63.411 Executing VM operation: ParallelGCFailedAllocation
Event: 63.431 Executing VM operation: ParallelGCFailedAllocation done
Event: 64.490 Executing VM operation: Cleanup
Event: 64.513 Executing VM operation: Cleanup done
Event: 64.920 Executing VM operation: ParallelGCFailedAllocation
Event: 65.281 Executing VM operation: ParallelGCFailedAllocation done
Event: 66.137 Executing VM operation: ParallelGCFailedAllocation
Event: 66.653 Executing VM operation: ParallelGCFailedAllocation done
Event: 67.663 Executing VM operation: Cleanup
Event: 67.689 Executing VM operation: Cleanup done
Event: 68.368 Executing VM operation: ParallelGCFailedAllocation

Events (20 events):
Event: 24.410 loading class jdk/internal/access/JavaObjectInputFilterAccess done
Event: 24.410 loading class jdk/internal/event/DeserializationEvent
Event: 24.611 loading class jdk/internal/event/DeserializationEvent done
Event: 24.999 loading class java/io/ObjectInputStream$FieldValues
Event: 25.450 loading class java/io/ObjectInputStream$GetField
Event: 25.461 loading class java/io/ObjectInputStream$GetField done
Event: 25.461 loading class java/io/ObjectInputStream$FieldValues done
Event: 26.969 loading class java/io/ObjectStreamClass$ExceptionInfo
Event: 27.039 loading class java/io/ObjectStreamClass$ExceptionInfo done
Event: 27.040 loading class java/io/ObjectStreamClass$1
Event: 27.070 loading class java/io/ObjectStreamClass$1 done
Event: 27.070 loading class java/io/ObjectStreamClass$MemberSignature
Event: 27.074 loading class java/io/ObjectStreamClass$MemberSignature done
Event: 27.075 loading class java/io/ObjectStreamClass$3
Event: 27.077 loading class java/io/ObjectStreamClass$3 done
Event: 27.091 loading class java/io/ObjectStreamClass$4
Event: 27.091 loading class java/io/ObjectStreamClass$4 done
Event: 27.091 loading class java/io/ObjectStreamClass$5
Event: 27.091 loading class java/io/ObjectStreamClass$5 done
Event: 61.947 Thread 0x00007f635839adf0 Thread exited: 0x00007f635839adf0


Dynamic libraries:
c0000000-c4300000 rw-p 00000000 00:00 0 
c4300000-eab00000 ---p 00000000 00:00 0 
eab00000-ebf00000 rw-p 00000000 00:00 0 
ec600000-100000000 ---p 00000000 00:00 0 
100000000-100020000 rw-p 00000000 00:00 0 
100020000-100040000 rw-p 00000000 00:00 0 
100040000-1000c0000 rw-p 00000000 00:00 0 
1000c0000-1000e0000 rw-p 00000000 00:00 0 
1000e0000-100140000 rw-p 00000000 00:00 0 
100140000-100180000 rw-p 00000000 00:00 0 
100180000-1001c0000 rw-p 00000000 00:00 0 
1001c0000-100200000 rw-p 00000000 00:00 0 
100200000-100300000 rw-p 00000000 00:00 0 
100300000-100500000 rw-p 00000000 00:00 0 
100500000-100670000 rw-p 00000000 00:00 0 
100670000-100680000 ---p 00000000 00:00 0 
100680000-100690000 rw-p 00000000 00:00 0 
100690000-140000000 ---p 00000000 00:00 0 
55ed20dd3000-55ed20dd4000 r--p 00000000 08:01 2506533                    /home/dcl/.vscode-server/extensions/redhat.java-1.25.1-linux-x64/jre/17.0.9-linux-x86_64/bin/java
55ed20dd4000-55ed20dd5000 r-xp 00001000 08:01 2506533                    /home/dcl/.vscode-server/extensions/redhat.java-1.25.1-linux-x64/jre/17.0.9-linux-x86_64/bin/java
55ed20dd5000-55ed20dd6000 r--p 00002000 08:01 2506533                    /home/dcl/.vscode-server/extensions/redhat.java-1.25.1-linux-x64/jre/17.0.9-linux-x86_64/bin/java
55ed20dd6000-55ed20dd7000 r--p 00002000 08:01 2506533                    /home/dcl/.vscode-server/extensions/redhat.java-1.25.1-linux-x64/jre/17.0.9-linux-x86_64/bin/java
55ed20dd7000-55ed20dd8000 rw-p 00003000 08:01 2506533                    /home/dcl/.vscode-server/extensions/redhat.java-1.25.1-linux-x64/jre/17.0.9-linux-x86_64/bin/java
55ed224f6000-55ed2253e000 rw-p 00000000 00:00 0                          [heap]
7f62fb902000-7f6304000000 r--s 00000000 08:01 1050240                    /usr/lib/jvm/java-11-openjdk-amd64/lib/modules
7f6304000000-7f6304021000 rw-p 00000000 00:00 0 
7f6304021000-7f6308000000 ---p 00000000 00:00 0 
7f6308000000-7f6308021000 rw-p 00000000 00:00 0 
7f6308021000-7f630c000000 ---p 00000000 00:00 0 
7f630c000000-7f630c021000 rw-p 00000000 00:00 0 
7f630c021000-7f6310000000 ---p 00000000 00:00 0 
7f6310000000-7f6310aa3000 rw-p 00000000 00:00 0 
7f6310aa3000-7f6314000000 ---p 00000000 00:00 0 
7f6314000000-7f6314832000 rw-p 00000000 00:00 0 
7f6314832000-7f6318000000 ---p 00000000 00:00 0 
7f6318000000-7f6318021000 rw-p 00000000 00:00 0 
7f6318021000-7f631c000000 ---p 00000000 00:00 0 
7f631c000000-7f631c7ff000 rw-p 00000000 00:00 0 
7f631c7ff000-7f6320000000 ---p 00000000 00:00 0 
7f6320000000-7f6321aca000 rw-p 00000000 00:00 0 
7f6321aca000-7f6324000000 ---p 00000000 00:00 0 
7f6324000000-7f632404f000 rw-p 00000000 00:00 0 
7f632404f000-7f6328000000 ---p 00000000 00:00 0 
7f6328000000-7f632803e000 rw-p 00000000 00:00 0 
7f632803e000-7f632c000000 ---p 00000000 00:00 0 
7f632c000000-7f632c0bb000 rw-p 00000000 00:00 0 
7f632c0bb000-7f6330000000 ---p 00000000 00:00 0 
7f6330000000-7f6330021000 rw-p 00000000 00:00 0 
7f6330021000-7f6334000000 ---p 00000000 00:00 0 
7f6334000000-7f63343f1000 rw-p 00000000 00:00 0 
7f63343f1000-7f6338000000 ---p 00000000 00:00 0 
7f633989c000-7f63398a0000 ---p 00000000 00:00 0 
7f63398a0000-7f633999d000 rw-p 00000000 00:00 0 
7f633999d000-7f63399a1000 ---p 00000000 00:00 0 
7f63399a1000-7f6339a9e000 rw-p 00000000 00:00 0 
7f6339a9e000-7f6339aa2000 ---p 00000000 00:00 0 
7f6339aa2000-7f6339b9f000 rw-p 00000000 00:00 0 
7f6339b9f000-7f6339ba3000 ---p 00000000 00:00 0 
7f6339ba3000-7f6339ca0000 rw-p 00000000 00:00 0 
7f6339ca0000-7f6339ca4000 ---p 00000000 00:00 0 
7f6339ca4000-7f6339da1000 rw-p 00000000 00:00 0 
7f6339da1000-7f6339da5000 ---p 00000000 00:00 0 
7f6339da5000-7f6339ea2000 rw-p 00000000 00:00 0 
7f6339ea2000-7f6339ea6000 ---p 00000000 00:00 0 
7f6339ea6000-7f6339fa3000 rw-p 00000000 00:00 0 
7f6339fa3000-7f6339fa7000 ---p 00000000 00:00 0 
7f6339fa7000-7f633a0a4000 rw-p 00000000 00:00 0 
7f633a0a4000-7f633a0a8000 ---p 00000000 00:00 0 
7f633a0a8000-7f633a1a5000 rw-p 00000000 00:00 0 
7f633a1a5000-7f633a1a9000 ---p 00000000 00:00 0 
7f633a1a9000-7f633a2a6000 rw-p 00000000 00:00 0 
7f633a2a6000-7f633a2aa000 ---p 00000000 00:00 0 
7f633a2aa000-7f633a3a7000 rw-p 00000000 00:00 0 
7f633a3a7000-7f633a3ab000 ---p 00000000 00:00 0 
7f633a3ab000-7f633a4a8000 rw-p 00000000 00:00 0 
7f633a4a8000-7f633a4ac000 ---p 00000000 00:00 0 
7f633a4ac000-7f633a5a9000 rw-p 00000000 00:00 0 
7f633a5a9000-7f633a5ad000 ---p 00000000 00:00 0 
7f633a5ad000-7f633a6aa000 rw-p 00000000 00:00 0 
7f633a6aa000-7f633a6ae000 ---p 00000000 00:00 0 
7f633a6ae000-7f633a7ab000 rw-p 00000000 00:00 0 
7f633a7ab000-7f633a7af000 ---p 00000000 00:00 0 
7f633a7af000-7f633a8ac000 rw-p 00000000 00:00 0 
7f633a8ac000-7f633a8b0000 ---p 00000000 00:00 0 
7f633a8b0000-7f633a9ad000 rw-p 00000000 00:00 0 
7f633a9ad000-7f633a9bd000 r-xp 00000000 08:01 2634481                    /home/dcl/.vscode-server/data/User/globalStorage/redhat.java/1.25.1/config_linux/org.eclipse.equinox.launcher/org.eclipse.equinox.launcher.gtk.linux.x86_64_1.2.800.v20231003-1442/eclipse_11802.so
7f633a9bd000-7f633abbc000 ---p 00010000 08:01 2634481                    /home/dcl/.vscode-server/data/User/globalStorage/redhat.java/1.25.1/config_linux/org.eclipse.equinox.launcher/org.eclipse.equinox.launcher.gtk.linux.x86_64_1.2.800.v20231003-1442/eclipse_11802.so
7f633abbc000-7f633abbd000 r--p 0000f000 08:01 2634481                    /home/dcl/.vscode-server/data/User/globalStorage/redhat.java/1.25.1/config_linux/org.eclipse.equinox.launcher/org.eclipse.equinox.launcher.gtk.linux.x86_64_1.2.800.v20231003-1442/eclipse_11802.so
7f633abbd000-7f633abbe000 rw-p 00010000 08:01 2634481                    /home/dcl/.vscode-server/data/User/globalStorage/redhat.java/1.25.1/config_linux/org.eclipse.equinox.launcher/org.eclipse.equinox.launcher.gtk.linux.x86_64_1.2.800.v20231003-1442/eclipse_11802.so
7f633abbe000-7f633abbf000 rw-p 00000000 00:00 0 
7f633abbf000-7f633abc3000 ---p 00000000 00:00 0 
7f633abc3000-7f633acc0000 rw-p 00000000 00:00 0 
7f633acc0000-7f633acc4000 ---p 00000000 00:00 0 
7f633acc4000-7f633adc1000 rw-p 00000000 00:00 0 
7f633adc1000-7f633adc5000 ---p 00000000 00:00 0 
7f633adc5000-7f633aec2000 rw-p 00000000 00:00 0 
7f633aec2000-7f633aec3000 ---p 00000000 00:00 0 
7f633aec3000-7f633afc3000 rw-p 00000000 00:00 0 
7f633afc3000-7f633afc4000 ---p 00000000 00:00 0 
7f633afc4000-7f633b0c4000 rw-p 00000000 00:00 0 
7f633b0c4000-7f633b0c8000 ---p 00000000 00:00 0 
7f633b0c8000-7f633b1c5000 rw-p 00000000 00:00 0 
7f633b1c5000-7f633b1c9000 ---p 00000000 00:00 0 
7f633b1c9000-7f633b2c6000 rw-p 00000000 00:00 0 
7f633b2c6000-7f633b2ca000 ---p 00000000 00:00 0 
7f633b2ca000-7f633b3c7000 rw-p 00000000 00:00 0 
7f633b3c7000-7f633b3cb000 ---p 00000000 00:00 0 
7f633b3cb000-7f633b4c8000 rw-p 00000000 00:00 0 
7f633b4c8000-7f633b4cc000 ---p 00000000 00:00 0 
7f633b4cc000-7f633b5c9000 rw-p 00000000 00:00 0 
7f633b5c9000-7f633b5cd000 ---p 00000000 00:00 0 
7f633b5cd000-7f633b6ca000 rw-p 00000000 00:00 0 
7f633b6ca000-7f633b6ce000 ---p 00000000 00:00 0 
7f633b6ce000-7f633b7cb000 rw-p 00000000 00:00 0 
7f633b7cb000-7f633b7cf000 ---p 00000000 00:00 0 
7f633b7cf000-7f633b8cc000 rw-p 00000000 00:00 0 
7f633b8cc000-7f633bbfc000 r--p 00000000 08:01 2360321                    /usr/lib/locale/locale-archive
7f633bbfc000-7f633bc00000 ---p 00000000 00:00 0 
7f633bc00000-7f633bcfd000 rw-p 00000000 00:00 0 
7f633bcfd000-7f633bd01000 ---p 00000000 00:00 0 
7f633bd01000-7f633bdfe000 rw-p 00000000 00:00 0 
7f633bdfe000-7f633bdff000 ---p 00000000 00:00 0 
7f633bdff000-7f633c400000 rw-p 00000000 00:00 0 
7f633c400000-7f633c460000 rw-p 00000000 00:00 0 
7f633c460000-7f633c480000 rw-p 00000000 00:00 0 
7f633c480000-7f633c500000 rw-p 00000000 00:00 0 
7f633c500000-7f633c800000 rw-p 00000000 00:00 0 
7f633c800000-7f633c880000 rw-p 00000000 00:00 0 
7f633c880000-7f633c900000 rw-p 00000000 00:00 0 
7f633c900000-7f633cb80000 rw-p 00000000 00:00 0 
7f633cb80000-7f633cc00000 rw-p 00000000 00:00 0 
7f633cc00000-7f633cd00000 rw-p 00000000 00:00 0 
7f633cd00000-7f633ce00000 rw-p 00000000 00:00 0 
7f633ce00000-7f633cf00000 rw-p 00000000 00:00 0 
7f633cf00000-7f633d000000 rw-p 00000000 00:00 0 
7f633d000000-7f633d180000 rw-p 00000000 00:00 0 
7f633d180000-7f633d200000 rw-p 00000000 00:00 0 
7f633d200000-7f633d380000 rw-p 00000000 00:00 0 
7f633d380000-7f633d400000 rw-p 00000000 00:00 0 
7f633d400000-7f633d700000 rw-p 00000000 00:00 0 
7f633d700000-7f633d800000 rw-p 00000000 00:00 0 
7f633d800000-7f633e000000 rw-p 00000000 00:00 0 
7f633e000000-7f633e100000 rw-p 00000000 00:00 0 
7f633e100000-7f633e200000 rw-p 00000000 00:00 0 
7f633e200000-7f633e7e0000 rw-p 00000000 00:00 0 
7f633e7e0000-7f633e800000 rw-p 00000000 00:00 0 
7f633e800000-7f633ea00000 rw-p 00000000 00:00 0 
7f633ea00000-7f633ed00000 rw-p 00000000 00:00 0 
7f633ed00000-7f633edd0000 rw-p 00000000 00:00 0 
7f633edd0000-7f633ee00000 ---p 00000000 00:00 0 
7f633ee00000-7f633f210000 rw-p 00000000 00:00 0 
7f633f210000-7f6340000000 ---p 00000000 00:00 0 
7f6340000000-7f6340024000 rw-p 00000000 00:00 0 
7f6340024000-7f6344000000 ---p 00000000 00:00 0 
7f634408f000-7f6344096000 r--s 00000000 08:01 2501458                    /usr/lib/x86_64-linux-gnu/gconv/gconv-modules.cache
7f6344096000-7f6344098000 r--p 00000000 08:01 2634309                    /home/dcl/.vscode-server/extensions/redhat.java-1.25.1-linux-x64/jre/17.0.9-linux-x86_64/lib/libmanagement_ext.so
7f6344098000-7f634409b000 r-xp 00002000 08:01 2634309                    /home/dcl/.vscode-server/extensions/redhat.java-1.25.1-linux-x64/jre/17.0.9-linux-x86_64/lib/libmanagement_ext.so
7f634409b000-7f634409c000 r--p 00005000 08:01 2634309                    /home/dcl/.vscode-server/extensions/redhat.java-1.25.1-linux-x64/jre/17.0.9-linux-x86_64/lib/libmanagement_ext.so
7f634409c000-7f634409d000 ---p 00006000 08:01 2634309                    /home/dcl/.vscode-server/extensions/redhat.java-1.25.1-linux-x64/jre/17.0.9-linux-x86_64/lib/libmanagement_ext.so
7f634409d000-7f634409e000 r--p 00006000 08:01 2634309                    /home/dcl/.vscode-server/extensions/redhat.java-1.25.1-linux-x64/jre/17.0.9-linux-x86_64/lib/libmanagement_ext.so
7f634409e000-7f634409f000 rw-p 00007000 08:01 2634309                    /home/dcl/.vscode-server/extensions/redhat.java-1.25.1-linux-x64/jre/17.0.9-linux-x86_64/lib/libmanagement_ext.so
7f634409f000-7f63440a2000 r--p 00000000 08:01 2634310                    /home/dcl/.vscode-server/extensions/redhat.java-1.25.1-linux-x64/jre/17.0.9-linux-x86_64/lib/libmanagement.so
7f63440a2000-7f63440a3000 r-xp 00003000 08:01 2634310                    /home/dcl/.vscode-server/extensions/redhat.java-1.25.1-linux-x64/jre/17.0.9-linux-x86_64/lib/libmanagement.so
7f63440a3000-7f63440a4000 r--p 00004000 08:01 2634310                    /home/dcl/.vscode-server/extensions/redhat.java-1.25.1-linux-x64/jre/17.0.9-linux-x86_64/lib/libmanagement.so
7f63440a4000-7f63440a5000 r--p 00004000 08:01 2634310                    /home/dcl/.vscode-server/extensions/redhat.java-1.25.1-linux-x64/jre/17.0.9-linux-x86_64/lib/libmanagement.so
7f63440a5000-7f63440a6000 rw-p 00005000 08:01 2634310                    /home/dcl/.vscode-server/extensions/redhat.java-1.25.1-linux-x64/jre/17.0.9-linux-x86_64/lib/libmanagement.so
7f63440a6000-7f63440aa000 ---p 00000000 00:00 0 
7f63440aa000-7f63440c8000 rw-p 00000000 00:00 0 
7f63440c8000-7f63440cc000 r--p 00000000 08:01 2634319                    /home/dcl/.vscode-server/extensions/redhat.java-1.25.1-linux-x64/jre/17.0.9-linux-x86_64/lib/libverify.so
7f63440cc000-7f63440d3000 r-xp 00004000 08:01 2634319                    /home/dcl/.vscode-server/extensions/redhat.java-1.25.1-linux-x64/jre/17.0.9-linux-x86_64/lib/libverify.so
7f63440d3000-7f63440d5000 r--p 0000b000 08:01 2634319                    /home/dcl/.vscode-server/extensions/redhat.java-1.25.1-linux-x64/jre/17.0.9-linux-x86_64/lib/libverify.so
7f63440d5000-7f63440d7000 r--p 0000c000 08:01 2634319                    /home/dcl/.vscode-server/extensions/redhat.java-1.25.1-linux-x64/jre/17.0.9-linux-x86_64/lib/libverify.so
7f63440d7000-7f63440d8000 rw-p 0000e000 08:01 2634319                    /home/dcl/.vscode-server/extensions/redhat.java-1.25.1-linux-x64/jre/17.0.9-linux-x86_64/lib/libverify.so
7f63440d8000-7f63463db000 rw-p 00000000 00:00 0 
7f63463db000-7f634709b000 rwxp 00000000 00:00 0 
7f634709b000-7f634d913000 ---p 00000000 00:00 0 
7f634d913000-7f634db83000 rwxp 00000000 00:00 0 
7f634db83000-7f634dea2000 ---p 00000000 00:00 0 
7f634dea2000-7f634e162000 rwxp 00000000 00:00 0 
7f634e162000-7f63553db000 ---p 00000000 00:00 0 
7f63553db000-7f6358000000 r--s 00000000 08:01 2634321                    /home/dcl/.vscode-server/extensions/redhat.java-1.25.1-linux-x64/jre/17.0.9-linux-x86_64/lib/modules
7f6358000000-7f6358641000 rw-p 00000000 00:00 0 
7f6358641000-7f635c000000 ---p 00000000 00:00 0 
7f635c002000-7f635c006000 r--p 00000000 08:01 2634312                    /home/dcl/.vscode-server/extensions/redhat.java-1.25.1-linux-x64/jre/17.0.9-linux-x86_64/lib/libnet.so
7f635c006000-7f635c014000 r-xp 00004000 08:01 2634312                    /home/dcl/.vscode-server/extensions/redhat.java-1.25.1-linux-x64/jre/17.0.9-linux-x86_64/lib/libnet.so
7f635c014000-7f635c018000 r--p 00012000 08:01 2634312                    /home/dcl/.vscode-server/extensions/redhat.java-1.25.1-linux-x64/jre/17.0.9-linux-x86_64/lib/libnet.so
7f635c018000-7f635c019000 r--p 00015000 08:01 2634312                    /home/dcl/.vscode-server/extensions/redhat.java-1.25.1-linux-x64/jre/17.0.9-linux-x86_64/lib/libnet.so
7f635c019000-7f635c01a000 rw-p 00016000 08:01 2634312                    /home/dcl/.vscode-server/extensions/redhat.java-1.25.1-linux-x64/jre/17.0.9-linux-x86_64/lib/libnet.so
7f635c01a000-7f635c51f000 rw-p 00000000 00:00 0 
7f635c51f000-7f635c521000 r--p 00000000 08:01 2634320                    /home/dcl/.vscode-server/extensions/redhat.java-1.25.1-linux-x64/jre/17.0.9-linux-x86_64/lib/libzip.so
7f635c521000-7f635c533000 r-xp 00002000 08:01 2634320                    /home/dcl/.vscode-server/extensions/redhat.java-1.25.1-linux-x64/jre/17.0.9-linux-x86_64/lib/libzip.so
7f635c533000-7f635c53b000 r--p 00014000 08:01 2634320                    /home/dcl/.vscode-server/extensions/redhat.java-1.25.1-linux-x64/jre/17.0.9-linux-x86_64/lib/libzip.so
7f635c53b000-7f635c53c000 r--p 0001b000 08:01 2634320                    /home/dcl/.vscode-server/extensions/redhat.java-1.25.1-linux-x64/jre/17.0.9-linux-x86_64/lib/libzip.so
7f635c53c000-7f635c53d000 rw-p 0001c000 08:01 2634320                    /home/dcl/.vscode-server/extensions/redhat.java-1.25.1-linux-x64/jre/17.0.9-linux-x86_64/lib/libzip.so
7f635c53d000-7f635c83b000 rw-p 00000000 00:00 0 
7f635c83b000-7f635c96f000 ---p 00000000 00:00 0 
7f635c96f000-7f635c970000 ---p 00000000 00:00 0 
7f635c970000-7f635ca92000 rw-p 00000000 00:00 0 
7f635ca92000-7f635cbc5000 ---p 00000000 00:00 0 
7f635cbc5000-7f635cbd0000 rw-p 00000000 00:00 0 
7f635cbd0000-7f635cc70000 ---p 00000000 00:00 0 
7f635cc70000-7f635cc77000 rw-p 00000000 00:00 0 
7f635cc77000-7f635cd5c000 ---p 00000000 00:00 0 
7f635cd5c000-7f635cd76000 rw-p 00000000 00:00 0 
7f635cd76000-7f635ce47000 ---p 00000000 00:00 0 
7f635ce47000-7f635ce52000 r-xp 00000000 08:01 1835055                    /lib/x86_64-linux-gnu/libnss_files-2.27.so
7f635ce52000-7f635d051000 ---p 0000b000 08:01 1835055                    /lib/x86_64-linux-gnu/libnss_files-2.27.so
7f635d051000-7f635d052000 r--p 0000a000 08:01 1835055                    /lib/x86_64-linux-gnu/libnss_files-2.27.so
7f635d052000-7f635d053000 rw-p 0000b000 08:01 1835055                    /lib/x86_64-linux-gnu/libnss_files-2.27.so
7f635d053000-7f635d059000 rw-p 00000000 00:00 0 
7f635d059000-7f635d070000 r-xp 00000000 08:01 1835052                    /lib/x86_64-linux-gnu/libnsl-2.27.so
7f635d070000-7f635d26f000 ---p 00017000 08:01 1835052                    /lib/x86_64-linux-gnu/libnsl-2.27.so
7f635d26f000-7f635d270000 r--p 00016000 08:01 1835052                    /lib/x86_64-linux-gnu/libnsl-2.27.so
7f635d270000-7f635d271000 rw-p 00017000 08:01 1835052                    /lib/x86_64-linux-gnu/libnsl-2.27.so
7f635d271000-7f635d273000 rw-p 00000000 00:00 0 
7f635d273000-7f635d27e000 r-xp 00000000 08:01 1835057                    /lib/x86_64-linux-gnu/libnss_nis-2.27.so
7f635d27e000-7f635d47d000 ---p 0000b000 08:01 1835057                    /lib/x86_64-linux-gnu/libnss_nis-2.27.so
7f635d47d000-7f635d47e000 r--p 0000a000 08:01 1835057                    /lib/x86_64-linux-gnu/libnss_nis-2.27.so
7f635d47e000-7f635d47f000 rw-p 0000b000 08:01 1835057                    /lib/x86_64-linux-gnu/libnss_nis-2.27.so
7f635d47f000-7f635d487000 r-xp 00000000 08:01 1835053                    /lib/x86_64-linux-gnu/libnss_compat-2.27.so
7f635d487000-7f635d687000 ---p 00008000 08:01 1835053                    /lib/x86_64-linux-gnu/libnss_compat-2.27.so
7f635d687000-7f635d688000 r--p 00008000 08:01 1835053                    /lib/x86_64-linux-gnu/libnss_compat-2.27.so
7f635d688000-7f635d689000 rw-p 00009000 08:01 1835053                    /lib/x86_64-linux-gnu/libnss_compat-2.27.so
7f635d689000-7f635d826000 r-xp 00000000 08:01 1835049                    /lib/x86_64-linux-gnu/libm-2.27.so
7f635d826000-7f635da25000 ---p 0019d000 08:01 1835049                    /lib/x86_64-linux-gnu/libm-2.27.so
7f635da25000-7f635da26000 r--p 0019c000 08:01 1835049                    /lib/x86_64-linux-gnu/libm-2.27.so
7f635da26000-7f635da27000 rw-p 0019d000 08:01 1835049                    /lib/x86_64-linux-gnu/libm-2.27.so
7f635da27000-7f635da2e000 r-xp 00000000 08:01 1840227                    /lib/x86_64-linux-gnu/librt-2.27.so
7f635da2e000-7f635dc2d000 ---p 00007000 08:01 1840227                    /lib/x86_64-linux-gnu/librt-2.27.so
7f635dc2d000-7f635dc2e000 r--p 00006000 08:01 1840227                    /lib/x86_64-linux-gnu/librt-2.27.so
7f635dc2e000-7f635dc2f000 rw-p 00007000 08:01 1840227                    /lib/x86_64-linux-gnu/librt-2.27.so
7f635dc2f000-7f635de82000 r--p 00000000 08:01 2770140                    /home/dcl/.vscode-server/extensions/redhat.java-1.25.1-linux-x64/jre/17.0.9-linux-x86_64/lib/server/libjvm.so
7f635de82000-7f635eba0000 r-xp 00253000 08:01 2770140                    /home/dcl/.vscode-server/extensions/redhat.java-1.25.1-linux-x64/jre/17.0.9-linux-x86_64/lib/server/libjvm.so
7f635eba0000-7f635ee2c000 r--p 00f71000 08:01 2770140                    /home/dcl/.vscode-server/extensions/redhat.java-1.25.1-linux-x64/jre/17.0.9-linux-x86_64/lib/server/libjvm.so
7f635ee2c000-7f635eee5000 r--p 011fc000 08:01 2770140                    /home/dcl/.vscode-server/extensions/redhat.java-1.25.1-linux-x64/jre/17.0.9-linux-x86_64/lib/server/libjvm.so
7f635eee5000-7f635ef1a000 rw-p 012b5000 08:01 2770140                    /home/dcl/.vscode-server/extensions/redhat.java-1.25.1-linux-x64/jre/17.0.9-linux-x86_64/lib/server/libjvm.so
7f635ef1a000-7f635ef74000 rw-p 00000000 00:00 0 
7f635ef74000-7f635f15b000 r-xp 00000000 08:01 1835045                    /lib/x86_64-linux-gnu/libc-2.27.so
7f635f15b000-7f635f35b000 ---p 001e7000 08:01 1835045                    /lib/x86_64-linux-gnu/libc-2.27.so
7f635f35b000-7f635f35f000 r--p 001e7000 08:01 1835045                    /lib/x86_64-linux-gnu/libc-2.27.so
7f635f35f000-7f635f361000 rw-p 001eb000 08:01 1835045                    /lib/x86_64-linux-gnu/libc-2.27.so
7f635f361000-7f635f365000 rw-p 00000000 00:00 0 
7f635f365000-7f635f368000 r-xp 00000000 08:01 1835048                    /lib/x86_64-linux-gnu/libdl-2.27.so
7f635f368000-7f635f567000 ---p 00003000 08:01 1835048                    /lib/x86_64-linux-gnu/libdl-2.27.so
7f635f567000-7f635f568000 r--p 00002000 08:01 1835048                    /lib/x86_64-linux-gnu/libdl-2.27.so
7f635f568000-7f635f569000 rw-p 00003000 08:01 1835048                    /lib/x86_64-linux-gnu/libdl-2.27.so
7f635f569000-7f635f583000 r-xp 00000000 08:01 1840183                    /lib/x86_64-linux-gnu/libpthread-2.27.so
7f635f583000-7f635f782000 ---p 0001a000 08:01 1840183                    /lib/x86_64-linux-gnu/libpthread-2.27.so
7f635f782000-7f635f783000 r--p 00019000 08:01 1840183                    /lib/x86_64-linux-gnu/libpthread-2.27.so
7f635f783000-7f635f784000 rw-p 0001a000 08:01 1840183                    /lib/x86_64-linux-gnu/libpthread-2.27.so
7f635f784000-7f635f788000 rw-p 00000000 00:00 0 
7f635f788000-7f635f7af000 r-xp 00000000 08:01 1835021                    /lib/x86_64-linux-gnu/ld-2.27.so
7f635f7b0000-7f635f7b7000 r--p 00000000 08:01 2634313                    /home/dcl/.vscode-server/extensions/redhat.java-1.25.1-linux-x64/jre/17.0.9-linux-x86_64/lib/libnio.so
7f635f7b7000-7f635f7c0000 r-xp 00007000 08:01 2634313                    /home/dcl/.vscode-server/extensions/redhat.java-1.25.1-linux-x64/jre/17.0.9-linux-x86_64/lib/libnio.so
7f635f7c0000-7f635f7c4000 r--p 00010000 08:01 2634313                    /home/dcl/.vscode-server/extensions/redhat.java-1.25.1-linux-x64/jre/17.0.9-linux-x86_64/lib/libnio.so
7f635f7c4000-7f635f7c5000 ---p 00014000 08:01 2634313                    /home/dcl/.vscode-server/extensions/redhat.java-1.25.1-linux-x64/jre/17.0.9-linux-x86_64/lib/libnio.so
7f635f7c5000-7f635f7c6000 r--p 00014000 08:01 2634313                    /home/dcl/.vscode-server/extensions/redhat.java-1.25.1-linux-x64/jre/17.0.9-linux-x86_64/lib/libnio.so
7f635f7c6000-7f635f7c7000 rw-p 00015000 08:01 2634313                    /home/dcl/.vscode-server/extensions/redhat.java-1.25.1-linux-x64/jre/17.0.9-linux-x86_64/lib/libnio.so
7f635f7c7000-7f635f821000 rw-p 00000000 00:00 0 
7f635f821000-7f635f828000 ---p 00000000 00:00 0 
7f635f828000-7f635f830000 rw-s 00000000 08:01 399307                     /tmp/hsperfdata_dcl/8099
7f635f830000-7f635f83e000 r--p 00000000 08:01 2634299                    /home/dcl/.vscode-server/extensions/redhat.java-1.25.1-linux-x64/jre/17.0.9-linux-x86_64/lib/libjava.so
7f635f83e000-7f635f850000 r-xp 0000e000 08:01 2634299                    /home/dcl/.vscode-server/extensions/redhat.java-1.25.1-linux-x64/jre/17.0.9-linux-x86_64/lib/libjava.so
7f635f850000-7f635f856000 r--p 00020000 08:01 2634299                    /home/dcl/.vscode-server/extensions/redhat.java-1.25.1-linux-x64/jre/17.0.9-linux-x86_64/lib/libjava.so
7f635f856000-7f635f857000 ---p 00026000 08:01 2634299                    /home/dcl/.vscode-server/extensions/redhat.java-1.25.1-linux-x64/jre/17.0.9-linux-x86_64/lib/libjava.so
7f635f857000-7f635f858000 r--p 00026000 08:01 2634299                    /home/dcl/.vscode-server/extensions/redhat.java-1.25.1-linux-x64/jre/17.0.9-linux-x86_64/lib/libjava.so
7f635f858000-7f635f859000 rw-p 00027000 08:01 2634299                    /home/dcl/.vscode-server/extensions/redhat.java-1.25.1-linux-x64/jre/17.0.9-linux-x86_64/lib/libjava.so
7f635f859000-7f635f85a000 rw-p 00000000 00:00 0 
7f635f85a000-7f635f85e000 r--p 00000000 08:01 2634303                    /home/dcl/.vscode-server/extensions/redhat.java-1.25.1-linux-x64/jre/17.0.9-linux-x86_64/lib/libjimage.so
7f635f85e000-7f635f871000 r-xp 00004000 08:01 2634303                    /home/dcl/.vscode-server/extensions/redhat.java-1.25.1-linux-x64/jre/17.0.9-linux-x86_64/lib/libjimage.so
7f635f871000-7f635f877000 r--p 00017000 08:01 2634303                    /home/dcl/.vscode-server/extensions/redhat.java-1.25.1-linux-x64/jre/17.0.9-linux-x86_64/lib/libjimage.so
7f635f877000-7f635f879000 r--p 0001c000 08:01 2634303                    /home/dcl/.vscode-server/extensions/redhat.java-1.25.1-linux-x64/jre/17.0.9-linux-x86_64/lib/libjimage.so
7f635f879000-7f635f87a000 rw-p 0001e000 08:01 2634303                    /home/dcl/.vscode-server/extensions/redhat.java-1.25.1-linux-x64/jre/17.0.9-linux-x86_64/lib/libjimage.so
7f635f87a000-7f635f87e000 ---p 00000000 00:00 0 
7f635f87e000-7f635f97d000 rw-p 00000000 00:00 0 
7f635f981000-7f635f983000 r--p 00000000 08:01 2634294                    /home/dcl/.vscode-server/extensions/redhat.java-1.25.1-linux-x64/jre/17.0.9-linux-x86_64/lib/libinstrument.so
7f635f983000-7f635f989000 r-xp 00002000 08:01 2634294                    /home/dcl/.vscode-server/extensions/redhat.java-1.25.1-linux-x64/jre/17.0.9-linux-x86_64/lib/libinstrument.so
7f635f989000-7f635f98c000 r--p 00008000 08:01 2634294                    /home/dcl/.vscode-server/extensions/redhat.java-1.25.1-linux-x64/jre/17.0.9-linux-x86_64/lib/libinstrument.so
7f635f98c000-7f635f98d000 r--p 0000a000 08:01 2634294                    /home/dcl/.vscode-server/extensions/redhat.java-1.25.1-linux-x64/jre/17.0.9-linux-x86_64/lib/libinstrument.so
7f635f98d000-7f635f98e000 rw-p 0000b000 08:01 2634294                    /home/dcl/.vscode-server/extensions/redhat.java-1.25.1-linux-x64/jre/17.0.9-linux-x86_64/lib/libinstrument.so
7f635f98e000-7f635f98f000 ---p 00000000 00:00 0 
7f635f98f000-7f635f990000 r--p 00000000 00:00 0 
7f635f990000-7f635f991000 ---p 00000000 00:00 0 
7f635f991000-7f635f994000 r--p 00000000 08:01 2634304                    /home/dcl/.vscode-server/extensions/redhat.java-1.25.1-linux-x64/jre/17.0.9-linux-x86_64/lib/libjli.so
7f635f994000-7f635f9a4000 r-xp 00003000 08:01 2634304                    /home/dcl/.vscode-server/extensions/redhat.java-1.25.1-linux-x64/jre/17.0.9-linux-x86_64/lib/libjli.so
7f635f9a4000-7f635f9ab000 r--p 00013000 08:01 2634304                    /home/dcl/.vscode-server/extensions/redhat.java-1.25.1-linux-x64/jre/17.0.9-linux-x86_64/lib/libjli.so
7f635f9ab000-7f635f9ac000 r--p 00019000 08:01 2634304                    /home/dcl/.vscode-server/extensions/redhat.java-1.25.1-linux-x64/jre/17.0.9-linux-x86_64/lib/libjli.so
7f635f9ac000-7f635f9ad000 rw-p 0001a000 08:01 2634304                    /home/dcl/.vscode-server/extensions/redhat.java-1.25.1-linux-x64/jre/17.0.9-linux-x86_64/lib/libjli.so
7f635f9ad000-7f635f9af000 rw-p 00000000 00:00 0 
7f635f9af000-7f635f9b0000 r--p 00027000 08:01 1835021                    /lib/x86_64-linux-gnu/ld-2.27.so
7f635f9b0000-7f635f9b1000 rw-p 00028000 08:01 1835021                    /lib/x86_64-linux-gnu/ld-2.27.so
7f635f9b1000-7f635f9b2000 rw-p 00000000 00:00 0 
7ffe00c7f000-7ffe00ca0000 rw-p 00000000 00:00 0                          [stack]
7ffe00d53000-7ffe00d56000 r--p 00000000 00:00 0                          [vvar]
7ffe00d56000-7ffe00d58000 r-xp 00000000 00:00 0                          [vdso]
ffffffffff600000-ffffffffff601000 r-xp 00000000 00:00 0                  [vsyscall]


VM Arguments:
jvm_args: --add-modules=ALL-SYSTEM --add-opens=java.base/java.util=ALL-UNNAMED --add-opens=java.base/java.lang=ALL-UNNAMED --add-opens=java.base/sun.nio.fs=ALL-UNNAMED -Declipse.application=org.eclipse.jdt.ls.core.id1 -Dosgi.bundles.defaultStartLevel=4 -Declipse.product=org.eclipse.jdt.ls.core.product -Djava.import.generatesMetadataFilesAtProjectRoot=false -DDetectVMInstallationsJob.disabled=true -Dfile.encoding=utf8 -XX:+UseParallelGC -XX:GCTimeRatio=4 -XX:AdaptiveSizePolicyWeight=90 -Dsun.zip.disableMemoryMapping=true -Xmx1G -Xms100m -Xlog:disable -javaagent:/home/dcl/.vscode-server/extensions/redhat.java-1.25.1-linux-x64/lombok/lombok-1.18.30.jar -XX:+HeapDumpOnOutOfMemoryError -XX:HeapDumpPath=/home/dcl/.vscode-server/data/User/workspaceStorage/593f31e793a9bcbb0e0576dec4405280/redhat.java -Daether.dependencyCollector.impl=bf 
java_command: /home/dcl/.vscode-server/extensions/redhat.java-1.25.1-linux-x64/server/plugins/org.eclipse.equinox.launcher_1.6.600.v20231106-1826.jar -configuration /home/dcl/.vscode-server/data/User/globalStorage/redhat.java/1.25.1/config_linux -data /home/dcl/.vscode-server/data/User/workspaceStorage/593f31e793a9bcbb0e0576dec4405280/redhat.java/jdt_ws --stdio
java_class_path (initial): /home/dcl/.vscode-server/extensions/redhat.java-1.25.1-linux-x64/server/plugins/org.eclipse.equinox.launcher_1.6.600.v20231106-1826.jar
Launcher Type: SUN_STANDARD

[Global flags]
    uintx AdaptiveSizePolicyWeight                 = 90                                        {product} {command line}
     intx CICompilerCount                          = 2                                         {product} {ergonomic}
    uintx GCTimeRatio                              = 4                                         {product} {command line}
     bool HeapDumpOnOutOfMemoryError               = true                                   {manageable} {command line}
    ccstr HeapDumpPath                             = /home/dcl/.vscode-server/data/User/workspaceStorage/593f31e793a9bcbb0e0576dec4405280/redhat.java         {manageable} {command line}
   size_t InitialHeapSize                          = 104857600                                 {product} {command line}
   size_t MaxHeapSize                              = 1073741824                                {product} {command line}
   size_t MaxNewSize                               = 357564416                                 {product} {ergonomic}
   size_t MinHeapDeltaBytes                        = 524288                                    {product} {ergonomic}
   size_t MinHeapSize                              = 104857600                                 {product} {command line}
   size_t NewSize                                  = 34603008                                  {product} {ergonomic}
    uintx NonNMethodCodeHeapSize                   = 5826188                                {pd product} {ergonomic}
    uintx NonProfiledCodeHeapSize                  = 122916026                              {pd product} {ergonomic}
   size_t OldSize                                  = 70254592                                  {product} {ergonomic}
    uintx ProfiledCodeHeapSize                     = 122916026                              {pd product} {ergonomic}
    uintx ReservedCodeCacheSize                    = 251658240                              {pd product} {ergonomic}
     bool SegmentedCodeCache                       = true                                      {product} {ergonomic}
   size_t SoftMaxHeapSize                          = 1073741824                             {manageable} {ergonomic}
     bool UseCompressedClassPointers               = true                           {product lp64_product} {ergonomic}
     bool UseCompressedOops                        = true                           {product lp64_product} {ergonomic}
     bool UseParallelGC                            = true                                      {product} {command line}

Logging:
Log output configuration:
 #0: stdout all=off uptime,level,tags
 #1: stderr all=off uptime,level,tags

Environment Variables:
PATH=/home/dcl/.vscode-server/bin/af28b32d7e553898b2a91af498b1fb666fdebe0c/bin/remote-cli:/usr/local/sbin:/usr/local/bin:/usr/sbin:/usr/bin:/sbin:/bin:/usr/games:/usr/local/games:/snap/bin
SHELL=/bin/bash
LANG=en_US.UTF-8
LC_NUMERIC=de_CH.UTF-8
LC_TIME=de_CH.UTF-8

Active Locale:
LC_ALL=LC_CTYPE=en_US.UTF-8;LC_NUMERIC=de_CH.UTF-8;LC_TIME=de_CH.UTF-8;LC_COLLATE=en_US.UTF-8;LC_MONETARY=de_CH.UTF-8;LC_MESSAGES=en_US.UTF-8;LC_PAPER=de_CH.UTF-8;LC_NAME=de_CH.UTF-8;LC_ADDRESS=de_CH.UTF-8;LC_TELEPHONE=de_CH.UTF-8;LC_MEASUREMENT=de_CH.UTF-8;LC_IDENTIFICATION=de_CH.UTF-8
LC_COLLATE=en_US.UTF-8
LC_CTYPE=en_US.UTF-8
LC_MESSAGES=en_US.UTF-8
LC_MONETARY=de_CH.UTF-8
LC_NUMERIC=de_CH.UTF-8
LC_TIME=de_CH.UTF-8

Signal Handlers:
   SIGSEGV: crash_handler in libjvm.so, mask=11100100010111111101111111111110, flags=SA_RESTART|SA_SIGINFO, unblocked
    SIGBUS: crash_handler in libjvm.so, mask=11100100010111111101111111111110, flags=SA_RESTART|SA_SIGINFO, unblocked
    SIGFPE: crash_handler in libjvm.so, mask=11100100010111111101111111111110, flags=SA_RESTART|SA_SIGINFO, unblocked
   SIGPIPE: javaSignalHandler in libjvm.so, mask=11100100010111111101111111111110, flags=SA_RESTART|SA_SIGINFO, unblocked
   SIGXFSZ: javaSignalHandler in libjvm.so, mask=11100100010111111101111111111110, flags=SA_RESTART|SA_SIGINFO, unblocked
    SIGILL: crash_handler in libjvm.so, mask=11100100010111111101111111111110, flags=SA_RESTART|SA_SIGINFO, unblocked
   SIGUSR2: SR_handler in libjvm.so, mask=00000000000000000000000000000000, flags=SA_RESTART|SA_SIGINFO, unblocked
    SIGHUP: UserHandler in libjvm.so, mask=11100100010111111101111111111110, flags=SA_RESTART|SA_SIGINFO, unblocked
    SIGINT: UserHandler in libjvm.so, mask=11100100010111111101111111111110, flags=SA_RESTART|SA_SIGINFO, unblocked
   SIGTERM: UserHandler in libjvm.so, mask=11100100010111111101111111111110, flags=SA_RESTART|SA_SIGINFO, unblocked
   SIGQUIT: UserHandler in libjvm.so, mask=11100100010111111101111111111110, flags=SA_RESTART|SA_SIGINFO, unblocked
   SIGTRAP: crash_handler in libjvm.so, mask=11100100010111111101111111111110, flags=SA_RESTART|SA_SIGINFO, unblocked


Periodic native trim disabled


---------------  S Y S T E M  ---------------

OS:
DISTRIB_ID=Ubuntu
DISTRIB_RELEASE=18.04
DISTRIB_CODENAME=bionic
DISTRIB_DESCRIPTION="Ubuntu 18.04.5 LTS"
uname: Linux 4.15.0-117-generic #118-Ubuntu SMP Fri Sep 4 20:02:41 UTC 2020 x86_64
OS uptime: 0 days 4:34 hours
libc: glibc 2.27 NPTL 2.27 
rlimit (soft/hard): STACK 8192k/infinity , CORE 0k/infinity , NPROC 3764/3764 , NOFILE 1048576/1048576 , AS infinity/infinity , CPU infinity/infinity , DATA infinity/infinity , FSIZE infinity/infinity , MEMLOCK 16384k/16384k
load average: 13.50 4.86 2.72

/proc/meminfo:
MemTotal:        1008600 kB
MemFree:           48684 kB
MemAvailable:          0 kB
Buffers:             200 kB
Cached:            14668 kB
SwapCached:          112 kB
Active:           419868 kB
Inactive:         419976 kB
Active(anon):     413564 kB
Inactive(anon):   413436 kB
Active(file):       6304 kB
Inactive(file):     6540 kB
Unevictable:          32 kB
Mlocked:              32 kB
SwapTotal:       2097148 kB
SwapFree:              0 kB
Dirty:                56 kB
Writeback:           120 kB
AnonPages:        825044 kB
Mapped:            10020 kB
Shmem:              1924 kB
Slab:              46564 kB
SReclaimable:      19828 kB
SUnreclaim:        26736 kB
KernelStack:       10832 kB
PageTables:        39008 kB
NFS_Unstable:          0 kB
Bounce:                0 kB
WritebackTmp:          0 kB
CommitLimit:     2601448 kB
Committed_AS:    5769960 kB
VmallocTotal:   34359738367 kB
VmallocUsed:           0 kB
VmallocChunk:          0 kB
HardwareCorrupted:     0 kB
AnonHugePages:         0 kB
ShmemHugePages:        0 kB
ShmemPmdMapped:        0 kB
CmaTotal:              0 kB
CmaFree:               0 kB
HugePages_Total:       0
HugePages_Free:        0
HugePages_Rsvd:        0
HugePages_Surp:        0
Hugepagesize:       2048 kB
DirectMap4k:      116672 kB
DirectMap2M:      931840 kB

/sys/kernel/mm/transparent_hugepage/enabled: always [madvise] never
/sys/kernel/mm/transparent_hugepage/defrag (defrag/compaction efforts parameter): always defer defer+madvise [madvise] never

Process Memory:
Virtual Size: 3703748K (peak: 3710888K)
Resident Set Size: 215552K (peak: 215992K) (anon: 215552K, file: 0K, shmem: 0K)
Swapped out: 9624K
C-Heap outstanding allocations: 60217K, retained: 13502K
glibc malloc tunables: (default)

/proc/sys/kernel/threads-max (system-wide limit on the number of threads): 7528
/proc/sys/vm/max_map_count (maximum number of memory map areas a process may have): 65530
/proc/sys/kernel/pid_max (system-wide limit on number of process identifiers): 32768

container (cgroup) information:
container_type: cgroupv1
cpu_cpuset_cpus: 0-1
cpu_memory_nodes: 0
active_processor_count: 2
cpu_quota: no quota
cpu_period: 100000
cpu_shares: no shares
memory_limit_in_bytes: unlimited
memory_and_swap_limit_in_bytes: not supported
memory_soft_limit_in_bytes: unlimited
memory_usage_in_bytes: 838620 k
memory_max_usage_in_bytes: unlimited
kernel_memory_usage_in_bytes: unlimited
kernel_memory_max_usage_in_bytes: unlimited
kernel_memory_limit_in_bytes: unlimited
maximum number of tasks: unlimited
current number of tasks: 284

KVM virtualization detected
Steal ticks since vm start: 0
Steal ticks percentage since vm start:  0.000

CPU: total 2 (initial active 2) (2 cores per cpu, 1 threads per core) family 6 model 142 stepping 10 microcode 0x0, cx8, cmov, fxsr, mmx, 3dnowpref, sse, sse2, sse3, ssse3, sse4.1, sse4.2, popcnt, lzcnt, tsc, tscinvbit, avx, avx2, aes, clmul, bmi1, bmi2, vzeroupper, clflush, clflushopt, hv
CPU Model and flags from /proc/cpuinfo:
model name	: Intel(R) Core(TM) i5-8259U CPU @ 2.30GHz
flags		: fpu vme de pse tsc msr pae mce cx8 apic sep mtrr pge mca cmov pat pse36 clflush mmx fxsr sse sse2 ht syscall nx rdtscp lm constant_tsc rep_good nopl xtopology nonstop_tsc cpuid tsc_known_freq pni pclmulqdq ssse3 cx16 pcid sse4_1 sse4_2 x2apic movbe popcnt aes xsave avx rdrand hypervisor lahf_lm abm 3dnowprefetch invpcid_single pti fsgsbase bmi1 avx2 bmi2 invpcid rdseed clflushopt md_clear flush_l1d arch_capabilities

Online cpus: 0-1
Offline cpus: 
BIOS frequency limitation: <Not Available>
Frequency switch latency (ns): <Not Available>
Available cpu frequencies: <Not Available>
Current governor: <Not Available>
Core performance/turbo boost: <Not Available>

Memory: 4k page, physical 1008600k(49664k free), swap 2097148k(0k free)
Page Sizes: 4k

vm_info: OpenJDK 64-Bit Server VM (17.0.9+9) for linux-amd64 JRE (17.0.9+9), built on Oct 17 2023 00:00:00 by "admin" with gcc 10.3.0

END.
